[    0.000000] Initializing cgroup subsys cpuset
[    0.000000] Initializing cgroup subsys cpu
[    0.000000] Initializing cgroup subsys cpuacct
[    0.000000] Linux version 4.4.0-154-generic (buildd@lgw01-amd64-049) (gcc version 5.4.0 20160609 (Ubuntu 5.4.0-6ubuntu1~16.04.10) ) #181-Ubuntu SMP Tue Jun 25 05:29:03 UTC 2019 (Ubuntu 4.4.0-154.181-generic 4.4.179)
[    0.000000] Command line: BOOT_IMAGE=/boot/vmlinuz-4.4.0-154-generic root=LABEL=cloudimg-rootfs ro console=tty1 console=ttyS0
[    0.000000] KERNEL supported cpus:[    0.000000]   Intel GenuineIntel
[    0.000000]   AMD AuthenticAMD
[    0.000000]   Centaur CentaurHauls
[    0.000000] x86/fpu: Legacy x87 FPU detected.
[    0.000000] e820: BIOS-provided physical RAM map:
[    0.000000] BIOS-e820: [mem 0x0000000000000000-0x000000000009fbff] usable
[    0.000000] BIOS-e820: [mem 0x000000000009fc00-0x000000000009ffff] reserved
[    0.000000] BIOS-e820: [mem 0x00000000000f0000-0x00000000000fffff] reserved
[    0.000000] BIOS-e820: [em 00000000000100000-0x000000003ffeffff uable
[    0.000000] BIOS-e820: [mem 0x000000003fff0000-0x000000003fffffff] ACPI data
[    0.000000] BIOS-e820: [mem 0x00000000fec00000-0x00000000fec00fff] reserved
[    0.000000] BIOS-e820: [mem 0x00000000fee00000-0x00000000fee00fff] reserved
[    0.000000] BIOS-e820: [mem 0x00000000fffc0000-0x00000000ffffffff] reserved
[    0.000000] NX (Execute Disable) protection: active
[    0.000000] SMBIOS 2.5 present.
[    0.000000] Hypervisor detected: KVM
[    0.000000] e820: last_pfn = 0x3fff0 max_arch_pfn = 0x400000000
[    0.000000] MTRR: Disabled
[    0.000000] x86/PAT: MTRRs disabled, skipping PAT initialization too.
[    0.000000] CPU MRRs all blank - virtualize system.
[     0.000000] x86/PAT: Cofiguration [0-7]: WB  WT  UC- UC  WB  WT  UC- UC  
[    0.000000] found SMP MP-table at [mem 0x0009fff0-0x0009ffff] mapped at [ffff88000009fff0]
[    0.000000] Scanning 1 areas for low memory corruption
[    0.000000] RAMDISK: [mem 0x362fa000-0x37174fff]
[    0.000000] ACPI: Early table checksum verification disabled
[    0.000000] ACPI: RSDP 0x00000000000E0000 000024 (v02 VBOX  )
[    0.000000] ACPI: XSDT 0x000000003FFF0030 00003C (v01 VBOX   VBOXXSDT 00000001 ASL  00000061)
[    0.000000] ACPI: FACP 0x000000003FFF00F0 0000F4 (v04 VBOX   VBOXFACP 00000001 ASL  00000061)
[    0.000000] ACPI: DSDT 0x000000003FFF0470 0021FF (v02 VBOX   VBOXBIOS 00000002 INTL 20180105)
[    0.000000] ACPI: FACS 0x000000003FFF0200 000040
[    0.000000] ACPI: FACS 0x000000003FFF0200 000040
[    0.000000] ACPI: APIC 0x000000003FFF0240 00005C (v02 VBOX   VBOXAPIC 00000001 ASL  00000061)
[    0.000000] ACPI: SSDT 0x000000003FFF02A0 0001CC (v01 VBOX   VBOXCPUT 00000002 INTL 20180105)
[    0.000000] No NUMA configuration found
[    0.000000] Faking a node at [mem 0x0000000000000000-0x000000003ffeffff]
[    0.000000] NODE_DATA(0) allocated [mem 0x3ffeb000-0x3ffeffff]
[    0.000000] kvm-clock: Using msrs 4b564d01 and 4b564d00
[    0.000000] kvm-clock: cpu 0, msr 0:3ffe3001, primary cpu clock
[    0.000000] kvm-clock: using sched offset of 4924469637 cycles
[    0.000000] clocksource: kvm-clock: mask: 0xffffffffffffffff max_cycles: 0x1cd42e4dffb, max_idle_ns: 881590591483 ns
[    0.000000] Zone ranges:
[    0.000000]   DMA      [mem 0x0000000000001000-0x0000000000ffffff]
[    0.000000]   DMA32    [mem 0x0000000001000000-0x000000003ffeffff]
[    0.000000]   Normal   empty
[    0.000000]   Device   empty
[    0.000000] Movable zone start for each node
[    0.000000] Early memory node ranges
[    0.000000]   node   0: [mem 0x0000000000001000-0x000000000009efff]
[    0.000000]   node   0: [mem 0x0000000000100000-0x000000003ffeffff]
[    0.000000] Initmem setup node 0 [mem 0x0000000000001000-0x000000003ffeffff]
[    0.000000] ACPI: PM-Timer IO Port: 0x4008
[    0.000000] IOAPIC[0]: apic_id 2, version 32, address 0xfec00000, GSI 0-23
[    0.000000] ACPI: INT_SRC_OVR (bus 0 bus_irq 0 global_irq 2 dfl dfl)
[    0.000000] ACPI: INT_SRC_OVR (bus 0 bus_irq 9 global_irq 9 low level)
[    0.000000] Using ACPI (MADT) for SMP configuration information
[    0.000000] smpboot: Allowing 2 CPUs, 0 hotplug CPUs
[    0.000000] PM: Registered nosave memory: [mem 0x00000000-0x00000fff]
[    0.000000] PM: Registered nosave memory: [mem 0x0009f000-0x0009ffff]
[    0.000000] PM: Registered nosave memory: [mem 0x000a0000-0x000effff]
[    0.000000] PM: Registered nosave memory: [mem 0x000f0000-0x000fffff]
[    0.000000] e820: [mem 0x40000000-0xfebfffff] available for PCI devices
[    0.000000] Booting paravirtualized kernel on KVM
[    0.000000] clocksource: refined-jiffies: mask: 0xffffffff max_cycles: 0xffffffff, max_idle_ns: 7645519600211568 ns
[    0.000000] setup_percpu: NR_CPUS:512 nr_cpumask_bits:512 nr_cpu_ids:2 nr_node_ids:1
[    0.000000] PERCPU: Embedded 34 pages/cpu @ffff88003fc00000 s99480 r8192 d31592 u1048576
[    0.000000] Built 1 zonelists in Node order, mobility grouping on.  Total pages: 257912
[    0.000000] Policy zone: DMA32
[    0.000000] Kernel command line: BOOT_IMAGE=/boot/vmlinz-4.4.0-154-generic root=LABEL=cloudimg-rootfs ro console=ty1 console=ttyS0
[    0.000000] PID hash table entries: 4096 (order: 3, 32768 bytes)
[    0.000000] Memory: 997732K/1048120K available (8613K kernel code 1335K rwdata, 4028K rodata, 1484K init, 1284K bss, 50388K reserved, 0K cma-reserved)
[    0.000000] SLUB: HWalign=64, Order=0-3, MinObjects=0, CPUs=2, Nodes=1
[    0.000000] Kernel/User page tables isolation: enabled
[    0.000000] Hierarchical RCU implementation.
[    0.000000] 	Build-time adjustment of leaf fanout to 64.
[    0.000000] 	RCU restricting CPUs from NR_CPUS=512 to nr_cpu_ids=2.
[    0.000000] RCU: Adjusting geometry for rcu_fanout_leaf=64, nr_cpu_ids=2
[    0.000000] NR_IRQS:33024 nr_irqs:440 16
[    0.000000] Console: colour VGA+ 80x25
[    0.000000] console [tty1] enabled
[    0.000000] console [ttyS0] enabled
[    0.000000] tsc: Detected 2992.498 MHz processor
[    1.933386] Calibrating delay loop (skipped) preset value.. 5984.99 BogoMIPS (lpj=11969992)
[    1.936279] pid_max: default: 32768 minimum: 301
[    1.937805] ACPI: Core revision 20150930
[    1.961575] ACPI: 2 ACPI AML tables successfully acquired and loaded
[    1.975837] Security Framework initialized
[    1.977254] Yama: becoming mindful.
[    1.978619] AppArmor: AppArmor initialized
[    2.043995] Dentry cache hash table entries: 131072 (order: 8, 1048576 bytes)
[    2.074605] Inode-cache hash table entries: 65536 (order: 7, 524288 bytes)
[    2.076905] Mount-cache hash table entries: 2048 (order: 2, 16384 bytes)
[    2.078885] Mountpoint-cache hash table entries: 2048 (order: 2, 16384 bytes)
[    2.168866] Initializing cgroup subsys io
[    2.170282] Initializing cgroup subsys memory
[    2.171809] Initializing cgroup subsys devices
[    2.173303] Initializing cgroup subsys freezer
[    2.174807] Initializing cgroup subsys net_cls
[    2.237382] Initializing cgroup subsys perf_event
[    2.311703] Initializing cgroup subsys net_prio
[    2.399051] Initializing cgroup subsys hugetlb
[    2.471379] Initializing cgroup subsys pids
[    2.472926] mce: CPU supports 0 MCE banks
[    2.532048] Last level iTLB entries: 4KB 128, 2MB 4, 4MB 4
[    2.533793] Last level dTLB entries: 4KB 256, 2MB 0, 4MB 32, 1GB 0
[    2.535664] Spectre V2 : Mitigation: Full generic retpoline
[    2.537392] Spectre V2 : Spectre v2 / SpectreRSB mitigation: Filling RSB on context switch
[    2.540173] Speculative Store Bypass: Vulnerable
[    2.542621] MDS: Vulnerable: Clear CPU buffers attempted, no microcode
[    2.588672] Freeing SMP alternatives memory: 36K
[    2.597896] ftrace: allocating 32299 entries in 127 pages
[    2.668300] smpboot: APIC(0) Converting physical 0 to logical package 0
[    2.699946] smpboot: Max logical packages: 1
[    2.701980] x2apic enabled
[    2.703646] Switched APIC routing to physical x2apic.
[    2.707822] ..TIMER: vector=0x30 apic1=0 pin1=2 apic2=-1 pin2=-1
[    2.815003] smpboot: CPU0: Intel(R) Core(TM)2 Duo CPU     E8400  @ 3.00GHz (family: 0x6, model: 0x17, stepping: 0xa)
[    2.829367] Performance Events: unsupported p6 CPU model 23 no PMU driver, software events only.
[    2.933172] KVM setup paravirtual spinlock
[    3.001726] x86: Booting SMP configuration:
[    3.003176] .... node  #0, CPUs:      #1
[    3.004545] kvm-clock: cpu 1, msr 0:3ffe3041, secondary cpu clock
[    3.016044] mce: CPU supports 0 MCE banks
[    3.019216] x86: Booted up 1 node, 2 CPUs
[    3.021109] smpboot: Total of 2 processors activated (11969.99 BogoMIPS)
[    3.023694] devtmpfs: initialized
[    3.027747] evm: security.selinux
[    3.029003] evm: security.SMACK64
[    3.030261] evm: security.SMACK64EXEC
[    3.031585] evm: security.SMACK64TRANSMUTE
[    3.033001] evm: security.SMACK64MMAP
[    3.034342] evm: security.ima
[    3.035519] evm: security.capability
[    3.037006] clocksource: jiffies: mask: 0xffffffff max_cycles: 0xffffffff, max_idle_ns: 7645041785100000 ns
[    3.040194] futex hash table entries: 512 (order: 3, 32768 bytes)
[    3.042244] pinctrl core: initialized pinctrl subsystem
[    3.044122] RTC time: 17:23:32, date: 08/22/19
[    3.046032] NET: Registered protocol family 16
[    3.059372] cpuidle: using governor ladder
[    3.075528] cpuidle: using governor menu
[    3.077009] PCCT header not found.
[    3.078327] ACPI: bus type PCI registered
[    3.079736] acpiphp: ACPI Hot Plug PCI Controller Driver version: 0.5
[    3.081779] PCI: Using configuration type 1 for base access
[    3.099695] ACPI: Added _OSI(Module Device)
[    3.101128] ACPI: Added _OSI(Processor Device)
[    3.102629] ACPI: Added _OSI(3.0 _SCP Extensions)
[    3.156128] ACPI: Added _OSI(Processor Aggregator Device)
[    3.265867] ACPI: Executed 1 blocks of module-level executable AML code
[    3.288611] ACPI: Interpreter enabled
[    3.289946] ACPI: (supports S0 S5)
[    3.291215] ACPI: Using IOAPIC for interrupt routing
[    3.385016] PCI: Using host bridge windows from ACPI; if necessary, use "pci=nocrs" and report a bug
[    3.392584] ACPI: PCI Root Bridge [PCI0] (domain 0000 [bus 00-ff])
[    3.461713] acpi PNP0A03:00: _OSC: OS supports [ASPM ClockPM Segments MSI]
[    3.463745] acpi PNP0A03:00: _OSC: not requesting OS control; OS requires [ExtendedConfig ASPM ClockPM MSI]
[    3.466812] acpi PNP0A03:00: fail to add MMCONFIG information, can't access extended PCI configuration space under this bridge.
[    3.594816] PCI host bridge to bus 0000:00
[    3.613551] pci_bus 0000:00: root bus resource [io  0x0000-0x0cf7 window]
[    3.615542] pci_bus 0000:00: root bus resource [io  0x0d00-0xffff window]
[    3.617514] pci_bus 0000:00: root bus resource [mem 0x000a0000-0x000bffff window]
[    3.620106] pci_bus 0000:00: root bus resource [mem 0x40000000-0xfdffffff window]
[    3.622704] pci_bus 0000:00: root bus resource [bus 00-ff]
[    3.627619] pci 0000:00:01.1: legacy IDE quirk: reg 0x10: [io  0x01f0-0x01f7]
[    3.629672] pci 0000:00:01.1: legacy IDE quirk: reg 0x14: [io  0x03f6]
[    3.631613] pci 0000:00:01.1: legacy IDE quirk: reg 0x18: [io  0x0170-0x0177]
[    3.633694] pci 0000:00:01.1: legacy IDE quirk: reg 0x1c: [io  0x0376]
[    3.659577] pci 0000:00:07.0: quirk: [io  0x4000-0x403f] claimed by PIIX4 ACPI
[    3.665527] pci 0000:00:07.0: quirk: [io  0x4100-0x410f] claimed by PIIX4 SMB
[    3.675664] ACPI: PCI Interrupt Link [LNKA] (IRQs 5 9 10 *11)
[    3.681741] ACPI: PCI Interrupt Link [LNKB] (IRQs 5 9 *10 11)
[    3.684193] ACPI: PCI Interrupt Link [LNKC] (IRQs 5 *9 10 11)
[    3.686624] ACPI: PCI Interrupt Link [LNKD] (IRQs 5 9 10 *11)
[    3.689158] ACPI: Enabled 2 GPEs in block 00 to 07
[    3.714389] vgaarb: setting as boot device: PCI:0000:00:02.0
[    3.716153] vgaarb: device added: PCI:0000:00:02.0,decodes=io+mem,owns=io+mem,locks=none
[    3.718918] vgaarb: loaded
[    3.720060] vgaarb: bridge control possible 0000:00:02.0
[    3.722376] SCSI subsystem initialized
[    3.724193] ACPI: bus type USB registered
[    3.725649] usbcore: registered new interface driver usbfs
[    3.727415] usbcore: registered new interface driver hub
[    3.729110] usbcore: registered new device driver usb
[    3.754374] PCI: Using ACPI for IRQ routing
[    3.757616] NetLabel: Initializing
[    3.758900] NetLabel:  domain hash size = 128
[    3.783889] NetLabel:  protocols = UNLABELED CIPSOv4
[    3.842130] NetLabel:  unlabeled traffic allowed by default
[    3.844264] amd_nb: Cannot enumerate AMD northbridges
[    3.846012] clocksource: Switched to clocksource kvm-clock
[    3.887144] AppArmor: AppArmor Filestem Enabled
[    4.035068] pnp: PnP ACPI init
[    4.037315] pnp: PnP ACPI: found 3 devices

[    4.053193] clocksource: acpi_pm: mask: 0xffffff max_cycles: 0xffffff, max_idle_ns: 2085701024 ns
[    4.068723] NET: Registered protocol family 2
[    4.070702] TCP established hash table entries: 8192 (order: 4, 65536 bytes)
[    4.072837] TCP bind hash table entries: 8192 (order: 5, 131072 bytes)
[    4.074852] TCP: Hash tables configured (established 8192 bind 8192)
[    4.076924] UDP hash table entries: 512 (order: 2, 16384 bytes)
[    4.078867] UDP-Lite hash tablentries: 512 (order: 2, 16384 bytes)
[    4.142350] NET: Registered protocol family 1
[    4.143947] pci 0000:00:00.0: Limiting direct PCI/PCI transfers
[    4.145873] pci 0000:00:01.0: Activating ISA DMA hang workarounds
[    4.148079] Unpacking initramfs...
[  4.399901] Freeing initrd memory: 14828K
[    4.459938] clocksource: tsc: mask: 0xffffffffffffffff max_cycles: 0x2b2296bc2b9, max_idle_ns: 440795321505 ns
[    4.463144] platform rtc_cmos: registered platform RTC device (no PNP device found)
[    4.465878] Scanning for low memory corruption every 60 seconds

[    4.469326] audit: initializing netlink subsys (disabled)
[    4.476231] audit: type=2000 audit(1566494617.097:1): initialized
[    4.478526] Initialise system trusted keyring
[    4.480245] HugeTLB registered 2 MB page size, pre-allocated 0 pages
[    4.484141] zbud: loaded
[    4.485616] VFS: Disk quotas dquot_6.6.0
[    4.492540] VFS: Dquot-cache hash table entries: 512 (order 0, 4096 bytes)
[    4.496120] squashfs: version 4.0 (2009/01/31) Phillip Lougher
[    4.498454] fuse init (API version 7.23)
[    4.500162] Key type big_key registered
[    4.501608] Allocating IMA MOK and blacklist keyrings.
[    4.505067] Key type asymmetric registered
[    4.506602] Asymmetric key parser 'x509' registered
[    4.508313] Block layer SCSI generic (bsg) driver version 0.4 loaded (major 249)
[    4.511188] io scheduler noop registered
[    4.512625] io scheduler deadline registered (default)
[    4.564358] io scheduler cfq registered
[    4.565936] pci_hotplug: PCI Hot Plug PCI Core version: 0.5
[    4.592996] pciehp: PCI Express Hot Plug Controller Driver version: 0.4
[    4.595272] ACPI: AC Adapter [AC] (on-line)
[    4.596873] input: Power Button as /devices/LNXSYSTM:00/LNXPWRBN:00/input/input0
[    4.599627] ACPI: Power Button [PWRF]
[    4.601096] input: Sleep Button as /devices/LNXSYSTM:00/LNXSLPBN:00/input/input1
[    4.634646] ACPI: Sleep Button [SLPF]
[    4.664897] GHES: HEST is not enabled!
[    4.666549] Serial: 8250/16550 driver, 32 ports, IRQ sharing enabled
[    4.691549] 00:02: ttyS0 at I/O 0x3f8 (irq = 4, base_baud = 115200) is a 16550A
[    4.718113] Linux agpgart interface v0.103
[    4.722647] loop: module loaded
[    4.724898] scsi host0: ata_piix
[    4.726392] scsi host1: ata_piix
[    4.727744] ata1: PATA max UDMA/33 cmd 0x1f0 ctl 0x3f6 bmdma 0xd000 irq 14
[    4.729846] ata2: PATA max UDMA/33 cmd 0x170 ctl 0x376 bmdma 0xd008 irq 15
[    4.732201] libphy: Fixed MDIO Bus: probed
[    4.744364] tun: Universal TUN/TAP device driver, 1.6
[    4.754747] tun: (C) 1999-2004 Max Krasnyansky <maxk@qualcomm.com>
[    4.756755] PPP generic driver version 2.4.2
[    4.758436] ehci_hcd: USB 2.0 'Enhanced' Host Controller (EHCI) Driver
[    4.760500] ehci-pci: EHCI PCI platform driver
[    4.762083] ehci-platform: EHCI generic platform driver
[    4.763895] ohci_hcd: USB 1.1 'Open' Host Controller (OHCI) Driver
[    4.765864] ohci-pci: OHCI PCI platform driver
[    4.767503] ohci-platform: OHCI generic platform driver
[    4.774645] uhci_hcd: USB Universal Host Controller Interface driver
[    4.776726] i8042: PNP: PS/2 Controller [PNP0303:PS2K,PNP0f03:PS2M] at 0x60,0x64 irq 1,12
[    4.780427] serio: i8042 KBD port at 0x60,0x64 irq 1
[    4.782132] serio: i8042 AUX port at 0x60,0x64 irq 12
[    4.784060] mousedev: PS/2 mouse device common for all mice
[    4.786710] input: AT Translated Set 2 keyboard as /devices/platform/i8042/serio0/input/input2
[    4.789953] rtc_cmos rtc_cmos: rtc core: registered rtc_cmos as rtc0
[    4.792114] rtc_cmos rtc_cmos: alarms up to one day, 114 bytes nvram
[    4.804161] i2c /dev entries driver
[    4.805626] device-mapper: uevent: version 1.0.3
[    4.807406] device-mapper: ioctl: 4.34.0-ioctl (2015-10-28) initialised: dm-devel@redhat.com
[    4.810400] ledtrig-cpu: registered to indicate activity on CPUs
[    4.813075] NET: Registered protocol family 10
[    4.815140] NET: Registered protocol family 17
[    4.816722] Key type dns_resolver registered
[    4.818613] registered taskstats version 1
[    5.044156] Loading compiled-in X.509 certificates
[    5.046988] Loaded X.509 cert 'Build time autogenerated kernel key: 65139e04a67245b562a838c28b5e7032abdd4348'
[    5.111070] zswap: loaded using pool lzo/zbud
[    5.135125] Key type trusted registered
[    5.178158] Key type encrypted registered
[    5.184493] AppArmor: AppArmor sha1 policy hashing enabled
[    5.186373] ima: No TPM chip found, activating TPM-bypass!
[    5.188183] ima: Allocated hash algorithm: sha1
[    5.189794] evm: HMAC attrs: 0x1
[    5.191578]   Magic number: 15:292:391
[    5.193150] rtc_cmos rtc_cmos: setting system clock to 2019-08-22 17:23:35 UTC (1566494615)
[    5.205125] BIOS EDD facility v0.16 2004-Jun-25, 0 devices found
[    5.224215] EDD information not available.
[    5.269721] Freeing unused kernel memory: 1484K
[    5.286061] Write protecting the kernel read-only data: 14336k
[    5.301746] Freeing unused kernel memory: 1616K
[    5.303697] Freeing unused kernel memory: 68K
Loading, please wait...
starting version 229
[    5.446997] random: systemd-udevd: uninitialized urandom read (16 bytes read, 2 bits of entropy available)
[    5.453772] random: systemd-udevd: uninitialized urandom read (16 bytes read, 2 bits of entropy available)
[    5.457066] random: udevadm: uninitialized urandom read (16 bytes read, 2 bits of entropy available)
[    5.457280] random: udevadm: uninitialized urandom read (16 bytes read, 2 bits of entropy available)
[    5.468640] random: systemd-udevd: uninitialized urandom read (16 bytes read, 2 bits of entropy available)
[    5.473789] random: systemd-udevd: uninitialized urandom read (16 bytes read, 2 bits of entropy available)
[    5.508575] random: systemd-udevd: uninitialized urandom read (16 bytes read, 2 bits of entropy available)
[    5.513898] random: systemd-udevd: uninitialized urandom read (16 bytes read, 2 bits of entropy available)
[    5.519258] random: systemd-udevd: uninitialized urandom read (16 bytes read, 2 bits of entropy available)
[    5.530477] random: systemd-udevd: uninitialized urandom read (16 bytes read, 2 bits of entropy available)
[    5.837740] Fusion MPT base driver 3.04.20
[    5.840159] Copyright (c) 1999-2008 LSI Corporation
[    5.860423] e1000: Intel(R) PRO/1000 Network Driver - version 7.3.21-k8-NAPI
[    5.863794] e1000: Copyright (c) 1999-2006 Intel Corporation.
[    5.901473] Fusion MPT SPI Host driver 3.04.20
[    6.056052] input: ImExPS/2 Generic Explorer Mouse as /devices/platform/i8042/serio1/input/input4
[    6.365852] e1000 0000:00:03.0 eth0: (PCI:33MHz:32-bit) 02:1e:e5:6d:71:21
[    6.434626] e1000 0000:00:03.0 eth0: Intel(R) PRO/1000 Network Connection
[    6.438430] mptbase: ioc0: Initiating bringup
[    6.441575] e1000 0000:00:03.0 enp0s3: renamed from eth0
[    6.506525] ioc0: LSI53C1030 A0: Capabilities={Initiator}
[    6.668019] scsi host2: ioc0: LSI53C1030 A0, FwRev=00000000h, Ports=1, MaxQ=256, IRQ=20
[    6.782975] scsi 2:0:0:0: Direct-Access     VBOX     HARDDISK         1.0  PQ: 0 ANSI: 5
[    6.795393] scsi target2:0:0: Beginning Domain Validation
[    6.798750] scsi target2:0:0: Domain Validation skipping write tests
[    6.800646] scsi target2:0:0: Ending Domain Validation
[    6.802370] scsi target2:0:0: asynchronous
[    6.804404] scsi 2:0:1:0: Direct-Access     VBOX     HARDDISK         1.0  PQ: 0 ANSI: 5
[    6.807165] scsi target2:0:1: Beginning Domain Validation
[    6.810651] scsi target2:0:1: Domain Validation skipping write tests
[    6.812567] scsi target2:0:1: Ending Domain Validation
[    6.824323] scsi target2:0:1: asynchronous
[    6.833772] sd 2:0:0:0: Attached scsi generic sg0 type 0
[    6.835929] sd 2:0:0:0: [sda] 20971520 512-byte logical blocks: (10.7 GB/10.0 GiB)
[    6.840262] sd 2:0:0:0: [sda] Write Protect is off
[    6.840582] sd 2:0:1:0: [sdb] 20480 512-byte logical blocks: (10.5 MB/10.0 MiB)
[    6.840741] sd 2:0:1:0: [sdb] Write Protect is off
[    6.840850] sd 2:0:1:0: [sdb] Incomplete mode parameter data
[    6.840852] sd 2:0:1:0: [sdb] Assuming drive cache: write through
[    6.864722] sd 2:0:1:0: [sdb] Attached SCSI disk
[    6.867104] sd 2:0:1:0: Attached scsi generic sg1 type 0
[    6.928336] sd 2:0:0:0: [sda] Incomplete mode parameter data
[    6.930235] sd 2:0:0:0: [sda] Assuming drive cache: write through
[    6.937757]  sda: sda1
[    6.939844] sd 2:0:0:0: [sda] Attached SCSI disk
Begin: Loading essential drivers ... [    9.357432] md: linear personality registered for level -1
[    9.386577] md: multipath personality registered for level -4
[    9.415261] md: raid0 personality registered for level 0
[    9.451116] md: raid1 personality registered for level 1
[    9.558060] raid6: sse2x1   gen()  4283 MB/s
[    9.706034] raid6: sse2x1   xor()  4710 MB/s
[    9.774038] raid6: sse2x2   gen()  5369 MB/s
[    9.842028] raid6: sse2x2   xor()  5927 MB/s
[    9.910033] raid6: sse2x4   gen()  8623 MB/s
[    9.978034] raid6: sse2x4   xor()  6812 MB/s
[    9.979492] raid6: using algorithm sse2x4 gen() 8623 MB/s
[    9.981179] raid6: .... xor() 6812 MB/s, rmw enabled
[    9.982788] raid6: using ssse3x2 recovery algorithm
[    9.986441] xor: measuring software checksum speed
[   10.038028]    prefetch64-sse: 11955.000 MB/sec
[   10.078026]    generic_sse: 10794.000 MB/sec
[   10.079489] xor: using function: prefetch64-sse (11955.000 MB/sec)
[   10.091919] async_tx: api initialized (async)
[   10.134409] md: raid6 personality registered for level 6
[   10.137641] md: raid5 personality registered for level 5
[   10.140636] md: raid4 personality registered for level 4
[   10.219370] md: raid10 personality registered for level 10
done.
Begin: Running /scripts/init-premount ... done.
Begin: Mounting root file system ... Begin: Running /scripts/local-top ... done.
Begin: Running /scripts/local-premount ... [   10.378863] Btrfs loaded
Scanning for Btrfs filesystems
done.
Warning: fsck not present, so skipping root file system
[   10.608359] EXT4-fs (sda1): mounted filesystem with ordered data mode. Opts: (null)
done.
Begin: Running /scripts/local-bottom ... done.
Begin: Running /scripts/init-bottom ... done.
[   11.519397] systemd[1]: systemd 229 running in system mode. (+PAM +AUDIT +SELINUX +IMA +APPARMOR +SMACK +SYSVINIT +UTMP +LIBCRYPTSETUP +GCRYPT +GNUTLS +ACL +XZ -LZ4 +SECCOMP +BLKID +ELFUTILS +KMOD -IDN)
[   11.543674] systemd[1]: Detected virtualization oracle.
[   11.545349] systemd[1]: Detected architecture x86-64.

Welcome to [1mUbuntu 16.04.6 LTS[0m!

[   11.574746] systemd[1]: Set hostname to <ubuntu>.
[   11.594825] systemd[1]: Initializing machine ID from random generator.
[   11.596887] systemd[1]: Installed transient /etc/machine-id file.
[   11.886830] random: nonblocking pool is initialized
[   12.648974] systemd[1]: Set up automount Arbitrary Executable File Formats File System Automount Point.
[[0;32m  OK  [0m] Set up automount Arbitrary Executab...ats File System Automount Point.
[   12.789060] systemd[1]: Listening on LVM2 metadata daemon socket.
[[0;32m  OK  [0m] Listening on LVM2 metadata daemon socket.
[   12.813067] systemd[1]: Started Trigger resolvconf update for networkd DNS.
[[0;32m  OK  [0m] Started Trigger resolvconf update for networkd DNS.
[   12.840940] systemd[1]: Reached target Encrypted Volumes.
[[0;32m  OK  [0m] Reached target Encrypted Volumes.
[   12.844707] systemd[1]: Listening on Journal Socket (/dev/log).
[[0;32m  OK  [0m] Listening on Journal Socket (/dev/log).
[   12.848605] systemd[1]: Listening on Syslog Socket.
[[0;32m  OK  [0m] Listening on Syslog Socket.
[   12.852155] systemd[1]: Listening on /dev/initctl Compatibility Named Pipe.
[[0;32m  OK  [0m] Listening on /dev/initctl Compatibility Named Pipe.
[   12.856434] systemd[1]: Listening on LVM2 poll daemon socket.
[[0;32m  OK  [0m] Listening on LVM2 poll daemon socket.
[   12.860367] systemd[1]: Listening on Journal Audit Socket.
[[0;32m  OK  [0m] Listening on Journal Audit Socket.
[   12.878404] systemd[1]: Reached target Swap.
[[0;32m  OK  [0m] Reached target Swap.
[   12.925118] systemd[1]: Listening on udev Kernel Socket.
[[0;32m  OK  [0m] Listening on udev Kernel Socket.
[   12.930700] systemd[1]: Listening on Device-mapper event daemon FIFOs.
[[0;32m  OK  [0m] Listening on Device-mapper event daemon FIFOs.
[   12.936994] systemd[1]: Reached target User and Group Name Lookups.
[[0;32m  OK  [0m] Reached target User and Group Name Lookups.
[   12.944214] systemd[1]: Created slice System Slice.
[[0;32m  OK  [0m] Created slice System Slice.
[   12.949667] systemd[1]: Created slice system-serial\x2dgetty.slice.
[[0;32m  OK  [0m] Created slice system-serial\x2dgetty.slice.
[   12.987573] systemd[1]: Listening on Journal Socket.
[[0;32m  OK  [0m] Listening on Journal Socket.
[   13.019551] systemd[1]: Starting Uncomplicated firewall...
         Starting Uncomplicated firewall...
[   13.031124] systemd[1]: Starting Nameserver information manager...
         Starting Nameserver information manager...
[   13.063947] systemd[1]: Mounting POSIX Message Queue File System...
         Mounting POSIX Message Queue File System...
[   13.138518] systemd[1]: Mounting Huge Pages File System...
         Mounting Huge Pages File System...
[   13.163440] systemd[1]: Starting Journal Service...
         Starting Journal Service...
[   13.195854] systemd[1]: Starting Load Kernel Modules...
         Starting Load Kernel Modules...
[   13.212421] systemd[1]: Starting Create list of required static device nodes for the current kernel...
         Starting Create list of required st... nodes for the current kernel...
[   13.231476] systemd[1]: Mounting Debug File System...
         Mounting Debug File System...
[   13.253372] systemd[1]: Starting Remount Root and Kernel File Systems...
         Starting Remount Root and Kernel File Systems...
[   13.283661] systemd[1]: Started Forward Password Requests to Wall Directory Watch.
[[0;32m  OK  [0m] Started Forward Password Requests to Wall Directory Watch.
[   13.324249] systemd[1]: Reached target System Time Synchronized.
[[0;32m  OK  [0m] Reached target System Time Synchronized.
[   13.339192] EXT4-fs (sda1): re-mounted. Opts: (null)
[   13.391411] systemd[1]: Starting Set console keymap...
         Starting Set console keymap...
[   13.398997] systemd[1]: Listening on udev Control Socket.
[[0;32m  OK  [0m] Listening on udev Control Socket.
[   13.408104] systemd[1]: Created slice User and Session Slice.
[[0;32m  OK  [0m] Created slice User and Session Slice.
[   13.417727] systemd[1]: Reached target Slices.
[[0;32m  OK  [0m] Reached target Slices.
[   13.438838] Loading iSCSI transport class v2.0-870.
[   13.478614] systemd[1]: Starting Monitoring of LVM2 mirrors, snapshots etc. using dmeventd or progress polling...
         Starting Monitoring of LVM2 mirrors... dmeventd or progress polling...
[   13.537457] iscsi: registered transport (tcp)
[   13.541690] systemd[1]: Mounted POSIX Message Queue File System.
[[0;32m  OK  [0m] Mounted POSIX Message Queue File System.
[   13.563155] systemd[1]: Mounted Huge Pages File System.
[[0;32m  OK  [0m] Mounted Huge Pages File System.
[   13.575572] systemd[1]: Mounted Debug File System.
[[0;32m  OK  [0m] Mounted Debug File System.
[   13.582535] systemd[1]: Started Journal Service.
[[0;32m  OK  [0m] Started Journal Service.
[[0;32m  OK  [0m] Started Uncomplicated firewall.
[[0;32m  OK  [0m] Started Create list of required sta...ce nodes for the current kernel.
[[0;32m  OK  [0m] Started Remount Root and Kernel File Systems.
[[0;32m  OK  [0m] Started Nameserver information manager.
[   13.778892] iscsi: registered transport (iser)
[[0;32m  OK  [0m] Started Load Kernel Modules.
         Starting Apply Kernel Variables...
         Mounting FUSE Control File System...
[[0;32m  OK  [0m] Started LVM2 metadata daemon.
         Starting udev Coldplug all Devices...
         Starting Load/Save Random Seed...
         Starting Create Static Device Nodes in /dev...
         Starting Flush Journal to Persistent Storage...
[[0;32m  OK  [0m] Mounted FUSE Control File System.
[[0;32m  OK  [0m] Started Set console keymap.
[[0;32m  OK  [0m] Started Apply Kernel Variables.
[[0;32m  OK  [0m] Started Monitoring of LVM2 mirrors,...ng dmeventd or progress polling.
[[0;32m  OK  [0m] Started Load/Save Random Seed.
[[0;32m  OK  [0m] Started Create Static Device Nodes in /dev.
[[0;32m  OK  [0m] Started Flush Journal to Persistent Storage.
[[0;32m  OK  [0m] Reached target Local File Systems (Pre).
[[0;32m  OK  [0m] Reached target Local File Systems.
         Starting Tell Plymouth To Write Out Runtime Data...
         Starting Initial cloud-init job (pre-networking)...
         Starting LSB: AppArmor initialization...
         Starting Create Volatile Files and Directories...
         Starting Set console font and keymap...
         Starting Commit a transient machine-id on disk...
         Starting udev Kernel Device Manager...
[[0;32m  OK  [0m] Started Tell Plymouth To Write Out Runtime Data.
[[0;32m  OK  [0m] Started udev Coldplug all Devices.
[[0;32m  OK  [0m] Started Commit a transient machine-id on disk.
[[0;32m  OK  [0m] Started Create Volatile Files and Directories.
         Starting Update UTMP about System Boot/Shutdown...
[[0;32m  OK  [0m] Started Update UTMP about System Boot/Shutdown.
[[0;32m  OK  [0m] Started udev Kernel Device Manager.
[[0;32m  OK  [0m] Started Dispatch Password Requests to Console Directory Watch.
[[0;32m  OK  [0m] Found device /dev/ttyS0.
[[0;32m  OK  [0m] Listening on Load/Save RF Kill Switch Status /dev/rfkill Watch.
[[0;32m  OK  [0m] Started LSB: AppArmor initialization.
[   18.005661] cloud-init[458]: Cloud-init v. 19.1-1-gbaa47854-0ubuntu1~16.04.1 running 'init-local' at Thu, 22 Aug 2019 17:23:50 +0000. Up 16.38 seconds.
[[0;32m  OK  [0m] Started Initial cloud-init job (pre-networking).
[[0;32m  OK  [0m] Reached target Network (Pre).
         Starting Raise network interfaces...
[[0;32m  OK  [0m] Started Set console font and keymap.
[[0;32m  OK  [0m] Created slice system-getty.slice.
[[0;32m  OK  [0m] Started Raise network interfaces.
         Starting Initial cloud-init job (metadata service crawler)...
[[0;32m  OK  [0m] Reached target Network.
[   24.616620] cloud-init[941]: Cloud-init v. 19.1-1-gbaa47854-0ubuntu1~16.04.1 running 'init' at Thu, 22 Aug 2019 17:23:55 +0000. Up 21.70 seconds.
[   24.713122] cloud-init[941]: ci-info: ++++++++++++++++++++++++++++++++++++++Net device info++++++++++++++++++++++++++++++++++++++
[   24.728984] cloud-init[941]: ci-info: +--------+------+----------------------------+---------------+--------+-------------------+
[   24.749187] cloud-init[941]: ci-info: | Device |  Up  |          Address           |      Mask     | Scope  |     Hw-Address    |
[   24.761097] cloud-init[941]: ci-info: +--------+------+----------------------------+---------------+--------+-------------------+
[   24.845311] cloud-init[941]: ci-info: | enp0s3 | True |         10.0.2.15          | 255.255.255.0 | global | 02:1e:e5:6d:71:21 |
[[0;32m  OK  [0m] Started Initial cloud-init job (metadata service crawler).
[   24.867710] cloud-init[941]: ci-info: | enp0s3 | True | fe80::1e:e5ff:fe6d:7121/64 |       .       |  link  | 02:1e:e5:6d:71:21 |
[   24.886597] cloud-init[941]: ci-info: |   lo   | True |         127.0.0.1          |   255.0.0.0   |  host  |         .         |
[   24.988738] cloud-init[941]: ci-info: |   lo   | True |          ::1/128           |       .       |  host  |         .         |
[[0;32m  OK  [0m] Reached target System Initialization.
[   24.989118] cloud-init[941]: ci-info: +--------+------+----------------------------+---------------+--------+-------------------+
         Starting LXD - unix socket.
[   25.044871] cloud-init[941]: ci-info: +++++++++++++++++++++++++++Route IPv4 info++++++++++++++++++++++++++++
[[0;32m  OK  [0m] Listening on ACPID Listen Socket.
[   25.134971] cloud-init[941]: ci-info: +-------+-------------+----------+---------------+-----------+-------+
[   25.165242] cloud-init[941]: ci-info: | Route | Destination | Gateway  |    Genmask    | Interface | Flags |
[   25.168357] cloud-init[941]: ci-info: +-------+-------------+----------+---------------+-----------+-------+
[   25.171343] cloud-init[941]: ci-info: |   0   |   0.0.0.0   | 10.0.2.2 |    0.0.0.0    |   enp0s3  |   UG  |
[   25.174289] cloud-init[941]: ci-info: |   1   |   10.0.2.0  | 0.0.0.0  | 255.255.255.0 |   enp0s3  |   U   |
[   25.181238] cloud-init[941]: ci-info: +-------+-------------+----------+---------------+-----------+-------+
[   25.181668] cloud-init[941]: ci-info: +++++++++++++++++++Route IPv6 info+++++++++++++++++++
[   25.183634] cloud-init[941]: ci-info: +-------+-------------+---------+-----------+-------+
[   25.188599] cloud-init[941]: ci-info: | Route | Destination | Gateway | Interface | Flags |
[   25.189454] cloud-init[941]: ci-info: +-------+-------------+---------+-----------+-------+
[[0;32m  OK  [0m] Started Daily apt download activities.
[   25.191743] cloud-init[941]: ci-info: |   0   |  fe80::/64  |    ::   |   enp0s3  |   U   |
[   25.328990] cloud-init[941]: ci-info: |   4   |   ff00::/8  |    ::   |   enp0s3  |   U   |
[[0;32m  OK  [0m] Started ACPI Events Check.
[   25.329400] cloud-init[941]: ci-info: +-------+-------------+---------+-----------+-------+
[   25.501331] cloud-init[941]: Generating public/private rsa key pair.
[[0;32m  OK  [0m] Reached target Paths.
[   25.568533] cloud-init[941]: Your identification has been saved in /etc/ssh/ssh_host_rsa_key.
[   25.618813] cloud-init[941]: Your public key has been saved in /etc/ssh/ssh_host_rsa_key.pub.
[   25.669533] cloud-init[941]: The key fingerprint is:
[[0;32m  OK  [0m] Started Daily apt upgrade and clean activities.
[   25.669910] cloud-init[941]: SHA256:z4C/NmcPu+0XILiGuVJRhOyrdiZl7Xb/zxR2h/lM3tA root@ubuntu-xenial
[   25.768557] cloud-init[941]: The key's randomart image is:
[[0;32m  OK  [0m] Listening on D-Bus System Message Bus Socket.
[   25.768959] cloud-init[941]: +---[RSA 2048]----+
[[0;32m  OK  [0m] Started Daily Cleanup of Temporary Directories.
[[0;32m  OK  [0m] Reached target Timers.
[   25.916563] cloud-init[941]: |     . o.        |
[   25.939700] cloud-init[941]: |      o .        |
[   25.944232] cloud-init[941]: |     . . .       |
[   25.948509] cloud-init[941]: |      o.. . .  + |
[   25.952851] cloud-init[941]: |      .*S. . .+oE|
         Starting Socket activation for snappy daemon.
[   25.958303] cloud-init[941]: |      B.++    o*=|
[   25.968252] cloud-init[941]: |     = +. +    .*|
[   25.977282] cloud-init[941]: |    = + =.++  .o |
[[0;32m  OK  [0m] Listening on UUID daemon activation socket.
[   25.985767] cloud-init[941]: |   . = o.=o==o..o|
[[0;32m  OK  [0m] Reached target Network is Online.
[   26.014173] cloud-init[941]: +----[SHA256]-----+
[   26.020459] cloud-init[941]: Generating public/private dsa key pair.
[   26.036349] cloud-init[941]: Your identification has been saved in /etc/ssh/ssh_host_dsa_key.
[   26.050303] cloud-init[941]: Your public key has been saved in /etc/ssh/ssh_host_dsa_key.pub.
[   26.050671] cloud-init[941]: The key fingerprint is:
[   26.061516] cloud-init[941]: SHA256:6j58feWLe2HenoonnFkd8WsMIJnbmrAevzfMUXRWhRA root@ubuntu-xenial
[   26.063462] cloud-init[941]: The key's randomart image is:
[   26.077643] cloud-init[941]: +---[DSA 1024]----+
         Starting iSCSI initiator daemon (iscsid)...
[[0;32m  OK  [0m] Reached target Cloud-config availability.
[[0;32m  OK  [0m] Listening on LXD - unix socket.
[[0;32m  OK  [0m] Listening on Socket activation for snappy daemon.
[[0;32m  OK  [0m] Reached target Sockets.
[[0;32m  OK  [0m] Reached target Basic System.
[   26.079860] cloud-init[941]: |          o Eo .=|
[   26.176525] cloud-init[941]: |         + . ..+ |
[   26.181215] cloud-init[941]: |          + o o o|
[   26.183592] [[0;32m  OK  [0m] Started ACPI event daemon.
cloud-init[941]: |       . . . o ..|
[   26.192451] cloud-init[941]: |        S o . + o|
[   26.203322] cloud-init[941]: |       + o . .+= |
[   26.215512] cloud-init[941]: |     .o o.+ ==.o |
[   26.218169] cloud-init[941]: |     .o....Xoo+ o|
[   26.220130] cloud-init[941]: |     .oo .oo*+o+.|
[   26.250999] cloud-init[941]: +----[SHA256]-----+
[   26.297493] cloud-init[941]: Generating public/private ecdsa key pair.
[   26.309004] cloud-init[941]: Your identification has been saved in /etc/ssh/ssh_host_ecdsa_key.
         Starting LSB: MD monitoring daemon...
[   26.313119] cloud-init[941]: Your public key has been saved in /etc/ssh/ssh_host_ecdsa_key.pub.
[   26.325624] cloud-init[941]: The key fingerprint is:
[   26.333101] cloud-init[941]: SHA256:ybgV2IhZW1VBaxtJkxAbuINi7zAXoxrf3Mstzk43tOI root@ubuntu-xenial
[   26.400750]          cloud-initStarting System Logging Service...
[941]: The key's randomart image is:
[   26.431730] cloud-init[941]: +---[ECDSA 256]---+
[[0;32m  OK  [0m] Started D-Bus System Message Bus.
[   26.480375] cloud-init[941]: |      . .o==*o   |
[   26.521287] cloud-init[941]: |     + *.  +.+   |
[   26.549666] cloud-init[941]: |    o +.o.. =    |
[   26.572861] cloud-init[941]: |    o +ooo . o   |
[   26.584785] cloud-init[941]: |   . +.oS.. .    |
[   26.641390] cloud-init[941]: |  . + oo . .     |
[   26.693798] cloud-init[941]: |   + B..o +      |
         Starting Accounts Service...
[   26.705894] cloud-init[941]: |  . . +=o+ .     |
[   26.717954] cloud-init[941]: |       oEo.      |
[   26.726075] cloud-init[941]: +----[SHA256]-----+
[[0;32m  OK  [0m] Started Deferred execution scheduler.
[   26.739946] cloud-init[941]: Generating public/private ed25519 key pair.
[   26.747981] cloud-init[941]: Your identification has been saved in /etc/ssh/ssh_host_ed25519_key.
[   26.766111] cloud-init[941]: Your public key has been saved in /etc/ssh/ssh_host_ed25519_key.pub.
[   26.782941] cloud-init[941]: The key fingerprint is:
[   26.786797] cloud-init[941]: SHA256:SI9EAVM/4TbdKKvKp3oe4vw6BDNv60HZY/TeLCyHey0 root@ubuntu-xenial
[   26.794782] cloud-init[941]: The key's randomart image is:
[   26.813481] cloud-init[941]: +--[ED25519 256]--+
[   26.840528] cloud-init[941]: |    oo+..        |
         Starting Pollinate to seed the pseudo random number generator...
[   26.875035] cloud-init[941]: |     o o o o     |
[   26.888663] cloud-init[941]: |    . o B o .    |
[   26.893177] cloud-init[941]: |+  + + = =       |
[   26.897831] cloud-init[941]: | =o + + S        |
[   26.913803] cloud-init[941]: | .+. = +         |
[   26.916927] cloud-init[941]: | oo.+ *.o        |
[[0;32m  OK  [0m] Started FUSE filesystem for LXC.
         Starting Virtualbox guest utils...
[   26.956269] cloud-init[941]: | oo+.*E..        |
[   27.021656] cloud-init[941]: | .*BB+ .         |
         Starting /etc/rc.local Compatibility...
         Starting Login Service...
[   27.065186] cloud-init[941]: +----[SHA256]-----+
[[0;32m  OK  [0m] Started Regular background program processing daemon.
         Starting Snappy daemon...
         Starting LSB: Record successful boot for GRUB...
         Starting LXD - container startup/shutdown...
[[0;32m  OK  [0m] Started System Logging Service.
[[0;32m  OK  [0m] Started /etc/rc.local Compatibility.
[[0;32m  OK  [0m] Started Login Service.
[[0;32m  OK  [0m] Started Unattended Upgrades Shutdown.
[[0;32m  OK  [0m] Started iSCSI initiator daemon (iscsid).
         Starting Login to default iSCSI targets...
         Starting Authenticate and Authorize Users to Run Privileged Tasks...
[[0;32m  OK  [0m] Started LSB: MD monitoring daemon.
[[0;32m  OK  [0m] Started Login to default iSCSI targets.
[[0;32m  OK  [0m] Started Authenticate and Authorize Users to Run Privileged Tasks.
[[0;32m  OK  [0m] Started LSB: Record successful boot for GRUB.
[[0;32m  OK  [0m] Reached target Remote File Systems (Pre).
[[0;32m  OK  [0m] Reached target Remote File Systems.
         Starting LSB: daemon to balance interrupts for SMP systems...
         Starting Permit User Sessions...
         Starting LSB: automatic crash report generation...
         Starting LSB: Set the CPU Frequency Scaling governor to "ondemand"...
[[0;32m  OK  [0m] Started Accounts Service.
[[0;32m  OK  [0m] Started Permit User Sessions.
         Starting Hold until boot process finishes up...
         Starting Terminate Plymouth Boot Screen...
[[0;32m  OK  [0m] Started Hold until boot process finishes up.
[[0;32m  OK  [0m] Started Terminate Plymouth Boot Screen.
         Starting Set console scheme...
[[0;32m  OK  [0m] Started Getty on tty1.
[[0;32m  OK  [0m] Started Serial Getty on ttyS0.
[[0;32m  OK  [0m] Reached target Login Prompts.
[[0;32m  OK  [0m] Started Set console scheme.
[[0;32m  OK  [0m] Started LXD - container startup/shutdown.
[[0;32m  OK  [0m] Started LSB: daemon to balance interrupts for SMP systems.
[[0;32m  OK  [0m] Started LSB: Set the CPU Frequency Scaling governor to "ondemand".
[[0;32m  OK  [0m] Started Virtualbox guest utils.
[[0;32m  OK  [0m] Started LSB: automatic crash report generation.
[[0;32m  OK  [0m] Started Snappy daemon.
         Starting Wait until snapd is fully seeded...
[[0;32m  OK  [0m] Started Pollinate to seed the pseudo random number generator.
         Starting OpenBSD Secure Shell server...
[[0;32m  OK  [0m] Started OpenBSD Secure Shell server.
[[0;32m  OK  [0m] Created slice User Slice of vagrant.
         Starting User Manager for UID 1000...
[[0;32m  OK  [0m] Started Session 1 of user vagrant.
[[0;32m  OK  [0m] Started User Manager for UID 1000.

Ubuntu 16.04.6 LTS ubuntu-xenial ttyS0

ubuntu-xenial login: [   37.629252] cloud-init[1378]: Generating locales (this might take a while)...
[   40.811017] cloud-init[1378]:   en_US.UTF-8... done
[   40.820211] cloud-init[1378]: Generation complete.
[   42.487858] cloud-init[1378]: Cloud-init v. 19.1-1-gbaa47854-0ubuntu1~16.04.1 running 'modules:config' at Thu, 22 Aug 2019 17:24:10 +0000. Up 36.78 seconds.
ci-info: no authorized ssh keys fingerprints found for user ubuntu.
<14>Aug 22 17:24:18 ec2: 
<14>Aug 22 17:24:18 ec2: #############################################################
<14>Aug 22 17:24:18 ec2: -----BEGIN SSH HOST KEY FINGERPRINTS-----
<14>Aug 22 17:24:18 ec2: 1024 SHA256:6j58feWLe2HenoonnFkd8WsMIJnbmrAevzfMUXRWhRA root@ubuntu-xenial (DSA)
<14>Aug 22 17:24:18 ec2: 256 SHA256:ybgV2IhZW1VBaxtJkxAbuINi7zAXoxrf3Mstzk43tOI root@ubuntu-xenial (ECDSA)
<14>Aug 22 17:24:18 ec2: 256 SHA256:SI9EAVM/4TbdKKvKp3oe4vw6BDNv60HZY/TeLCyHey0 root@ubuntu-xenial (ED25519)
<14>Aug 22 17:24:18 ec2: 2048 SHA256:z4C/NmcPu+0XILiGuVJRhOyrdiZl7Xb/zxR2h/lM3tA root@ubuntu-xenial (RSA)
<14>Aug 22 17:24:18 ec2: -----END SSH HOST KEY FINGERPRINTS-----
<14>Aug 22 17:24:18 ec2: #############################################################
-----BEGIN SSH HOST KEY KEYS-----
ecdsa-sha2-nistp256 AAAAE2VjZHNhLXNoYTItbmlzdHAyNTYAAAAIbmlzdHAyNTYAAABBBFapXSunhE3+leoVEHQ44PJ05PNOipd9pMJVydOZm7g+v8T4oRvrEMq3gJicUktvrca0VYt6RC41WokBvctR0iI= root@ubuntu-xenial
ssh-ed25519 AAAAC3NzaC1lZDI1NTE5AAAAIHurxTglSGElPVMNm06me+G/upSzeVJDd+HJhvosRMXK root@ubuntu-xenial
ssh-rsa AAAAB3NzaC1yc2EAAAADAQABAAABAQCiXSHGxKmk8B+VuZ22+5mhjLxgkflwgD/Kqdku/t8tqtNiDRcc0vrV0XmtHkpaSRscy93ymsaqpKcAuKNlDWa6og2owotdTkDngUd8xxrBX33PonKsQPTqidAZIj4xOqGktRCZKtRaWV91e7/xbeUvXY0F0nz3NUjTtkgM41PPfDOaso0Z7jsuXoS1nREoaL00Kym5I4omzRp1qCeGNDzIKv2f+LqK9VTcBTtCIfOaf6duQUdjqRHFwGqvuWjw+J4ho+MmgLxu4ntbzkJqIwobb1a+2W7U2iaxUtIpE0baY7Pe9HhR+xA5yAQc2yQSoujeNCkNxQ7HJIwZTI+RWDFt root@ubuntu-xenial
-----END SSH HOST KEY KEYS-----
[   44.799561] cloud-init[1520]: Cloud-init v. 19.1-1-gbaa47854-0ubuntu1~16.04.1 running 'modules:final' at Thu, 22 Aug 2019 17:24:17 +0000. Up 43.89 seconds.
[   44.800890] cloud-init[1520]: ci-info: no authorized ssh keys fingerprints found for user ubuntu.
[   44.801765] cloud-init[1520]: Cloud-init v. 19.1-1-gbaa47854-0ubuntu1~16.04.1 finished at Thu, 22 Aug 2019 17:24:18 +0000. Datasource DataSourceNoCloud [seed=/dev/sdb][dsmode=net].  Up 44.74 seconds
