[    0.000000] Initializing cgroup subsys cpuset
[    0.000000] Initializing cgroup subsys cpu
[    0.000000] Initializing cgroup subsys cpuacct
[    0.000000] Linux version 4.4.0-154-generic (buildd@lgw01-amd64-049) (gcc version 5.4.0 20160609 (Ubuntu 5.4.0-6ubuntu1~16.04.10) ) #181-Ubuntu SMP Tue Jun 25 05:29:03 UTC 2019 (Ubuntu 4.4.0-154.181-generic 4.4.179)
[    0.000000] Command line: BOOT_IMAGE=/boot/vmlinuz-4.4.0-154-generic root=LABEL=cloudimg-rootfs ro console=tty1 console=ttyS0
[    0.000000] KERNEL supported cpus:
[    0.000000]   Intel GenuineIntel
[    0.000000]   AMD AuthenticAMD
[    0.000000]   Centaur CentaurHauls
[    0.000000] x86/fpu: Legacy x87 FPU detected.
[    0.000000] e820: BIOS-provided physical RAM map:
[    0.000000] BIOS-e820: [mem 0x0000000000000000-0x000000000009fbff] usable
[    0.000000] BIOS-e820: [mem 0x000000000009fc00-0x000000000009ffff] reserved
[    0.000000] BIOS-e820: [mem 0x00000000000f0000-0x00000000000fffff] reserved
[    0.000000] BIOS-e820: [mem 0x0000000000100000-0x000000003ffeffff] usable
[    0.000000] BIOS-e820: [mem 0x000000003fff0000-0x000000003fffffff] ACPI data
[    0.000000] BIOS-e820: [mem 0x00000000fec00000-0x00000000fec00fff] reserved
[    0.000000] BIOS-e820: [mem 0x00000000fee00000-0x00000000fee00fff] reserved
[    0.000000] BIOS-e820: [mem 0x00000000fffc0000-0x00000000ffffffff] reserved
[    0.000000] NX (Execute Disable) protection: active
[    0.000000] SMBIOS 2.5 present.
[    0.000000] Hypervisor detected: KVM
[    0.000000] e820: last_pfn = 0x3fff0 max_arch_pfn = 0x400000000
[    0.000000] MTRR: Disabled
[    0.000000] x86/PAT: MTRRs disabld, skipping PAT initialization too.
[    0.000000] CPU MTRRs all blank - virtualized system.
[    0.000000] x86/PAT: Configuration [0-7]: WB  WT  UC- UC  WB  WT  UC- UC  
[    0.000000] found SMP MP-table at [mem 0x0009fff0-0x0009ffff] mapped at [ffff88000009fff0]
[    0.000000] Scanning 1 areas for low memory corruption
[    0.000000] RAMDISK: [mem 0x362fa000-0x37174fff]
[    0.000000] ACPI: Early table checksum verification disabled
[    0.000000] ACPI: RSDP 0x00000000000E0000 000024 (v02 VBOX  )
[    0.000000] ACPI: XSDT 0x000000003FFF0030 00003C (v01 VBOX   VBOXXSDT 00000001 ASL  00000061)
[    0.000000] ACPI: FACP 0x000000003FFF00F0 0000F4 (v04 VBOX   VBOXFACP 00000001 ASL  00000061)
[    0.000000] ACPI: DSDT 0x000000003FFF0470 0021FF (v02 VBOX   VBOXBIOS 00000002 INTL 20180105)
[    0.000000] ACPI: FACS 0x000000003FFF0200 000040
[    0.000000] ACPI: FACS 0x000000003FFF0200 000040
[    0.000000] ACPI:APIC 000000003FFF0240 00005C (v02 VBOX   VBOXAPIC 00000001 ASL  00000061)
[    0.000000] ACPI: SSDT 0x000000003FFF02A0 0001CC (v01 VBOX   VBOXCPUT 00000002 INTL 20180105)
[    0.000000] No NUMA configuration found
[    0.000000] Faking a node at [mem 0x0000000000000000-0x000000003ffeffff]
[    0.000000] NODE_DATA(0) allocated [mem 0x3ffeb000-0x3ffefff]
[    0.000000] kvm-clock: Using msrs 4b564d01 and 4b564d00
[    0.00000] kvm-clock: cppu 0, msr 0:3ffe3001, primary cpu clock
[    0.000000] kvmclock: using sched offset of 5029465562 cycles
[    0.000000] clocksource: kvm-clock: mask: 0xffffffffffffffff max_cycles: 0x1cd42e4dffb, max_idle_ns: 881590591483 ns
[    0.000000] Zone ranges:
[    0.000000]   DMA      [mem 0x0000000000001000-0x0000000000ffffff]
[    0.000000]   DMA32    [mem 0x0000000001000000-0x000000003ffeffff]
[    0.000000]   Normal   empty
[    0.000000]   Device   empty
[    0.000000] Movable zone start for each node
[    0.000000] Early memory node ranges
[    0.000000]   node   0: [mem 0x0000000000001000-0x000000000009efff]
[    0.000000]   node   0: [mem 0x0000000000100000-0x000000003ffeffff]
[    0.000000] Initmem setup node 0 [mem 0x0000000000001000-0x000000003ffeffff]
[    0.000000] ACPI: PM-Timer IO Port: 0x4008
[    0.000000] IOAPIC[0]: apic_id 2, version 32, address 0xfec00000, GSI 0-23
[    0.000000] ACPI: INT_SRC_OVR (bus 0 bus_irq 0 global_irq 2 dfl dfl)
[    0.000000] ACPI: INT_SRC_OVR (bus 0 bus_irq 9 global_irq 9 low level)
[    0.000000]Using ACPI (MADT) for SMP configuration information
[    0.000000] smpboot Allowing 2 CPUs, 0 hotplug CPUs
[    0.000000] PM: Registered nosave memory: [mem 0x00000000-0x00000fff]
[    0.000000] PM: Registered nosave memory: [mem 0x0009f000-0x0009ffff]
[    0.000000] PM: Registered nosave memory: [mem 0x000a0000-0x000effff]
[    0.000000] PM: Registered nosave memory: [mem 0x000f0000-0x000fffff]
[    0.000000] e820: [mem 0x40000000-0xfebfffff] available for PCI devices
[    0.000000] Booting paravirtualized kernel on KVM
[    0.000000] clocksource: refined-jiffies: mask: 0xffffffff max_cycles: 0xffffffff, max_idle_ns: 7645519600211568 ns
[    0.000000] setup_percpu: NR_CPUS:512 nr_cpumask_bits:512 nr_cpu_ids:2 nr_node_ids:1
[    0.000000] PERCPU: Embedded 34 pages/cpu @ffff88003fc00000 s99480 r8192 d31592 u1048576
[    0.000000] Built 1 zonelists in Node order, mobility grouping on.  Total pages: 257912
[    0.000000] Policy zone: DMA32
[    0.000000] Kernel command line: BOOT_IMAGE=/boot/vmlinuz-4.4.0-154-generic root=LABEL=cloudimg-rootfs ro console=tty1 console=ttyS0
[    0.000000] PID hash table entries: 4096 (order: 3, 32768 bytes)
[    0.000000] Memory: 997732K/1048120K available (8613K kernel code, 1335K rwdata, 4028K rodata, 1484K init, 1284K bss, 50388K reserved, 0K cma-reserved)
[    0.000000] SLUB: HWalign=64, Order=0-3, MinObjects=0, CPUs=2, Nodes=1
[    0.000000] Kernel/User page tables isolation: enabled
[    0.00000] Hierarchical RCU implementation.
[    0.000000] 	Build-time adjustment of leaf fanout to 64.
[    0.000000] 	RCU restricting CPUs from NR_CPUS=512 to nr_cpu_ids=2.
[    0.000000] RCU: Adjusting geometry for rcu_fanout_leaf=64, nr_cpu_ids=2
[    0.000000] NR_IRQS:33024 nr_irqs:440 16
[    0.000000] Console: colour VGA+ 80x25
[    0.000000] console [tty1] enabled
[    0.000000] console [ttyS0] enabled
[    0.000000] tsc: Detected 2992.498 MHz processor
[    1.599733] Calibrating delay loop (skipped) preset value.. 5984.99 BogoMIPS (lpj=11969992)
[    1.602615] pid_max: default: 32768 minimum: 301
[    1.604219] ACPI: Core revision 20150930
[    1.606879] ACPI: 2 ACPI AML tables successfully acquired and loaded
[    1.609008] Security Framework initialized
[    1.610425] Yama: becoming mindful.
[    1.611776] AppArmor: AppArmor initialized
[    1.613348] Dentry cache hash table entries: 131072 (order: 8, 1048576 bytes)
[    1.635899] Inode-cache hash table entries: 65536 (order: 7, 524288 bytes)
[    1.641630] Mount-cache hash table entries: 2048 (order: 2, 16384 bytes)
[    1.648957] Mountpoint-cache hash table entries: 2048 (order: 2, 16384 bytes)
[    1.654320] Initializing cgroup subsys io
[    1.665575] Initializing cgroup subsys memory
[    1.689598] Initializing cgroup subsys devices
[    1.731329] Initializing cgroup subsys freezer
[    1.754394] Initializing cgroup subsys net_cls
[    1.782673] Initializing cgroup subsys perf_event
[    1.784211] Initializing cgroup subsys net_prio
[    1.810880] Initializing cgroup subsys hugetlb
[    1.893902] Initializing cgroup subsys pids
[    1.895456] mce: CPU supports 0 MCE banks
[    1.896889] Last level iTLB entries: 4KB 128, 2MB 4, 4MB 4
[    1.898625] Last level dTLB entries: 4KB 256, 2MB 0, 4MB 32, 1GB 0
[    1.900471] Spectre V2 : Mitigation: Full generic retpoline
[    1.911763] Spectre V2 : Spectre v2 / SpectreRSB mitigation: Filling RSB on context switch
[    1.914516] Speculative Store Bypass: Vulnerable
[    1.916942] MDS: Vulnerable: Clear CPU buffers attempted, no microcode
[    1.958582] Freeing SMP alternatives memory: 36K
[    1.967818] ftrace: allocating 32299 entries in 127 pages
[    2.038158] smpboot: APIC(0) Converting physical 0 to logical package 0
[    2.165696] smpboot: Max logical packages: 1
[    2.250625] x2apic enabled
[    2.252266] Switched APIC routing to physical x2apic.
[    2.256279] ..TIMER: vector=0x30 apic1=0 pin1=2 apic2=-1 pin2=-1
[    2.365499] smpboot: CPU0: Intel(R) Core(TM)2 Duo CPU     E8400  @ 3.00GHz (family: 0x6, model: 0x17, stepping: 0xa)
[    2.498856] Performance Events: unsupported p6 CPU model 23 no PMU driver, software events only.
[    2.676801] KVM setup paravirtual spinlock
[    2.729516] x86: Booting SMP configuration:
[    2.754518] .... node  #0, CPUs:      #1
[    2.755884] kvm-clock: cpu 1, msr 0:3ffe3041, secondary cpu clock
[    2.770388] mce: CPU supports 0 MCE banks
[    2.773636] x86: Booted up 1 node, 2 CPUs
[    2.775559] smpboot: Total of 2 processors activated (11969.99 BogoMIPS)
[    2.783370] devtmpfs: initialized
[    2.787472] evm: security.selinux
[    2.788744] evm: security.SMACK64
[    2.789984] evm: security.SMACK64EXEC
[    2.791311] evm: security.SMACK64TRANSMUTE
[    2.807538] evm: security.SMACK64MMAP
[    2.808853] evm: security.ima
[    2.810021] evm: security.capability
[    2.887371] clocksource: jiffies: mask: 0xffffffff max_cycles: 0xffffffff, max_idle_ns: 7645041785100000 ns
[    2.904476] futex hash table entries: 512 (order: 3, 32768 bytes)
[    2.990443] pinctrl core: initialized pinctrl subsystem
[    3.063665] RTC time: 17:00:53, date: 08/22/19
[    3.065622] NET: Registered protocol family 16
[    3.097254] cpuidle: using governor ladder
[    3.113317] cpuidle: using governor menu
[    3.185484] PCCT header not found.
[    3.225824] ACPI: bus type PCI registered
[    3.227406] acpiphp: ACPI Hot Plug PCI Controller Driver version: 0.5
[    3.229453] PCI: Using configuration type 1 for base access
[    3.245994] ACPI: Added _OSI(Module Device)
[    3.247428] ACPI: Added _OSI(Processor Device)
[    3.248901] ACPI: Added _OSI(3.0 _SCP Extensions)
[    3.303662] ACPI: Added _OSI(Processor Aggregator Device)
[    3.361902] ACPI: Executed 1 blocks of module-level executable AML code
[    3.366536] ACPI: Interpreter enabled
[    3.367861] ACPI: (supports S0 S5)
[    3.426516] ACPI: Using IOAPIC for interrupt routing
[    3.428318] PCI: Using host bridge windows from ACPI; if necessary, use "pci=nocrs" and report a bug
[    3.467382] ACPI: PCI Root Bridge [PCI0] (domain 0000 [bus 00-ff])
[    3.469251] acpi PNP0A03:00: _OSC: OS supports [ASPM ClockPM Segments MSI]
[    3.483535] acpi PNP0A03:00: _OSC: not requesting OS control; OS requires [ExtendedConfig ASPM ClockPM MSI]
[    3.508648] acpi PNP0A03:00: fail to add MMCONFIG information, can't access extended PCI configuration space under this bridge.
[    3.597296] PCI host bridge to bus 0000:00
[    3.616328] pci_bus 0000:00: root bus resource [io  0x0000-0x0cf7 window]
[    3.646804] pci_bus 0000:00: root bus resource [io  0x0d00-0xffff window]
[    3.762113] pci_bus 0000:00: root bus resource [mem 0x000a0000-0x000bffff window]
[    3.847630] pci_bus 0000:00: root bus resource [mem 0x40000000-0xfdffffff window]
[    3.850222] pci_bus 0000:00: root bus resource [bus 00-ff]
[    3.854104] pci 0000:00:01.1: legacy IDE quirk: reg 0x10: [io  0x01f0-0x01f7]
[    3.907529] pci 0000:00:01.1: legacy IDE quirk: reg 0x14: [io  0x03f6]
[    3.909501] pci 0000:00:01.1: legacy IDE quirk: reg 0x18: [io  0x0170-0x0177]
[    3.937028] pci 0000:00:01.1: legacy IDE quirk: reg 0x1c: [io  0x0376]
[    3.976880] pci 0000:00:07.0: quirk: [io  0x4000-0x403f] claimed by PIIX4 ACPI
[    3.981089] pci 0000:00:07.0: quirk: [io  0x4100-0x410f] claimed by PIIX4 SMB
[    3.997279] ACPI: PCI Interrupt Link [LNKA] (IRQs 5 9 10 *11)
[    4.045908] ACPI: PCI Interrupt Link [LNKB] (IRQs 5 9 *10 11)
[    4.048353] ACPI: PCI Interrupt Link [LNKC] (IRQs 5 *9 10 11)
[    4.050767] ACPI: PCI Interrupt Link [LNKD] (IRQs 5 9 10 *11)
[    4.117130] ACPI: Enabled 2 GPEs in block 00 to 07
[    4.192042] vgaarb: setting as boot device: PCI:0000:00:02.0
[    4.193779] vgaarb: device added: PCI:0000:00:02.0,decodes=io+mem,owns=io+mem,locks=none
[    4.238953] vgaarb: loaded
[    4.240069] vgaarb: bridge control possible 0000:00:02.0
[    4.242384] SCSI subsystem initialized
[    4.291981] ACPI: bus type USB registered
[    4.293452] usbcore: registered new interface driver usbfs
[    4.295214] usbcore: registered new interface driver hub
[    4.302233] usbcore: registered new device driver usb
[    4.311365] PCI: Using ACPI for IRQ routing
[    4.319973] NetLabel: Initializing
[    4.321257] NetLabel:  domain hash size = 128
[    4.331476] NetLabel:  protocols = UNLABELED CIPSOv4
[    4.339743] NetLabel:  unlabeled traffic allowed by default
[    4.346147] amd_nb: Cannot enumerate AMD northbridges
[    4.355613] clocksource: Switched to clocksource kvm-clock
[    4.371805] AppArmor: AppArmor Filesystem Enabled
[    4.407039] pnp: PnP ACPI init
[    4.409271] p: PnP ACPI: found 3 devices

[    4.481876] clocksource: acpi_pm: mask: 0xffffff max_cycles: 0xffffff, max_idle_ns: 2085701024 ns
[    4.485069] NET: Registered protoco fmily 2

[    4.551768] TCP established hash table entries: 8192 (order: 4, 65536 bytes)
[    4.554052] TCP bind hash table entries: 192 (order: 5, 131072 bytes)
[    4.588112] TCP: Hash tables configured (established 8192 bind 8192)
[    4.590178] UDP hash table entries: 512 (order: 2, 16384 bytes)
[  4.592178] UDP-Lite hash table entries: 512 (order: 2, 16384 bytes)
[    4.656736] NET: Registered protocol family 1
[    4.658326] pci 0000:00:00.0: Limiting direct PCI/PCI transfers
[    4.660254] pci 0000:00:01.0: Activating ISA DMA hang workarounds
[    4.662470] Unpacking initramfs...

[    4.941219] Freeing initrd memory: 14828K
[    4.955924] clocksource: tsc: mask: 0xffffffffffffffff max_cycles: 0x2b2296bc2b9, max_idle_ns: 440795321505 ns
[    4.977229] platform rtc_cmos: registered platform RTC device (no PNP device found)
[    5.048572] Scanning for low memory corruption every 60 seconds
[    5.051166] audit: initializing netlink subsys (disabled)
[    5.077435] audit: type=2000 audit(1566493257.412:1): initialized
[    5.080186] Initialise system trusted keyring
[    5.092479] HugeTLB registered 2 MB page size, pre-allocated 0 pages
[    5.110271] zbud: loaded
[    5.113525] VFS: Disk quotas dquot_6.6.0
[    5.116197] VFS: Dquot-cache hash table entries: 512 (order 0, 4096 bytes)
[    5.124640] squashfs: version 4.0 (2009/01/31) Phillip Lougher
[    5.130667] fuse init (API version 7.23)
[    5.135036] Key type big_key registered
[    5.144364] Allocating IMA MOK and blacklist keyrings.
[    5.149374] Key type asymmetric registered
[    5.150881] Asymmetric key parser 'x509' registered
[    5.285887] Block layer SCSI generic (bsg) driver version 0.4 loaded (major 249)
[    5.288785] io scheduler noop registered
[    5.290235] io scheduler deadline registered (default)
[    5.292064] io scheduler cfq registered
[    5.293651] pci_hotplug: PCI Hot Plug PCI Core version: 0.5
[    5.295571] pciehp: PCI Express Hot Plug Controller Driver version: 0.4
[    5.336855] ACPI: AC Adapter [AC] (on-line)
[    5.338523] input: Power Button as /devices/LNXSYSTM:00/LNXPWRBN:00/input/input0
[    5.356482] ACPI: Power Button [PWRF]
[    5.357986] input: Sleep Button as /devices/LNXSYSTM:00/LNXSLPBN:00/input/input1
[    5.386668] ACPI: Sleep Button [SLPF]
[    5.388559] GHES: HEST is not enabled!
[    5.390135] Serial: 8250/16550 driver, 32 ports, IRQ sharing enabled
[    5.415081] 00:02: ttyS0 at I/O 0x3f8 (irq = 4, base_baud = 115200) is a 16550A
[    5.459097] Linux agpgart interface v0.103
[    5.463073] loop: module loaded
[    5.465314] scsi host0: ata_piix
[    5.466804] scsi host1: ata_piix
[    5.468126] ata1: PATA max UDMA/33 cmd 0x1f0 ctl 0x3f6 bmdma 0xd000 irq 14
[    5.470237] ata2: PATA max UDMA/33 cmd 0x170 ctl 0x376 bmdma 0xd008 irq 15
[    5.472559] libphy: Fixed MDIO Bus: probed
[    5.506005] tun: Universal TUN/TAP device driver, 1.6
[    5.507792] tun: (C) 1999-2004 Max Krasnyansky <maxk@qualcomm.com>
[    5.516650] PPP generic driver version 2.4.2
[    5.518311] ehci_hcd: USB 2.0 'Enhanced' Host Controller (EHCI) Driver
[    5.566333] ehci-pci: EHCI PCI platform driver
[    5.568017] ehci-platform: EHCI generic platform driver
[    5.569769] ohci_hcd: USB 1.1 'Open' Host Controller (OHCI) Driver
[    5.571793] ohci-pci: OHCI PCI platform driver
[    5.573369] ohci-platform: OHCI generic platform driver
[    5.575149] uhci_hcd: USB Universal Host Controller Interface driver
[    5.625956] i8042: PNP: PS/2 Controller [PNP0303:PS2K,PNP0f03:PS2M] at 0x60,0x64 irq 1,12
[    5.657678] serio: i8042 KBD port at 0x60,0x64 irq 1
[    5.659454] serio: i8042 AUX port at 0x60,0x64 irq 12
[    5.661481] mousedev: PS/2 mouse device common for all mice
[    5.664159] input: AT Translated Set 2 keyboard as /devices/platform/i8042/serio0/input/input2
[    5.667434] rtc_cmos rtc_cmos: rtc core: registered rtc_cmos as rtc0
[    5.708004] rtc_cmos rtc_cmos: alarms up to one day, 114 bytes nvram
[    5.709990] i2c /dev entries driver
[    5.715816] device-mapper: uevent: version 1.0.3
[    5.717512] device-mapper: ioctl: 4.34.0-ioctl (2015-10-28) initialised: dm-devel@redhat.com
[    5.756836] ledtrig-cpu: registered to indicate activity on CPUs
[    5.759608] NET: Registered protocol family 10
[    5.761683] NET: Registered protocol family 17
[    5.763270] Key type dns_resolver registered
[    5.776273] registered taskstats version 1
[    5.777781] Loading compiled-in X.509 certificates
[    5.780587] Loaded X.509 cert 'Build time autogenerated kernel key: 65139e04a67245b562a838c28b5e7032abdd4348'
[    5.836884] zswap: loaded using pool lzo/zbud
[    5.859695] Key type trusted registered
[    5.922518] Key type encrypted registered
[    5.946825] AppArmor: AppArmor sha1 policy hashing enabled
[    5.953036] ima: No TPM chip found, activating TPM-bypass!
[    5.966440] ima: Allocated hash algorithm: sha1
[    5.994484] evm: HMAC attrs: 0x1
[    5.996400]   Magic number: 15:430:37
[    5.997839] bdi 7:2: hash matches
[    6.002890] rtc_cmos rtc_cmos: setting system clock to 2019-08-22 17:00:56 UTC (1566493256)
[    6.007213] BIOS EDD facility v0.16 2004-Jun-25, 0 devices found
[    6.033119] EDD information not available.
[    6.042317] Freeing unused kernel memory: 1484K
[    6.063755] Write protecting the kernel read-only data: 14336k
[    6.083675] Freeing unused kernel memory: 1616K
[    6.096956] Freeing unused kernel memory: 68K
Loading, please wait...
starting version 229
[    6.310225] random: systemd-udevd: uninitialized urandom read (16 bytes read, 2 bits of entropy available)
[    6.322837] random: udevadm: uninitialized urandom read (16 bytes read, 2 bits of entropy available)
[    6.322943] random: udevadm: uninitialized urandom read (16 bytes read, 2 bits of entropy available)
[    6.389848] random: systemd-udevd: uninitialized urandom read (16 bytes read, 2 bits of entropy available)
[    6.405249] random: systemd-udevd: uninitialized urandom read (16 bytes read, 2 bits of entropy available)
[    6.406230] random: udevadm: uninitialized urandom read (16 bytes read, 2 bits of entropy available)
[    6.406568] random: udevadm: uninitialized urandom read (16 bytes read, 2 bits of entropy available)
[    6.407549] random: udevadm: uninitialized urandom read (16 bytes read, 2 bits of entropy available)
[    6.407908] random: udevadm: uninitialized urandom read (16 bytes read, 2 bits of entropy available)
[    6.408259] random: udevadm: uninitialized urandom read (16 bytes read, 2 bits of entropy available)
[    6.855287] e1000: Intel(R) PRO/1000 Network Driver - version 7.3.21-k8-NAPI
[    6.888278] e1000: Copyright (c) 1999-2006 Intel Corporation.
[    6.901233] Fusion MPT base driver 3.04.20
[    6.909310] Copyright (c) 1999-2008 LSI Corporation
[    6.959984] Fusion MPT SPI Host driver 3.04.20
[    7.150057] input: ImExPS/2 Generic Explorer Mouse as /devices/platform/i8042/serio1/input/input4
[    7.476224] e1000 0000:00:03.0 eth0: (PCI:33MHz:32-bit) 02:1e:e5:6d:71:21
[    7.585990] e1000 0000:00:03.0 eth0: Intel(R) PRO/1000 Network Connection
[    7.593381] e1000 0000:00:03.0 enp0s3: renamed from eth0
[    7.596469] mptbase: ioc0: Initiating bringup
[    7.675178] ioc0: LSI53C1030 A0: Capabilities={Initiator}
[    9.958401] scsi host2: ioc0: LSI53C1030 A0, FwRev=00000000h, Ports=1, MaxQ=256, IRQ=20
[   11.309420] scsi 2:0:0:0: Direct-Access     VBOX     HARDDISK         1.0  PQ: 0 ANSI: 5
[   11.358103] scsi target2:0:0: Beginning Domain Validation
[   11.360770] scsi target2:0:0: Domain Validation skipping write tests
[   11.362659] scsi target2:0:0: Ending Domain Validation
[   11.364367] scsi target2:0:0: asynchronous
[   11.366258] scsi 2:0:1:0: Direct-Access     VBOX     HARDDISK         1.0  PQ: 0 ANSI: 5
[   11.369002] scsi target2:0:1: Beginning Domain Validation
[   11.371924] scsi target2:0:1: Domain Validation skipping write tests
[   11.373803] scsi target2:0:1: Ending Domain Validation
[   11.375500] scsi target2:0:1: asynchronous
[   11.383958] sd 2:0:0:0: [sda] 20971520 512-byte logical blocks: (10.7 GB/10.0 GiB)
[   11.415904] sd 2:0:0:0: [sda] Write Protect is off
[   11.416180] sd 2:0:0:0: Attached scsi generic sg0 type 0
[   11.418112] sd 2:0:1:0: Attached scsi generic sg1 type 0
[   11.433952] sd 2:0:1:0: [sdb] 20480 512-byte logical blocks: (10.5 MB/10.0 MiB)
[   11.434039] sd 2:0:0:0: [sda] Incomplete mode parameter data
[   11.434040] sd 2:0:0:0: [sda] Assuming drive cache: write through
[   11.468956]  sda: sda1
[   11.470412] sd 2:0:0:0: [sda] Attached SCSI disk
[   11.517224] sd 2:0:1:0: [sdb] Write Protect is off
[   11.546066] sd 2:0:1:0: [sdb] Incomplete mode parameter data
[   11.547890] sd 2:0:1:0: [sdb] Assuming drive cache: write through
[   11.579921] sd 2:0:1:0: [sdb] Attached SCSI disk
Begin: Loading essential drivers ... [   14.027475] md: linear personality registered for level -1
[   14.055509] md: multipath personality registered for level -4
[   14.098149] md: raid0 personality registered for level 0
[   14.149879] md: raid1 personality registered for level 1
[   14.271676] raid6: sse2x1   gen()  4435 MB/s
[   14.343640] raid6: sse2x1   xor()  4630 MB/s
[   14.415646] raid6: sse2x2   gen()  5965 MB/s
[   14.487642] raid6: sse2x2   xor()  5765 MB/s
[   14.563645] raid6: sse2x4   gen()  8534 MB/s
[   14.643641] raid6: sse2x4   xor()  6837 MB/s
[   14.650140] raid6: using algorithm sse2x4 gen() 8534 MB/s
[   14.651851] raid6: .... xor() 6837 MB/s, rmw enabled
[   14.653449] raid6: using ssse3x2 recovery algorithm
[   14.661803] xor: measuring software checksum speed
[   14.724681]    prefetch64-sse: 28424.000 MB/sec
[   14.814701]    generic_sse: 26087.000 MB/sec
[   14.826166] xor: using function: prefetch64-sse (28424.000 MB/sec)
[   14.834127] async_tx: api initialized (async)
[   14.876029] md: raid6 personality registered for level 6
[   14.879256] md: raid5 personality registered for level 5
[   14.881880] md: raid4 personality registered for level 4
[   14.942373] md: raid10 personality registered for level 10
done.
Begin: Running /scripts/init-premount ... done.
Begin: Mounting root file system ... Begin: Running /scripts/local-top ... done.
Begin: Running /scripts/local-premount ... [   15.151411] Btrfs loaded
Scanning for Btrfs filesystems
done.
Warning: fsck not present, so skipping root file system
[   15.360871] EXT4-fs (sda1): mounted filesystem with ordered data mode. Opts: (null)
done.
Begin: Running /scripts/local-bottom ... done.
Begin: Running /scripts/init-bottom ... done.
[   16.213059] systemd[1]: systemd 229 running in system mode. (+PAM +AUDIT +SELINUX +IMA +APPARMOR +SMACK +SYSVINIT +UTMP +LIBCRYPTSETUP +GCRYPT +GNUTLS +ACL +XZ -LZ4 +SECCOMP +BLKID +ELFUTILS +KMOD -IDN)
[   16.230256] systemd[1]: Detected virtualization oracle.
[   16.239093] systemd[1]: Detected architecture x86-64.

Welcome to [1mUbuntu 16.04.6 LTS[0m!

[   16.403292] systemd[1]: Set hostname to <ubuntu>.
[   16.419912] systemd[1]: Initializing machine ID from random generator.
[   16.426852] systemd[1]: Installed transient /etc/machine-id file.
[   16.468154] random: nonblocking pool is initialized
[   17.532703] systemd[1]: Listening on Journal Socket (/dev/log).
[[0;32m  OK  [0m] Listening on Journal Socket (/dev/log).
[   17.541434] systemd[1]: Created slice System Slice.
[[0;32m  OK  [0m] Created slice System Slice.
[   17.549076] systemd[1]: Created slice system-serial\x2dgetty.slice.
[[0;32m  OK  [0m] Created slice system-serial\x2dgetty.slice.
[   17.556830] systemd[1]: Started Trigger resolvconf update for networkd DNS.
[[0;32m  OK  [0m] Started Trigger resolvconf update for networkd DNS.
[   17.562103] systemd[1]: Listening on Journal Socket.
[[0;32m  OK  [0m] Listening on Journal Socket.
[   17.584209] systemd[1]: Mounting Huge Pages File System...
         Mounting Huge Pages File System...
[   17.596770] systemd[1]: Starting Set console keymap...
         Starting Set console keymap...
[   17.622953] systemd[1]: Mounting Debug File System...
         Mounting Debug File System...
[   17.655290] systemd[1]: Mounting POSIX Message Queue File System...
         Mounting POSIX Message Queue File System...
[   17.685112] systemd[1]: Started Forward Password Requests to Wall Directory Watch.
[[0;32m  OK  [0m] Started Forward Password Requests to Wall Directory Watch.
[   17.700759] systemd[1]: Listening on Device-mapper event daemon FIFOs.
[[0;32m  OK  [0m] Listening on Device-mapper event daemon FIFOs.
[   17.712143] systemd[1]: Listening on Syslog Socket.
[[0;32m  OK  [0m] Listening on Syslog Socket.
[   17.721814] systemd[1]: Reached target Encrypted Volumes.
[[0;32m  OK  [0m] Reached target Encrypted Volumes.
[   17.729121] systemd[1]: Listening on /dev/initctl Compatibility Named Pipe.
[[0;32m  OK  [0m] Listening on /dev/initctl Compatibility Named Pipe.
[   17.750223] systemd[1]: Listening on udev Control Socket.
[[0;32m  OK  [0m] Listening on udev Control Socket.
[   17.754940] systemd[1]: Listening on LVM2 poll daemon socket.
[[0;32m  OK  [0m] Listening on LVM2 poll daemon socket.
[   17.768011] systemd[1]: Reached target System Time Synchronized.
[[0;32m  OK  [0m] Reached target System Time Synchronized.
[   17.780087] systemd[1]: Listening on udev Kernel Socket.
[[0;32m  OK  [0m] Listening on udev Kernel Socket.
[   17.844112] systemd[1]: Starting Nameserver information manager...
         Starting Nameserver information manager...
[   17.879451] systemd[1]: Starting Create list of required static device nodes for the current kernel...
         Starting Create list of required st... nodes for the current kernel...
[   17.946043] systemd[1]: Starting Remount Root and Kernel File Systems...
         Starting Remount Root and Kernel File Systems...
[   17.964680] systemd[1]: Listening on LVM2 metadata daemon socket.
[[0;32m  OK  [0m] Listening on LVM2 metadata daemon socket.
[   17.977598] systemd[1]: Starting Monitoring of LVM2 mirrors, snapshots etc. using dmeventd or progress polling...
         Starting Monitoring of LVM2 mirrors... dmeventd or progress polling...
[   18.013907] systemd[1]: Set up automount Arbitrary Executable File Formats File System Automount Point.
[   18.018430] EXT4-fs (sda1): re-mounted. Opts: (null)
[[0;32m  OK  [0m] Set up automount Arbitrary Executab...ats File System Automount Point.
[   18.101176] systemd[1]: Starting Uncomplicated firewall...
         Starting Uncomplicated firewall...
[   18.120888] systemd[1]: Listening on Journal Audit Socket.
[[0;32m  OK  [0m] Listening on Journal Audit Socket.
[   18.148516] systemd[1]: Starting Journal Service...
         Starting Journal Service...
[   18.158153] systemd[1]: Reached target Swap.
[[0;32m  OK  [0m] Reached target Swap.
[   18.236957] systemd[1]: Starting Load Kernel Modules...
         Starting Load Kernel Modules...
[   18.244234] systemd[1]: Created slice User and Session Slice.
[[0;32m  OK  [0m] Created slice User and Session Slice.
[   18.248972] systemd[1]: Reached target Slices.
[[0;32m  OK  [0m] Reached target Slices.
[   18.260401] systemd[1]: Reached target User and Group Name Lookups.
[[0;32m  OK  [0m] Reached target User and Group Name Lookups.
[   18.301080] systemd[1]: Mounted POSIX Message Queue File System.
[[0;32m  OK  [0m] Mounted POSIX Message Queue File System.
[   18.316695] systemd[1]: Mounted Huge Pages File System.
[[0;32m  OK  [0m] Mounted Huge Pages File System.
[   18.348046] systemd[1]: Mounted Debug File System.
[[0;32m  OK  [0m] Mounted Debug[   18.432155] Loading iSCSI transport class v2.0-870.
 File System.
[   18.436829] systemd[1]: Started Journal Service.
[[0;32m  OK  [0m] Started Journal Service.
[[0;32m  OK  [0m] Started Set console keymap.
[   18.467243] iscsi: registered transport (tcp)
[[0;32m  OK  [0m] Started Create list of required sta...ce nodes for the current kernel.
[[0;32m  OK  [0m] Started Remount Root and Kernel File Systems.
[[0;32m  OK  [0m] Started Uncomplicated firewall.
[[0;32m  OK  [[   18.601052] iscsi: registered transport (iser)
0m] Started Nameserver information manager.
[[0;32m  OK  [0m] Started Load Kernel Modules.
[[0;32m  OK  [0m] Started LVM2 metadata daemon.
         Starting Apply Kernel Variables...
         Mounting FUSE Control File System...
         Starting Load/Save Random Seed...
         Starting udev Coldplug all Devices...
         Starting Create Static Device Nodes in /dev...
         Starting Flush Journal to Persistent Storage...
[[0;32m  OK  [0m] Mounted FUSE Control File System.
[[0;32m  OK  [0m] Started Apply Kernel Variables.
[[0;32m  OK  [0m] Started Load/Save Random Seed.
[[0;32m  OK  [0m] Started Create Static Device Nodes in /dev.
         Starting udev Kernel Device Manager...
[[0;32m  OK  [0m] Started Flush Journal to Persistent Storage.
[[0;32m  OK  [0m] Started Monitoring of LVM2 mirrors,...ng dmeventd or progress polling.
[[0;32m  OK  [0m] Started udev Kernel Device Manager.
[[0;32m  OK  [0m] Reached target Local File Systems (Pre).
[[0;32m  OK  [0m] Reached target Local File Systems.
         Starting Commit a transient machine-id on disk...
         Starting Initial cloud-init job (pre-networking)...
         Starting Tell Plymouth To Write Out Runtime Data...
         Starting Set console font and keymap...
         Starting LSB: AppArmor initialization...
         Starting Create Volatile Files and Directories...
[[0;32m  OK  [0m] Started udev Coldplug all Devices.
[[0;32m  OK  [0m] Started Commit a transient machine-id on disk.
[[0;32m  OK  [0m] Started Tell Plymouth To Write Out Runtime Data.
[[0;32m  OK  [0m] Started Create Volatile Files and Directories.
         Starting Update UTMP about System Boot/Shutdown...
[[0;32m  OK  [0m] Started Dispatch Password Requests to Console Directory Watch.
[[0;32m  OK  [0m] Started Update UTMP about System Boot/Shutdown.
[[0;32m  OK  [0m] Found device /dev/ttyS0.
[[0;32m  OK  [0m] Listening on Load/Save RF Kill Switch Status /dev/rfkill Watch.
[[0;32m  OK  [0m] Started LSB: AppArmor initialization.
[   23.042059] cloud-init[481]: Cloud-init v. 19.1-1-gbaa47854-0ubuntu1~16.04.1 running 'init-local' at Thu, 22 Aug 2019 17:01:15 +0000. Up 21.28 seconds.
[[0;32m  OK  [0m] Started Initial cloud-init job (pre-networking).
[[0;32m  OK  [0m] Reached target Network (Pre).
         Starting Raise network interfaces...
[[0;32m  OK  [0m] Started Set console font and keymap.
[[0;32m  OK  [0m] Created slice system-getty.slice.
[[0;32m  OK  [0m] Started Raise network interfaces.
[[0;32m  OK  [0m] Reached target Network.
         Starting Initial cloud-init job (metadata service crawler)...
[   28.857952] cloud-init[957]: Cloud-init v. 19.1-1-gbaa47854-0ubuntu1~16.04.1 running 'init' at Thu, 22 Aug 2019 17:01:20 +0000. Up 26.21 seconds.
[[0;32m  OK  [0m] Started Initial cloud-init job (metadata service crawler).
[   29.024503] cloud-init[957]: ci-info: ++++++++++++++++++++++++++++++++++++++Net device info++++++++++++++++++++++++++++++++++++++
[   29.035601] [[0;32m  OK  [0m] Reached target Network is Online.
cloud-init[957]: ci-info: +--------+------+----------------------------+---------------+--------+-------------------+
[   29.044514] cloud-init[957]: ci-info: | Device |  Up  |          Address           |      Mask     | Scope  |     Hw-Address    |
[   29.048465] cloud-init[957]: ci-info: +--------+------+----------------------------+---------------+--------+-------------------+
         Starting iSCSI initiator daemon (iscsid)...
[   29.094929] cloud-init[957]: ci-info: | enp0s3 | True |         10.0.2.15          | 255.255.255.0 | global | 02:1e:e5:6d:71:21 |
[   29.163663] [cloud-init[0;32m  OK  [0m[957]: ] ci-info: | enp0s3 | True | fe80::1e:e5ff:fe6d:7121/64 |       .       |  link  | 02:1e:e5:6d:71:21 |Reached target Cloud-config availability.

[   29.164326] cloud-init[957]: [[0;32m  OK  [0m] Reached target System Initialization.
ci-info: |   lo   | True |         127.0.0.1          |   255.0.0.0   |  host  |         .         |
[   29.247678] cloud-init[957]: ci-info: |   lo   | True |          ::1/128           |       .       |  host  |         .         |
[   29.267087] cloud-init[957]: ci-info: +--------+------+----------------------------+---------------+--------+-------------------+
         Starting LXD - unix socket.
[   29.267902] cloud-init[957]: ci-info: +++++++++++++++++++++++++++Route IPv4 info++++++++++++++++++++++++++++
[   29.274405] cloud-init[957]: ci-info: +-------+-------------+----------+---------------+-----------+-------+
[[0;32m  OK  [0m] Started Daily apt download activities.
[   29.274966] cloud-init[957]: ci-info: | Route | Destination | Gateway  |    Genmask    | Interface | Flags |
[   29.308802] cloud-init[957]: ci-info: +-------+-------------+----------+---------------+-----------+-------+
[[0;32m  OK  [0m] Listening on ACPID Listen Socket.
[   29.309212] cloud-init[957]: ci-info: |   0   |   0.0.0.0   | 10.0.2.2 |    0.0.0.0    |   enp0s3  |   UG  |
[   29.436535] cloud-init[957]: ci-info: |   1   |   10.0.2.0  | 0.0.0.0  | 255.255.255.0 |   enp0s3  |   U   |
         Starting Socket activation for snappy daemon.
[   29.436932] cloud-init[957]: ci-info: +-------+-------------+----------+---------------+-----------+-------+
[   29.554059] cloud-init[957]: ci-info: +++++++++++++++++++Route IPv6 info+++++++++++++++++++
[[0;32m  OK  [0m] Started Daily apt upgrade and clean activities.
[   29.554428] cloud-init[957]: ci-info: +-------+-------------+---------+-----------+-------+
[[0;32m  OK  [0m] Started ACPI Events Check.
[[0;32m  OK  [0m] Reached target Paths.
[   29.711085] cloud-init[957]: ci-info: | Route | Destination | Gateway | Interface | Flags |
[   29.757237] cloud-init[957]: ci-info: +-------+-------------+---------+-----------+-------+
[   29.848537] cloud-init[957]: ci-info: |   0   |  fe80::/64  |    ::   |   enp0s3  |   U   |
[[0;32m  OK  [0m] Listening on UUID daemon activation socket.
[   29.955165] cloud-init[957]: ci-info: |   4   |   ff00::/8  |    ::   |   enp0s3  |   U   |
[   30.028564] cloud-init[957]: ci-info: +-------+-------------+---------+-----------+-------+
[   30.113648] cloud-init[957]: Generating public/private rsa key pair.
[   30.160542] cloud-init[957]: Your identification has been saved in /etc/ssh/ssh_host_rsa_key.
[[0;32m  OK  [0m] Started Daily Cleanup of Temporary Directories.
[   30.160921] cloud-init[957]: Your public key has been saved in /etc/ssh/ssh_host_rsa_key.pub.
[   30.389596] cloud-init[957]: The key fingerprint is:
[[0;32m  OK  [0m] Reached target Timers.
[   30.389977] cloud-init[957]: SHA256:GGzgBsgOK+1GO43gNzgWHBO1PNqSOh1oOg0RILTxqPE root@ubuntu-xenial
[   30.608654] cloud-init[957]: The key's randomart image is:
[   30.652594] cloud-init[957]: +---[RSA 2048]----+
[[0;32m  OK  [0m] Listening on D-Bus System Message Bus Socket.
[   30.695071] cloud-init[957]: |B=+..            |
[   30.720265] cloud-init[957]: |+=*o.o           |
[   30.728316] cloud-init[957]: |*=o=o +          |
[   30.731952] cloud-init[957]: |=O*... o         |
[[0;32m  OK  [0m] Listening on LXD - unix socket.
[   30.735908] cloud-init[957]: |*OE=  . S        |
[   30.821512] cloud-init[957]: |+OB+.            |
[   30.822463] cloud-init[957]: |*.=..            |
[   30.826011] cloud-init[957]: | o               |
[   30.826521] cloud-init[957]: |                 |
[   30.832269] cloud-init[957]: +----[SHA256]-----+
[   30.832550] cloud-init[957]: Generating public/private dsa key pair.
[   30.832833] cloud-init[957]: Your identification has been saved in /etc/ssh/ssh_host_dsa_key.
[   30.833317] cloud-init[957]: Your public key has been saved in /etc/ssh/ssh_host_dsa_key.pub.
[   30.838303] cloud-init[957]: The key fingerprint is:
[   30.838646] cloud-init[957]: SHA256:aq9kDCgvFUhHEcF3d20QqlKf0jRsF+Q7DdiM2vCeyk8 root@ubuntu-xenial
[   30.838935] cloud-init[957]: The key's randomart image is:
[   30.839651] cloud-init[957]: +---[DSA 1024]----+
[   30.844502] cloud-init[957]: | .o*+     .=+    |
[   30.844848] cloud-init[957]: |.... . ...B..o   |
[   30.845205] cloud-init[957]: |. . . .o.O.*.    |
[   30.845901] cloud-init[957]: |   o  . @ + +    |
[   30.852740] cloud-init[957]: |. o .. +S* o .   |
[   30.853054] cloud-init[957]: | +   o..o . .    |
[   30.853336] cloud-init[957]: |. .   *  E       |
[   30.853687] cloud-init[957]: | .   +..o        |
[   30.854294] cloud-init[957]: |      .+o.       |
[   30.866385] cloud-init[957]: +----[SHA256]-----+
[   30.866737] cloud-init[957]: Generating public/private ecdsa key pair.
[   30.867134] cloud-init[957]: Your identification has been saved in /etc/ssh/ssh_host_ecdsa_key.
[   30.867373] cloud-init[957]: Your public key has been saved in /etc/ssh/ssh_host_ecdsa_key.pub.
[   30.867733] cloud-init[957]: The key fingerprint is:
[   30.867970] cloud-init[957]: SHA256:r6uQieg3II3rP9q1xmby8sACnkDFbucGRpW75URgi8M root@ubuntu-xenial
[   30.868211] cloud-init[957]: The key's randomart image is:
[   30.868585] cloud-init[957]: +---[ECDSA 256]---+
[   30.868957] cloud-init[957]: |  ...+o          |
[[0;32m  OK  [0m] Listening on Socket activation for snappy daemon.
[[0;32m  OK  [0m] Started iSCSI initiator daemon (iscsid).
[   30.870123] cloud-init[957]: |  ooo...         |
[   31.016847] cloud-init[957]: | .oE .o          |
[   31.045783] cloud-init[957]: |.  =.o o         |
[   31.078895] cloud-init[957]: |ooo + = S        |
[   31.081367] cloud-init[957]: |*o+. * . .       |
[   31.088719] cloud-init[957]: |o=oo*.    .      |
[   31.092827] cloud-init[957]: |o o*o*.  .       |
[   31.093501] cloud-init[957]: |.++o@+..o.       |
         Starting Login to default iSCSI targets...
[   31.094470] cloud-init[957]: +----[SHA256]-----+
[   31.128252] cloud-init[957]: Generating public/private ed25519 key pair.
[   31.128493] cloud-init[957]: Your identification has been saved in /etc/ssh/ssh_host_ed25519_key.
[   31.128729] cloud-init[957]: Your public key has been saved in /etc/ssh/ssh_host_ed25519_key.pub.
[   31.128967] cloud-init[957]: The key fingerprint is:
[   31.129284] cloud-init[957]: SHA256:1b5lgs034avQ2oGKNYN0kRU03FAA5n836UPu9sH4254 root@ubuntu-xenial
[   31.129520] cloud-init[957]: The key's randomart image is:
[   31.129764] cloud-init[957]: +--[ED25519 256]--+
[   31.130001] cloud-init[957]: |        o+B*.    |
[   31.130240] cloud-init[957]: |       o o.o.    |
[   31.130478] cloud-init[957]: |        + . . .  |
[   31.130709] cloud-init[957]: |         + = . o |
[   31.131030] cloud-init[957]: |      . S o * @  |
[   31.131272] cloud-init[957]: |     . o   + @o+ |
[   31.131515] cloud-init[957]: |      . + o +.=o |
[   31.131760] cloud-init[957]: |       o + + +o.+|
[   31.133306] cloud-init[957]: |      . . . o..E=|
[   31.133556] cloud-init[957]: +----[SHA256]-----+
[[0;32m  OK  [0m] Reached target Sockets.
[[0;32m  OK  [0m] Reached target Basic System.
         Starting Virtualbox guest utils...
[[0;32m  OK  [0m] Started D-Bus System Message Bus.
         Starting Pollinate to seed the pseudo random number generator...
         Starting System Logging Service...
         Starting Login Service...
         Starting LSB: Record successful boot for GRUB...
[[0;32m  OK  [0m] Started Regular background program processing daemon.
         Starting /etc/rc.local Compatibility...
[[0;32m  OK  [0m] Started FUSE filesystem for LXC.
         Starting Snappy daemon...
         Starting LSB: MD monitoring daemon...
         Starting Accounts Service...
[[0;32m  OK  [0m] Started ACPI event daemon.
[[0;32m  OK  [0m] Started Deferred execution scheduler.
         Starting LXD - container startup/shutdown...
[[0;32m  OK  [0m] Started /etc/rc.local Compatibility.
[[0;32m  OK  [0m] Started System Logging Service.
[[0;32m  OK  [0m] Started Login Service.
[[0;32m  OK  [0m] Started Unattended Upgrades Shutdown.
         Starting Authenticate and Authorize Users to Run Privileged Tasks...
[[0;32m  OK  [0m] Started Login to default iSCSI targets.
[[0;32m  OK  [0m] Started LSB: Record successful boot for GRUB.
[[0;32m  OK  [0m] Started LSB: MD monitoring daemon.
[[0;32m  OK  [0m] Reached target Remote File Systems (Pre).
[[0;32m  OK  [0m] Reached target Remote File Systems.
         Starting Permit User Sessions...
         Starting LSB: Set the CPU Frequency Scaling governor to "ondemand"...
         Starting LSB: automatic crash report generation...
         Starting LSB: daemon to balance interrupts for SMP systems...
[[0;32m  OK  [0m] Started Permit User Sessions.
         Starting Hold until boot process finishes up...
         Starting Terminate Plymouth Boot Screen...
[[0;32m  OK  [0m] Started Hold until boot process finishes up.
         Starting Set console scheme...
[[0;32m  OK  [0m] Started Getty on tty1.
[[0;32m  OK  [0m] Started Serial Getty on ttyS0.
[[0;32m  OK  [0m] Reached target Login Prompts.
[[0;32m  OK  [0m] Started Terminate Plymouth Boot Screen.
[[0;32m  OK  [0m] Started Set console scheme.
[[0;32m  OK  [0m] Started Authenticate and Authorize Users to Run Privileged Tasks.
[[0;32m  OK  [0m] Started Accounts Service.
[[0;32m  OK  [0m] Started LSB: Set the CPU Frequency Scaling governor to "ondemand".
[[0;32m  OK  [0m] Started LXD - container startup/shutdown.
[[0;32m  OK  [0m] Started LSB: daemon to balance interrupts for SMP systems.
[[0;32m  OK  [0m] Started LSB: automatic crash report generation.
[[0;32m  OK  [0m] Started Virtualbox guest utils.
[[0;32m  OK  [0m] Started Snappy daemon.
         Starting Wait until snapd is fully seeded...
[[0;32m  OK  [0m] Started Pollinate to seed the pseudo random number generator.
         Starting OpenBSD Secure Shell server...
[[0;32m  OK  [0m] Started OpenBSD Secure Shell server.
[[0;32m  OK  [0m] Created slice User Slice of vagrant.
         Starting User Manager for UID 1000...
[[0;32m  OK  [0m] Started Session 1 of user vagrant.
[[0;32m  OK  [0m] Started User Manager for UID 1000.

Ubuntu 16.04.6 LTS ubuntu-xenial ttyS0

ubuntu-xenial login: [   42.797009] cloud-init[1397]: Generating locales (this might take a while)...
[   46.276526] cloud-init[1397]:   en_US.UTF-8... done
[   46.295173] cloud-init[1397]: Generation complete.
[   48.651090] cloud-init[1397]: Cloud-init v. 19.1-1-gbaa47854-0ubuntu1~16.04.1 running 'modules:config' at Thu, 22 Aug 2019 17:01:36 +0000. Up 42.04 seconds.
ci-info: no authorized ssh keys fingerprints found for user ubuntu.
<14>Aug 22 17:01:44 ec2: 
<14>Aug 22 17:01:44 ec2: #############################################################
<14>Aug 22 17:01:44 ec2: -----BEGIN SSH HOST KEY FINGERPRINTS-----
<14>Aug 22 17:01:44 ec2: 1024 SHA256:aq9kDCgvFUhHEcF3d20QqlKf0jRsF+Q7DdiM2vCeyk8 root@ubuntu-xenial (DSA)
<14>Aug 22 17:01:44 ec2: 256 SHA256:r6uQieg3II3rP9q1xmby8sACnkDFbucGRpW75URgi8M root@ubuntu-xenial (ECDSA)
<14>Aug 22 17:01:44 ec2: 256 SHA256:1b5lgs034avQ2oGKNYN0kRU03FAA5n836UPu9sH4254 root@ubuntu-xenial (ED25519)
<14>Aug 22 17:01:44 ec2: 2048 SHA256:GGzgBsgOK+1GO43gNzgWHBO1PNqSOh1oOg0RILTxqPE root@ubuntu-xenial (RSA)
<14>Aug 22 17:01:44 ec2: -----END SSH HOST KEY FINGERPRINTS-----
<14>Aug 22 17:01:44 ec2: #############################################################
-----BEGIN SSH HOST KEY KEYS-----
ecdsa-sha2-nistp256 AAAAE2VjZHNhLXNoYTItbmlzdHAyNTYAAAAIbmlzdHAyNTYAAABBBLLJ2hUeusA9mv7zxu7/H0EDIoiaPtuSJyNTdaNrgv2/vLMcZ6sScxgfONUp0GDcq4CXJd4B8IWsgYw6f9W5hiI= root@ubuntu-xenial
ssh-ed25519 AAAAC3NzaC1lZDI1NTE5AAAAIKVN6crn4jH+QA+vpkhMWwrmyJWjhjuC5j2p2OkYeWuO root@ubuntu-xenial
ssh-rsa AAAAB3NzaC1yc2EAAAADAQABAAABAQDQIvLwXDlQv52bQ5itjCgoYeLZZA2u/IWxYxFFUn08u429yAtN0fo06Il0w+wbX7uw2aC18WonSIMPX/XmE/OUFgZsMIZgoYbP6bftuuCezJAf/Jq/hvymA1nmsDUyqZMjZEdmP2bv8swXgjhZyGaq1QaKcau29Fep5Ql44GYYEhc2gToM+bOMN1NPVZzyS6K86cVbXIl5FGyjuI5LEHNBdS5NNuQogd6AIS2uuegcf4B6Nca99henbBXP25tCwry0OmYq1EJ1QWHAkMExtUsyAvSITSg/bwulZoS2Q+Pz7Oa7iZ2H+7WyJ9KAKYVxkpvUx/so3oLKMhWeNrq1ZIPv root@ubuntu-xenial
-----END SSH HOST KEY KEYS-----
[   50.418373] cloud-init[1593]: Cloud-init v. 19.1-1-gbaa47854-0ubuntu1~16.04.1 running 'modules:final' at Thu, 22 Aug 2019 17:01:44 +0000. Up 49.77 seconds.
[   50.419127] cloud-init[1593]: ci-info: no authorized ssh keys fingerprints found for user ubuntu.
[   50.419833] cloud-init[1593]: Cloud-init v. 19.1-1-gbaa47854-0ubuntu1~16.04.1 finished at Thu, 22 Aug 2019 17:01:44 +0000. Datasource DataSourceNoCloud [seed=/dev/sdb][dsmode=net].  Up 50.38 seconds
