[    0.000000] Initializing cgroup subsys cpuset
[    0.000000] Initializing cgroup subsys cpu
[    0.000000] Initializing cgroup subsys cpuacct
[    0.000000] Linux version 4.4.0-154-generic (buildd@lgw01-amd64-049) (gcc version 5.4.0 20160609 (Ubuntu 5.4.0-6ubuntu1~16.04.10) ) #181-Ubuntu SMP Tue Jun 25 05:29:03 UTC 2019 (Ubuntu 4.4.0-154.181-generic 4.4.179)
[    0.000000] Command line: BOOT_IMAGE=/boot/vmlinuz-4.4.0-154-generic root=LABEL=cloudimg-rootfs ro console=tty1 console=ttyS0
[    0.000000] KERNEL supported cpus:
[    0.000000]   Intel GenuineIntel
[    0.00000]   AMD AuthenticAMD
    0.000000]   Cntaur CentaurHauls
[    0.000000] x86/fpu: Legacy x87 FPU detected.
[    0.000000] e820: BIOS-provided physical RAM map:
[    0.000000] BIOS-e820: [mem 0x0000000000000000-0x000000000009fbff] usable
[    0.000000] BIOS-e820: [mem 0x000000000009fc00-0x000000000009ffff] reserved
[    0.000000] BIOS-e820: [mem 0x00000000000f0000-0x00000000000fffff] reserved
[    0.000000] BIOS-e820: [mem 0x0000000000100000-0x00000003ffeffff] usable
[    0.000000] BIOS-e820: [mem 0x000000003fff0000-0x000000003fffffff] ACPI data
[    0.000000] BIOS-e820: [mem 0x00000000fec00000-0x00000000fec00fff] reserved
[    0.000000] BIOS-e820: [mem 0x00000000fee00000-0x00000000fee00fff] reserved
[    0.000000] BIOS-e820: [mem 0x00000000fffc0000-0x00000000ffffffff] reserved
[    0.000000] NX (Execute Disable) protection: active
[    0.000000] SMBIOS 2.5 present.
[    0.000000] Hypervisor detected: KVM
[    0.000000] e820: last_pfn = 0x3fff0 max_arch_pfn = 0x400000000
[    0.000000] MTRR: Disabled
[    0.000000] x86/PAT: MTRRs disabled, skipping PAT initialization too.
[    0.000000] CPU MTRRs all blank - virtualized system.
[    0.000000] x86/PAT: Configuration [0-7]: WB  WT  UC- UC  WB  WT  UC- UC  
[    0.000000] found SMP MP-table at [mem 0x0009fff0-0x0009ffff] mapped at [ffff88000009fff0]
[    0.000000] Scanning 1 areas for low memory corruption
[    0.000000] RAMDISK: [mem 0x362fa000-0x37174fff]
[    0.000000] ACPI: Early table checksum verification disabled
[    0.000000] ACPI: RSDP 0x00000000000E0000 000024 (v02 VBOX  )
[    0.000000] ACPI: XSDT 0x000000003FFF0030 00003C (v01 VBOX   VBOXXSDT 00000001 ASL  0000001)
[    0.000000] ACPI: FACP 0x000000003FFF00F0 0000F4 (v04 VBOX   VBOXFACP 00000001 ASL  00000061)
[    0.000000] ACPI: DSDT 0x000000003FFF0470 0021FF (v02 VBOX   VBOXBIOS 00000002 INTL 20180105)
[    0.000000] ACPI: FACS 0x000000003FFF0200 000040
[    0.000000] ACPI: FACS 0x000000003FFF0200 000040
[    0.000000] ACPI: APIC 0x000000003FFF0240 00005C (v02 VBOX   VBOXAPIC 00000001 ASL  00000061)
[    0.000000] ACPI: SSDT 0x000000003FFF02A0 0001CC (v01 VBOX   VBOXCPUT 00000002 INTL 20180105)
[    0.000000] No NUMA configuration found
[    0.000000] Faking a node at [mem 0x0000000000000000-0x000000003ffeffff]
[    0.000000] NODE_DATA(0) allocated [mem 0x3ffeb000-0x3ffeffff]
[    0.000000] kvm-clock: Using msrs 4b564d01 and 4b564d00
[    0.000000] kvm-clock: cpu 0, msr 0:3ffe3001, primary cpu clock
[    0.000000] kvm-clock: using sched offset of 5006481404 cycles
[    0.000000] clocksource: kvm-clock: mask: 0xffffffffffffffff max_cycles: 0x1cd42e4dffb, max_idle_ns: 881590591483 ns
[    0.000000] Zone ranges:
[    0.000000]   DMA      [mem 0x0000000000001000-0x0000000000ffffff]
[    0.000000]   DMA32    [mem 0x0000000001000000-0x000000003ffeffff]
[    0.000000]   Normal   empty
[    0.000000]   Device   empty
[    0.000000] Movable zone start for each node
[    0.000000] Early memory node ranges
[    0.000000]   node   0: [mem 0x0000000000001000-0x000000000009efff]
[    0.000000]   node   0: [mem 0x0000000000100000-0x000000003ffeffff]
[    0.000000] Initmem setup node 0 [mem 0x0000000000001000-0x000000003ffeffff]
[    0.000000] ACPI: PM-Timer IO Port: 0x4008
[    0.000000] IOAPIC[0]: apic_id 2, version 32, address0xfec00000, GSI 0-23
[    0.000000] ACPI: INT_SRC_OVR (bus 0 bus_irq 0 global_irq 2 dfl dfl)
[    0.000000] ACPI: INT_SRC_OVR (bus  bus_irq 9 global_irq 9 low level)
[    0.000000] Using ACPI (MADT) for SMP configuration information
[    0.000000] smpboot: Allowing 2 CPUs, 0 hotplug CPUs
[    0.000000] PM: Registered nosave memory: [mem 0x00000000-0x00000fff]
[    0.000000] PM: Registered nosave memory: [mem 0x0009f000-0x0009ffff]
[    0.000000] PM: Registered nosave memory: [mem 0x000a0000-0x000effff]
[    0.000000] PM: Registered nosave memory: [mem 0x000f0000-0x000fffff]
[    0.000000] e820: [mem 0x40000000-0xfebfffff] available for PCI devices
[    0.000000] Booting paravirtualized kernel on KVM
[    0.000000] clocksource: refined-jiffies: mask: 0xffffffff max_cycles: 0xffffffff, max_idle_ns: 7645519600211568 ns
[    0.000000] setup_percp: R_PUS:512 nr_cpumask_bits:512 nr_cpu_ids:2 nr_node_ids:1
[    0.000000] PERCPU: Embedded 34 pages/cpu @ffff88003fc00000 s99480 r8192 d31592 u1048576
[    0.000000] Built 1 zonelists in Node order, mobility grouping on.  Total pages: 257912
[    0.000000] Policy zone: DMA32
[    0.000000] Kernel command line: BOOT_IMAGE=/boot/vmlinuz-4.4.0-154-generic root=LABEL=cloudimg-rootfs ro console=tty1 console=ttyS0
[    0.000000] PID hash table entries: 4096 (order: 3, 32768 bytes)
[    0.000000] Memory: 997732K/1048120K available (8613K kernel code, 1335K rwdata, 4028K rodata, 1484K init, 1284K bss, 50388K reserved, 0K cma-reserved)
[    0.000000] SLUB: HWalign=64, Order=0-3, MinObjects=0, CPUs=2, Nodes=1
[    0.000000] Kernel/User page tables isolation: enabled
[    0.000000] Hierarchical RCU implementation.
[    0.000000] 	Build-time adjustment of leaf fanout to 64.
[    0.000000] 	RCU restricting CPUs from NR_CPUS=512 to nr_cpuids=2.
[    0.000000] RCU: Adjusting geometry for rcu_fanout_leaf=64, nr_cpu_ids=2
[    0.000000] NR_IRQS:33024 nr_irqs:440 16
[    0.000000] Console: colour VGA+ 80x25
[    0.000000] console [tty1] enabled
[    0.000000] console [ttyS0] enabled

[    0.000000] tsc: Detected 2992.498 MHz processor
[    2.044993] Calibrating delay loop (skipped) preset value.. 5984.99 BogoMIPS (lpj=11969992)
[    2.173127] pid_max: default: 32768 minimum: 301
[    2.174661] ACPI: Core revision 20150930
[    2.210366] ACPI: 2 ACPI AML tables successfully acquired and loaded
[    2.252803] Security Framework initialized
[    2.254226] Yama: becoming mindful.
[    2.255605] AppArmor: AppArmor initialized
[    2.257191] Dentry cache hash table entries: 131072 (order: 8, 1048576 bytes)
[    2.259788] Inode-cache hash table entries: 65536 (order: 7, 524288 bytes)
[    2.262061] Mount-cache hash table entries: 2048 (order: 2, 16384 bytes)
[    2.280008] Mountpoint-cache hash table entries: 2048 (order: 2, 16384 bytes)
[    2.282860] Initializing cgroup subsys io
[    2.351899] Initializing cgroup subsys memory
[    2.451893] Initializing cgroup subsys devices
[    2.549376] Initializing cgroup subsys freezer
[    2.550869] Initializing cgroup subsys net_cls
[    2.552402] Initializing cgroup subsys perf_event
[    2.553942] Initializing cgroup subsys net_prio
[    2.555463] Initializing cgroup subsys hugetlb
[    2.636046] Initializing cgroup subsys pids
[    2.637593] mce: CPU supports 0 MCE banks
[    2.639046] Last level iTLB entries: 4KB 128, 2MB 4, 4MB 4
[    2.740175] Last level dTLB entries: 4KB 256, 2MB 0, 4MB 32, 1GB 0
[    2.765087] Spectre V2 : Mitigation: Full generic retpoline
[    2.808951] Spectre V2 : Spectre v2 / SpectreRSB mitigation: Filling RSB on context switch
[    2.920716] Speculative Store Bypass: Vulnerable
[    3.030303] MDS: Vulnerable: Clear CPU buffers attempted, no microcode
[    3.035832] Freeing SMP alternatives memory: 36K
[    3.045076] ftrace: allocating 32299 entries in 127 pages
[    3.115484] smpboot: APIC(0) Converting physical 0 to logical package 0
[    3.246634] smpboot: Max logical packages: 1
[    3.332349] x2apic enabled
[    3.333993] Switched APIC routing to physical x2apic.
[    3.338006] ..TIMER: vector=0x30 apic1=0 pin1=2 apic2=-1 pin2=-1
[    3.447539] smpboot: CPU0: Intel(R) Core(TM)2 Duo CPU     E8400  @ 3.00GHz (family: 0x6, model: 0x17, stepping: 0xa)
[    3.464192] Performance Events: unsupported p6 CPU model 23 no PMU driver, software events only.
[    3.615347] KVM setup paravirtual spinlock
[    3.681919] x86: Booting SMP configuration:
[    3.760277] .... node  #0, CPUs:      #1
[    3.824381] kvm-clock: cpu 1, msr 0:3ffe3041, secondary cpu clock
[    3.837408] mce: CPU supports 0 MCE banks
[    3.840574] x86: Booted up 1 node, 2 CPUs
[    3.842433] smpboot: Total of 2 processors activated (11969.99 BogoMIPS)
[    3.851396] devtmpfs: initialized
[    3.871877] evm: security.selinux
[    3.890357] evm: security.SMACK64
[    3.891635] evm: security.SMACK64EXEC
[    3.925118] evm: security.SMACK64TRANSMUTE
[    3.945067] evm: security.SMACK64MMAP
[    3.967943] evm: security.ima
[    3.995796] evm: security.capability
[    3.997382] clocksource: jiffies: mask: 0xffffffff max_cycles: 0xffffffff, max_idle_ns: 7645041785100000 ns
[    4.119772] futex hash table entries: 512 (order: 3, 32768 bytes)
[    4.164719] pinctrl core: initialized pinctrl subsystem
[    4.170122] RTC time: 16:50:13, date: 08/22/19
[    4.172022] NET: Registered protocol family 16
[    4.183169] cpuidle: using governor ladder
[    4.227179] cpuidle: using governor menu
[    4.261302] PCCT header not found.
[    4.262614] ACPI: bus type PCI registered
[    4.264021] acpiphp: ACPI Hot Plug PCI Controller Driver version: 0.5
[    4.266071] PCI: Using configuration type 1 for base access
[    4.280145] ACPI: Added _OSI(Module Device)
[    4.281587] ACPI: Added _OSI(Processor Device)
[    4.283069] ACPI: Added _OSI(3.0 _SCP Extensions)
[    4.303861] ACPI: Added _OSI(Processor Aggregator Device)
[    4.382472] ACPI: Executed 1 blocks of module-level executable AML code
[    4.450140] ACPI: Interpreter enabled
[    4.487869] ACPI: (supports S0 S5)
[    4.501367] ACPI: Using IOAPIC for interrupt routing
[    4.503172] PCI: Using host bridge windows from ACPI; if necessary, use "pci=nocrs" and report a bug
[    4.582551] ACPI: PCI Root Bridge [PCI0] (domain 0000 [bus 00-ff])
[    4.584433] acpi PNP0A03:00: _OSC: OS supports [ASPM ClockPM Segments MSI]
[    4.586447] acpi PNP0A03:00: _OSC: not requesting OS control; OS requires [ExtendedConfig ASPM ClockPM MSI]
[    4.616799] acpi PNP0A03:00: fail to add MMCONFIG information, can't access extended PCI configuration space under this bridge.
[    4.750488] PCI host bridge to bus 0000:00
[    4.751913] pci_bus 0000:00: root bus resource [io  0x0000-0x0cf7 window]
[    4.753905] pci_bus 0000:00: root bus resource [io  0x0d00-0xffff window]
[    4.755914] pci_bus 0000:00: root bus resource [mem 0x000a0000-0x000bffff window]
[    4.758520] pci_bus 0000:00: root bus resource [mem 0x40000000-0xfdffffff window]
[    4.769816] pci_bus 0000:00: root bus resource [bus 00-ff]
[    4.773665] pci 0000:00:01.1: legacy IDE quirk: reg 0x10: [io  0x01f0-0x01f7]
[    4.775763] pci 0000:00:01.1: legacy IDE quirk: reg 0x14: [io  0x03f6]
[    4.777706] pci 0000:00:01.1: legacy IDE quirk: reg 0x18: [io  0x0170-0x0177]
[    4.779773] pci 0000:00:01.1: legacy IDE quirk: reg 0x1c: [io  0x0376]
[    4.806832] pci 0000:00:07.0: quirk: [io  0x4000-0x403f] claimed by PIIX4 ACPI
[    4.810599] pci 0000:00:07.0: quirk: [io  0x4100-0x410f] claimed by PIIX4 SMB
[    4.821076] ACPI: PCI Interrupt Link [LNKA] (IRQs 5 9 10 *11)
[    4.826148] ACPI: PCI Interrupt Link [LNKB] (IRQs 5 9 *10 11)
[    4.828602] ACPI: PCI Interrupt Link [LNKC] (IRQs 5 *9 10 11)
[    4.831027] ACPI: PCI Interrupt Link [LNKD] (IRQs 5 9 10 *11)
[    4.833571] ACPI: Enabled 2 GPEs in block 00 to 07
[    4.858476] vgaarb: setting as boot device: PCI:0000:00:02.0
[    4.860238] vgaarb: device added: PCI:0000:00:02.0,decodes=io+mem,owns=io+mem,locks=none
[    4.863002] vgaarb: loaded
[    4.864124] vgaarb: bridge control possible 0000:00:02.0
[    4.871634] SCSI subsystem initialized
[    4.873459] ACPI: bus type USB registered
[    4.874921] usbcore: registered new interface driver usbfs
[    4.877764] usbcore: registered new interface driver hub
[    4.879480] usbcore: registered new device driver usb
[    4.882657] PCI: Using ACPI for IRQ routing
[    4.884819] NetLabel: Initializing
[    4.886094] NetLabel:  domain hash size = 128
[    4.887572] NetLabel:  protocols = UNLABELED CIPSOv4
[    4.889232] NetLabel:  unlabeled traffic allowed by default
[    4.891368] amd_nb: Cannot enumerate AMD northbridges
[    4.925346] clocksource: Switched to clocksource kvm-clock
[    4.947740] Apprmr: AppArmor Fiesstem Enabled
[    5.122345] pnp: PnP ACPI init
[    5.124607] pnp: PnP ACPI: found 3 devices

[    5.137819] clocksource: acpi_pm: mask: 0xffffff max_cycles: 0xffffff, max_idle_ns: 2085701024 ns
[    5.140849] NET: Registered protocol family 2
[    5.142920] TCP established hash table entries: 8192 (order: 4, 65536 bytes)
[    5.145143] TCP bind hash table entries: 8192 (order: 5, 131072 bytes)
[    5.147209] TCP: Hash tables configured (established 8192 bind 8192)
[    5.149259] UDP hash table entries: 512 (order: 2, 16384 bytes)
[    5.151178] UDP-Lite hash table entries: 512 (order: 2, 16384 bytes)
[    5.153255] NET: Registered protocol family 1
[    5.154841] pci 0000:00:00.0: Limiting direct PCI/PCI transfers
[    5.156761] pci 0000:00:01.0: Activating ISA DMA hang workarounds
[    5.158944] Unpacking initramfs...
[  5.412870] Freeing initrd memory: 14828K
[    5.473797] clocksource: tsc: mask: 0xffffffffffffffff max_cycles: 0x2b2296bc2b9, max_idle_ns: 440795321505 ns
[    5.477064] platform rtc_cmos: registered platform RTC device (no PNP device found)
[    5.479831] Scanning for low memory corruption every 60 seconds

[    5.482819] audit: initializing netlink subsys (disabled)
[    5.484668] audit: type=2000 audit(1566492616.714:1): initialized
[    5.496366] Initialise system trusted keyring
[    5.498088] HugeTLB registered 2 MB page size, pre-allocated 0 pages
[    5.502066] zbud: loaded
[    5.503620] VFS: Disk quotas dquot_6.6.0
[    5.505136] VFS: Dquot-cache hash table entries: 512 (order 0, 4096 bytes)
[    5.608495] squashfs: version 4.0 (2009/01/31) Phillip Lougher
[    5.616143] fuse init (API version 7.23)
[    5.620652] Key type big_key registered
[    5.622099] Allocating IMA MOK and blacklist keyrings.
[    5.625381] Key type asymmetric registered
[    5.635778] Asymmetric key parser 'x509' registered
[    5.637527] Block layer SCSI generic (bsg) driver version 0.4 loaded (major 249)
[    5.640363] io scheduler noop registered
[    5.641850] io scheduler deadline registered (default)
[    5.643629] io scheduler cfq registered
[    5.645209] pci_hotplug: PCI Hot Plug PCI Core version: 0.5
[    5.700123] pciehp: PCI Express Hot Plug Controller Driver version: 0.4
[    5.702387] ACPI: AC Adapter [AC] (on-line)
[    5.703990] input: Power Button as /devices/LNXSYSTM:00/LNXPWRBN:00/input/input0
[    5.706763] ACPI: Power Button [PWRF]
[    5.708228] input: Sleep Button as /devices/LNXSYSTM:00/LNXSLPBN:00/input/input1
[    5.710960] ACPI: Sleep Button [SLPF]
[    5.787877] GHES: HEST is not enabled!
[    5.847953] Serial: 8250/16550 driver, 32 ports, IRQ sharing enabled
[    5.872963] 00:02: ttyS0 at I/O 0x3f8 (irq = 4, base_baud = 115200) is a 16550A
[    5.892857] Linux agpgart interface v0.103
[    5.897214] loop: module loaded
[    5.899433] scsi host0: ata_piix
[    5.900916] scsi host1: ata_piix
[    5.902253] ata1: PATA max UDMA/33 cmd 0x1f0 ctl 0x3f6 bmdma 0xd000 irq 14
[    5.904312] ata2: PATA max UDMA/33 cmd 0x170 ctl 0x376 bmdma 0xd008 irq 15
[    5.906531] libphy: Fixed MDIO Bus: probed
[    5.908061] tun: Universal TUN/TAP device driver, 1.6
[    5.909701] tun: (C) 1999-2004 Max Krasnyansky <maxk@qualcomm.com>
[    5.911678] PPP generic driver version 2.4.2
[    5.913256] ehci_hcd: USB 2.0 'Enhanced' Host Controller (EHCI) Driver
[    5.927350] ehci-pci: EHCI PCI platform driver
[    5.928883] ehci-platform: EHCI generic platform driver
[    5.930606] ohci_hcd: USB 1.1 'Open' Host Controller (OHCI) Driver
[    5.932512] ohci-pci: OHCI PCI platform driver
[    5.934034] ohci-platform: OHCI generic platform driver
[    5.937136] uhci_hcd: USB Universal Host Controller Interface driver
[    5.939179] i8042: PNP: PS/2 Controller [PNP0303:PS2K,PNP0f03:PS2M] at 0x60,0x64 irq 1,12
[    5.942708] serio: i8042 KBD port at 0x60,0x64 irq 1
[    5.944342] serio: i8042 AUX port at 0x60,0x64 irq 12
[    5.946189] mousedev: PS/2 mouse device common for all mice
[    5.948758] input: AT Translated Set 2 keyboard as /devices/platform/i8042/serio0/input/input2
[    5.951732] rtc_cmos rtc_cmos: rtc core: registered rtc_cmos as rtc0
[    6.043689] rtc_cmos rtc_cmos: alarms up to one day, 114 bytes nvram
[    6.101355] i2c /dev entries driver
[    6.103315] device-mapper: uevent: version 1.0.3
[    6.105762] device-mapper: ioctl: 4.34.0-ioctl (2015-10-28) initialised: dm-devel@redhat.com
[    6.109962] ledtrig-cpu: registered to indicate activity on CPUs
[    6.117366] NET: Registered protocol family 10
[    6.139334] NET: Registered protocol family 17
[    6.210342] Key type dns_resolver registered
[    6.306940] registered taskstats version 1
[    6.308406] Loading compiled-in X.509 certificates
[    6.310988] Loaded X.509 cert 'Build time autogenerated kernel key: 65139e04a67245b562a838c28b5e7032abdd4348'
[    6.314213] zswap: loaded using pool lzo/zbud
[    6.328306] Key type trusted registered
[    6.355361] Key type encrypted registered
[    6.356814] AppArmor: AppArmor sha1 policy hashing enabled
[    6.358643] ima: No TPM chip found, activating TPM-bypass!
[    6.360384] ima: Allocated hash algorithm: sha1
[    6.362011] evm: HMAC attrs: 0x1
[    6.363607]   Magic number: 15:151:844
[    6.365108] rtc_cmos rtc_cmos: setting system clock to 2019-08-22 16:50:15 UTC (1566492615)
[    6.373693] BIOS EDD facility v0.16 2004-Jun-25, 0 devices found
[    6.375535] EDD information not available.
[    6.382471] Freeing unused kernel memory: 1484K
[    6.397411] Write protecting the kernel read-only data: 14336k
[    6.412954] Freeing unused kernel memory: 1616K
[    6.414855] Freeing unused kernel memory: 68K
Loading, please wait...
starting version 229
[    6.557809] random: systemd-udevd: uninitialized urandom read (16 bytes read, 2 bits of entropy available)
[    6.564615] random: systemd-udevd: uninitialized urandom read (16 bytes read, 2 bits of entropy available)
[    6.568085] random: udevadm: uninitialized urandom read (16 bytes read, 2 bits of entropy available)
[    6.568192] random: udevadm: uninitialized urandom read (16 bytes read, 2 bits of entropy available)
[    6.579422] random: systemd-udevd: uninitialized urandom read (16 bytes read, 2 bits of entropy available)
[    6.584550] random: systemd-udevd: uninitialized urandom read (16 bytes read, 2 bits of entropy available)
[    6.621155] random: systemd-udevd: uninitialized urandom read (16 bytes read, 2 bits of entropy available)
[    6.626470] random: systemd-udevd: uninitialized urandom read (16 bytes read, 2 bits of entropy available)
[    6.631681] random: systemd-udevd: uninitialized urandom read (16 bytes read, 2 bits of entropy available)
[    6.650176] random: systemd-udevd: uninitialized urandom read (16 bytes read, 2 bits of entropy available)
[    6.928210] e1000: Intel(R) PRO/1000 Network Driver - version 7.3.21-k8-NAPI
[    6.931630] e1000: Copyright (c) 1999-2006 Intel Corporation.
[    6.938755] Fusion MPT base driver 3.04.20
[    6.965714] Copyright (c) 1999-2008 LSI Corporation
[    6.996316] Fusion MPT SPI Host driver 3.04.20
[    7.196709] input: ImExPS/2 Generic Explorer Mouse as /devices/platform/i8042/serio1/input/input4
[    7.520960] e1000 0000:00:03.0 eth0: (PCI:33MHz:32-bit) 02:1e:e5:6d:71:21
[    7.524109] e1000 0000:00:03.0 eth0: Intel(R) PRO/1000 Network Connection
[    7.527420] mptbase: ioc0: Initiating bringup
[    7.532331] e1000 0000:00:03.0 enp0s3: renamed from eth0
[    7.589941] ioc0: LSI53C1030 A0: Capabilities={Initiator}
[    7.751457] scsi host2: ioc0: LSI53C1030 A0, FwRev=00000000h, Ports=1, MaxQ=256, IRQ=20
[    7.869791] scsi 2:0:0:0: Direct-Access     VBOX     HARDDISK         1.0  PQ: 0 ANSI: 5
[    7.879724] scsi target2:0:0: Beginning Domain Validation
[    7.882519] scsi target2:0:0: Domain Validation skipping write tests
[    7.884426] scsi target2:0:0: Ending Domain Validation
[    7.886172] scsi target2:0:0: asynchronous
[    7.888010] scsi 2:0:1:0: Direct-Access     VBOX     HARDDISK         1.0  PQ: 0 ANSI: 5
[    7.890765] scsi target2:0:1: Beginning Domain Validation
[    7.893555] scsi target2:0:1: Domain Validation skipping write tests
[    7.895455] scsi target2:0:1: Ending Domain Validation
[    7.897157] scsi target2:0:1: asynchronous
[    7.905129] sd 2:0:0:0: Attached scsi generic sg0 type 0
[    7.908025] sd 2:0:0:0: [sda] 20971520 512-byte logical blocks: (10.7 GB/10.0 GiB)
[    7.911072] sd 2:0:1:0: [sdb] 20480 512-byte logical blocks: (10.5 MB/10.0 MiB)
[    7.914287] sd 2:0:0:0: [sda] Write Protect is off
[    7.914427] sd 2:0:1:0: [sdb] Write Protect is off
[    7.914542] sd 2:0:1:0: [sdb] Incomplete mode parameter data
[    7.914543] sd 2:0:1:0: [sdb] Assuming drive cache: write through
[    7.920593] sd 2:0:1:0: Attached scsi generic sg1 type 0
[    7.953625] sd 2:0:1:0: [sdb] Attached SCSI disk
[    8.000156] sd 2:0:0:0: [sda] Incomplete mode parameter data
[    8.002177] sd 2:0:0:0: [sda] Assuming drive cache: write through
[    8.014770]  sda: sda1
[    8.037491] sd 2:0:0:0: [sda] Attached SCSI disk
Begin: Loading essential drivers ... [   10.391041] md: linear personality registered for level -1
[   10.424394] md: multipath personality registered for level -4
[   10.445816] md: raid0 personality registered for level 0
[   10.476072] md: raid1 personality registered for level 1
[   10.573435] raid6: sse2x1   gen()  4982 MB/s
[   10.649840] raid6: sse2x1   xor()  4029 MB/s
[   10.724373] raid6: sse2x2   gen()  7095 MB/s
[   10.827232] raid6: sse2x2   xor()  4717 MB/s
[   10.917583] raid6: sse2x4   gen()  3505 MB/s
[   10.995677] raid6: sse2x4   xor()  6433 MB/s
[   11.189363] raid6: using algorithm sse2x2 gen() 7095 MB/s
[   11.191073] raid6: .... xor() 4717 MB/s, rmw enabled
[   11.192696] raid6: using ssse3x2 recovery algorithm
[   11.201603] xor: measuring software checksum speed
[   11.241418]    prefetch64-sse: 11684.000 MB/sec
[   11.281363]    generic_sse: 10241.000 MB/sec
[   11.282877] xor: using function: prefetch64-sse (11684.000 MB/sec)
[   11.289186] async_tx: api initialized (async)
[   11.331767] md: raid6 personality registered for level 6
[   11.335020] md: raid5 personality registered for level 5
[   11.338254] md: raid4 personality registered for level 4
[   11.404907] md: raid10 personality registered for level 10
done.
Begin: Running /scripts/init-premount ... done.
Begin: Mounting root file system ... Begin: Running /scripts/local-top ... done.
Begin: Running /scripts/local-premount ... [   11.574247] Btrfs loaded
Scanning for Btrfs filesystems
done.
Warning: fsck not present, so skipping root file system
[   11.855065] EXT4-fs (sda1): mounted filesystem with ordered data mode. Opts: (null)
done.
Begin: Running /scripts/local-bottom ... done.
Begin: Running /scripts/init-bottom ... done.
[   12.604314] systemd[1]: systemd 229 running in system mode. (+PAM +AUDIT +SELINUX +IMA +APPARMOR +SMACK +SYSVINIT +UTMP +LIBCRYPTSETUP +GCRYPT +GNUTLS +ACL +XZ -LZ4 +SECCOMP +BLKID +ELFUTILS +KMOD -IDN)
[   12.621269] systemd[1]: Detected virtualization oracle.
[   12.623048] systemd[1]: Detected architecture x86-64.

Welcome to [1mUbuntu 16.04.6 LTS[0m!

[   12.654118] systemd[1]: Set hostname to <ubuntu>.
[   12.674361] systemd[1]: Initializing machine ID from random generator.
[   12.697761] systemd[1]: Installed transient /etc/machine-id file.
[   12.835889] random: nonblocking pool is initialized
[   13.711710] systemd[1]: Listening on Syslog Socket.
[[0;32m  OK  [0m] Listening on Syslog Socket.
[   13.740483] systemd[1]: Listening on Journal Socket.
[[0;32m  OK  [0m] Listening on Journal Socket.
[   13.777853] systemd[1]: Reached target Encrypted Volumes.
[[0;32m  OK  [0m] Reached target Encrypted Volumes.
[   13.790803] systemd[1]: Started Trigger resolvconf update for networkd DNS.
[[0;32m  OK  [0m] Started Trigger resolvconf update for networkd DNS.
[   13.796902] systemd[1]: Reached target User and Group Name Lookups.
[[0;32m  OK  [0m] Reached target User and Group Name Lookups.
[   13.801808] systemd[1]: Listening on udev Control Socket.
[[0;32m  OK  [0m] Listening on udev Control Socket.
[   13.807358] systemd[1]: Listening on Journal Socket (/dev/log).
[[0;32m  OK  [0m] Listening on Journal Socket (/dev/log).
[   13.816511] systemd[1]: Created slice System Slice.
[[0;32m  OK  [0m] Created slice System Slice.
[   13.850478] systemd[1]: Starting Nameserver information manager...
         Starting Nameserver information manager...
[   13.867784] systemd[1]: Starting Remount Root and Kernel File Systems...
         Starting Remount Root and Kernel File Systems...
[   13.891795] systemd[1]: Created slice system-serial\x2dgetty.slice.
[[0;32m  OK  [0m] Created slice system-serial\x2dgetty.slice.
[   13.929853] systemd[1]: Mounting Huge Pages File System...
[   13.982533] EXT4-fs (sda1): re-mounted. Opts: (null)
         Mounting Huge Pages File System...
[   14.070306] systemd[1]: Starting Load Kernel Modules...
         Starting Load Kernel Modules...
[   14.090356] systemd[1]: Mounting POSIX Message Queue File System...
         Mounting POSIX Message Queue File System...
[   14.131221] systemd[1]: Starting Uncomplicated firewall...
         Starting Uncomplicated firewall...
[   14.146714] systemd[1]: Listening on Journal Audit Socket.
[[0;32m  OK  [0m] Listening on Journal Audit Socket.
[   14.162902] systemd[1]: Created slice User and Session Slice.
[[0;32m  OK  [0m] Created slice User and Session Slice.
[   14.172449] systemd[1]: Reached target Slices.
[[0;32m  OK  [0m] Reached target Slices.
[   14.196122] systemd[1]: Listening on LVM2 poll daemon socket.
[[0;32m  OK  [0m] Listening on LVM2 poll daemon socket.
[   14.207687] systemd[1]: Reached target System Time Synchronized.
[[0;32m  OK  [0m] Reached target System Time Synchronized.
[   14.211787] systemd[1]: Listening on udev Kernel Socket.
[[0;32m  OK  [0m] Listening on udev Kernel Socket.[   14.219007] Loading iSCSI transport class v2.0-870.

[   14.248523] iscsi: registered transport (tcp)
[   14.308663] systemd[1]: Starting Journal Service...
         Starting Journal Service...
[   14.326108] systemd[1]: Listening on /dev/initctl Compatibility Named Pipe.
[[0;32m  OK  [0m] Listening on /dev/initctl Compatibility Named Pipe.
[   14.395094] systemd[1]: Starting Create list of required static device nodes for the current kernel...
         Starting Create list of required st... nodes for the current kernel...
[   14.438862] systemd[1]: Listening on Device-mapper event daemon FIFOs.
[[0;32m  OK  [0m] Listening on Device-mapper event daemon FIFOs.
[   14.450254] systemd[1]: Started Forward Password Requests to Wall Directory Watch.
[[0;32m  OK  [0m] Started Forward Password Requests to Wall Directory Watch.
[   14.458982] systemd[1]: Reached target Swap.
[[0;32m  OK  [0m] Reached target Swap.
[   14.480943] iscsi: registered transport (iser)
[   14.481936] systemd[1]: Mounting Debug File System...
         Mounting Debug File System...
[   14.507247] systemd[1]: Listening on LVM2 metadata daemon socket.
[[0;32m  OK  [0m] Listening on LVM2 metadata daemon socket.
[   14.542735] systemd[1]: Starting Monitoring of LVM2 mirrors, snapshots etc. using dmeventd or progress polling...
         Starting Monitoring of LVM2 mirrors... dmeventd or progress polling...
[   14.572259] systemd[1]: Starting Set console keymap...
         Starting Set console keymap...
[   14.581922] systemd[1]: Set up automount Arbitrary Executable File Formats File System Automount Point.
[[0;32m  OK  [0m] Set up automount Arbitrary Executab...ats File System Automount Point.
[   14.684585] systemd[1]: Mounted POSIX Message Queue File System.
[[0;32m  OK  [0m] Mounted POSIX Message Queue File System.
[   14.721722] systemd[1]: Mounted Huge Pages File System.
[[0;32m  OK  [0m] Mounted Huge Pages File System.
[   14.733797] systemd[1]: Mounted Debug File System.
[[0;32m  OK  [0m] Mounted Debug File System.
[   14.738093] systemd[1]: Started Journal Service.
[[0;32m  OK  [0m] Started Journal Service.
[[0;32m  OK  [0m] Started Remount Root and Kernel File Systems.
[[0;32m  OK  [0m] Started Load Kernel Modules.
[[0;32m  OK  [0m] Started Uncomplicated firewall.
[[0;32m  OK  [0m] Started Create list of required sta...ce nodes for the current kernel.
[[0;32m  OK  [0m] Started Nameserver information manager.
[[0;32m  OK  [0m] Started LVM2 metadata daemon.
         Starting Create Static Device Nodes in /dev...
         Starting Apply Kernel Variables...
         Mounting FUSE Control File System...
         Starting Load/Save Random Seed...
         Starting udev Coldplug all Devices...
         Starting Flush Journal to Persistent Storage...
[[0;32m  OK  [0m] Mounted FUSE Control File System.
[[0;32m  OK  [0m] Started Set console keymap.
[[0;32m  OK  [0m] Started Apply Kernel Variables.
[[0;32m  OK  [0m] Started Load/Save Random Seed.
[[0;32m  OK  [0m] Started Monitoring of LVM2 mirrors,...ng dmeventd or progress polling.
[[0;32m  OK  [0m] Started Create Static Device Nodes in /dev.
         Starting udev Kernel Device Manager...
[[0;32m  OK  [0m] Reached target Local File Systems (Pre).
[[0;32m  OK  [0m] Reached target Local File Systems.
         Starting Commit a transient machine-id on disk...
         Starting LSB: AppArmor initialization...
         Starting Tell Plymouth To Write Out Runtime Data...
         Starting Initial cloud-init job (pre-networking)...
         Starting Set console font and keymap...
[[0;32m  OK  [0m] Started Flush Journal to Persistent Storage.
[[0;32m  OK  [0m] Started Commit a transient machine-id on disk.
[[0;32m  OK  [0m] Started Tell Plymouth To Write Out Runtime Data.
         Starting Create Volatile Files and Directories...
[[0;32m  OK  [0m] Started udev Kernel Device Manager.
[[0;32m  OK  [0m] Started udev Coldplug all Devices.
[[0;32m  OK  [0m] Started Create Volatile Files and Directories.
         Starting Update UTMP about System Boot/Shutdown...
[[0;32m  OK  [0m] Started Dispatch Password Requests to Console Directory Watch.
[[0;32m  OK  [0m] Started Update UTMP about System Boot/Shutdown.
[[0;32m  OK  [0m] Found device /dev/ttyS0.
[[0;32m  OK  [0m] Listening on Load/Save RF Kill Switch Status /dev/rfkill Watch.
[[0;32m  OK  [0m] Started LSB: AppArmor initialization.
[   19.259258] cloud-init[456]: Cloud-init v. 19.1-1-gbaa47854-0ubuntu1~16.04.1 running 'init-local' at Thu, 22 Aug 2019 16:50:30 +0000. Up 17.37 seconds.
[[0;32m  OK  [0m] Started Set console font and keymap.
[[0;32m  OK  [0m] Created slice system-getty.slice.
[[0;32m  OK  [0m] Started Initial cloud-init job (pre-networking).
[[0;32m  OK  [0m] Reached target Network (Pre).
         Starting Raise network interfaces...
[[0;32m  OK  [0m] Started Raise network interfaces.
[[0;32m  OK  [0m] Reached target Network.
         Starting Initial cloud-init job (metadata service crawler)...
[   25.970441] cloud-init[951]: Cloud-init v. 19.1-1-gbaa47854-0ubuntu1~16.04.1 running 'init' at Thu, 22 Aug 2019 16:50:36 +0000. Up 22.51 seconds.
[   26.008127] cloud-init[951]: ci-info: ++++++++++++++++++++++++++++++++++++++Net device info++++++++++++++++++++++++++++++++++++++
[   26.053147] cloud-init[951]: ci-info: +--------+------+----------------------------+---------------+--------+-------------------+
[   26.133067] cloud-init[951]: ci-info: | Device |  Up  |          Address           |      Mask     | Scope  |     Hw-Address    |
[   26.157008] cloud-init[951]: ci-info: +--------+------+----------------------------+---------------+--------+-------------------+
[   26.205758] cloud-init[951]: ci-info: | enp0s3 | True |         10.0.2.15          | 255.255.255.0 | global | 02:1e:e5:6d:71:21 |
[   26.294104] cloud-init[951]: ci-info: | enp0s3 | True | fe80::1e:e5ff:fe6d:7121/64 |       .       |  link  | 02:1e:e5:6d:71:21 |
[   26.300899] cloud-init[951]: ci-info: |   lo   | True |         127.0.0.1          |   255.0.0.0   |  host  |         .         |
[   26.301928] cloud-init[951]: ci-info: |   lo   | True |          ::1/128           |       .       |  host  |         .         |
[   26.302501] cloud-init[951]: ci-info: +--------+------+----------------------------+---------------+--------+-------------------+
[   26.303154] cloud-init[951]: ci-info: +++++++++++++++++++++++++++Route IPv4 info++++++++++++++++++++++++++++
[[0;32m  OK  [0m] Started Initial cloud-init job (metadata service crawler).
[   26.305356] cloud-init[951]: ci-info: +-------+-------------+----------+---------------+-----------+-------+
[   26.541544] cloud-init[951]: ci-info: | Route | Destination | Gateway  |    Genmask    | Interface | Flags |
[   26.636600] cloud-init[951]: ci-info: +-------+-------------+----------+---------------+-----------+-------+
[   26.721781] cloud-init[951]: ci-info: |   0   |   0.0.0.0   | 10.0.2.2 |    0.0.0.0    |   enp0s3  |   UG  |
[   26.805119] cloud-init[951]: ci-info: |   1   |   10.0.2.0  | 0.0.0.0  | 255.255.255.0 |   enp0s3  |   U   |
[   26.893029] cloud-init[951]: ci-info: +-------+-------------+----------+---------------+-----------+-------+
[[0;32m  OK  [0m] Reached target Network is Online.
[   26.974409] cloud-init[951]: ci-info: +++++++++++++++++++Route IPv6 info+++++++++++++++++++
[   27.076942] cloud-init[951]: ci-info: +-------+-------------+---------+-----------+-------+
         Starting iSCSI initiator daemon (iscsid)...
[   27.080462] cloud-init[951]: ci-info: | Route | Destination | Gateway | Interface | Flags |
[[0;32m  OK  [0m] Reached target Cloud-config availability.
[[0;32m  OK  [0m] Reached target System Initialization.
[[0;32m  OK  [0m] Listening on D-Bus System Message Bus Socket.
[   27.102314] cloud-init[951]: ci-info: +-------+-------------+---------+-----------+-------+         Starting LXD - unix socket.

[   27.159757] cloud-init[951]: ci-info: |   0   |  fe80::/64  |    ::   |   enp0s3  |   U   |
[   27.163602] cloud-init[951]: ci-info: |   4   |   ff00::/8  |    ::   |   enp0s3  |   U   |
[[0;32m  OK  [0m] Started ACPI Events Check.
[   27.208288] [[0;32m  OK  [0m] Reached target Paths.
[[0;32m  OK  [0m] Started Daily Cleanup of Temporary Directories.
[[0;32m  OK  [0m] Listening on UUID daemon activation socket.
[[0;32m  OK  [0m] Started Daily apt download activities.
[[0;32m  OK  [0m] Started Daily apt upgrade and clean activities.
[[0;32m  OK  [0m] Listening on ACPID Listen Socket.
cloud-init[951]: ci-info: +-------+-------------+---------+-----------+-------+
         Starting Socket activation for snappy daemon.
[[0;32m  OK  [0m] Reached target Timers.
[   27.301032] cloud-init[951]: Generating public/private rsa key pair.
[   27.360848] cloud-init[951]: Your identification has been saved in /etc/ssh/ssh_host_rsa_key.
[   27.373982] cloud-init[951]: Your public key has been saved in /etc/ssh/ssh_host_rsa_key.pub.
[   27.384540] cloud-init[951]: The key fingerprint is:
[   27.386600] cloud-init[951]: SHA256:V/5RUByr2R5UQsHZmAsSorBqeTFXRfl6uSe/gRt80sM root@ubuntu-xenial
[   27.393488] cloud-init[951]: The key's randomart image is:
[   27.398516] cloud-init[951]: +---[RSA 2048]----+
[   27.403561] [[0;32m  OK  [0m] Listening on LXD - unix socket.
[[0;32m  OK  [0m] Listening on Socket activation for snappy daemon.
cloud-init[951]: |    .   oo+o o=X+|
[   27.447281] cloud-init[951]: |     o o .o . =o=|
[   27.484760] [cloud-init[0;32m  OK  [0m[951]: ] |    + o    o.. +.|Started iSCSI initiator daemon (iscsid).

[   27.485325] cloud-init[951]: |   o +     o. *. |
[   27.563834] cloud-init[951]: |  + .   S ...+.o |
[   27.576689]          Starting Login to default iSCSI targets...
[[0;32m  OK  [0m] Reached target Sockets.
[[0;32m  OK  [0m] Reached target Basic System.
cloud-init[951]: | . .     ...o=...|
[   27.631389] cloud-init[951]: |           .=.E. |
[   27.634200] cloud-init[951]: |            o=.o |
[   27.637616] cloud-init[951]: |            .+o. |
[   27.641118] cloud-init[951]: +----[SHA256]-----+
[   27.644754]          Starting Login Service...
cloud-init[951]: Generating public/private dsa key pair.
[   27.654734] cloud-init[951]: Your identification has been saved in /etc/ssh/ssh_host_dsa_key.
[   27.682291] cloud-init[[0;32m  OK  [0m] Started D-Bus System Message Bus.
[951]: Your public key has been saved in /etc/ssh/ssh_host_dsa_key.pub.
[   27.721494] cloud-init[951]: The key fingerprint is:
[   27.724385] cloud-init[951]: SHA256:bXCq84G6KFCKJSmE/CcCY2vLxi1klTLQsWZQKyW5/Gk root@ubuntu-xenial
[   27.728433] cloud-init[951]: The key's randomart image is:
[   27.785722] cloud-init[951]: +---[DSA 1024]----+
[   27.791470] cloud-init[951]: |B++..            |
[   27.799953] cloud-init[951]: |=X.=             |
[   27.801954] cloud-init[951]: |*+@     . .      |
[   27.814005] cloud-init[951]: |=@oo .   =       |
[   27.820385] cloud-init[951]: |O== +   S o      |
[   27.829956] cloud-init[951]: |+* E   o .       |
[   27.835341] cloud-init[951]: |o o   + .        |
[   27.840908] cloud-init[951]: |.  . . o .       |
[   27.845296] cloud-init[951]: | .. o.  .        |
[   27.855175] cloud-init[951]: +----[SHA256]-----+
[   27.900595] cloud-init[951]: Generating public/private ecdsa key pair.
[   27.941764] cloud-init[951]: Your identification has been saved in /etc/ssh/ssh_host_ecdsa_key.
[   27.957061] cloud-init[951]: Your public key has been saved in /etc/ssh/ssh_host_ecdsa_key.pub.
[   27.969566] cloud-init[951]: The key fingerprint is:
         Starting Accounts Service...
[   27.977918] cloud-init[951]: SHA256:ulSphvJIi56ch5H3FyiFqxPEHk1a21+mKWhKi4MWnT4 root@ubuntu-xenial
[   28.009179] cloud-init[951]: The key's randomart image is:
[   28.060316] cloud-init[951]: +---[ECDSA 256]---+
[[0;32m  OK  [0m] Started Deferred execution scheduler.
[   28.114943] cloud-init[951]: |                 |
[   28.135200] cloud-init[951]: |   o             |
[   28.146195] cloud-init[951]: |. = +            |
[   28.165118] cloud-init[951]: | = + o   +       |[[0;32m  OK  [0m] Started ACPI event daemon.

[   28.186862] cloud-init[951]: |o + = o S        |
         Starting Pollinate to seed the pseudo random number generator...
[   28.195604] cloud-init[951]: | B O + O         |
[   28.224926] cloud-init[951]: |+ # + * .        |
         [   28.284687] Starting Virtualbox guest utils...
cloud-init[951]: |=XoE + o         |
[   28.342984]          Starting LSB: MD monitoring daemon...
cloud-init[951]: |+*= o o          |
         Starting /etc/rc.local Compatibility...
[   28.407127] cloud-init[951]: +----[SHA256]-----+
[   28.485167] cloud-init[951]: Generating public/private ed25519 key pair.
[   28.498310] cloud-init[951]: Your identification has been saved in /etc/ssh/ssh_host_ed25519_key.
         Starting Snappy daemon...
[   28.608356] cloud-init[951]: Your public key has been saved in /etc/ssh/ssh_host_ed25519_key.pub.
[[0;32m  OK  [0m] Started FUSE filesystem for LXC.
[   28.693462] cloud-init[951]: The key fingerprint is:
[   28.748521] cloud-init[951]: SHA256:+A3F0KjgSWxZnyixkKSfupJv2JSeXeIzNMhaZC9L7jo root@ubuntu-xenial
[   28.756441] cloud-init[951]: The key's randomart image is:
[   28.761508] cloud-init[951]: +--[ED25519 256]--+
[   28.817866] [[0;32m  OK  [0m] Started Regular background program processing daemon.
cloud-init[951]: | .oo.o. .o       |
[   28.870203] cloud-init[951]: | ...*o o.+.      |
         Starting System Logging Service...
         Starting LSB: Record successful boot for GRUB...
[   28.915456] cloud-init[951]: |.  +oo..o o      |
         Starting LXD - container startup/shutdown...
[   29.096075] cloud-init[951]: | .o.o... .       |
[[0;32m  OK  [0m] Started /etc/rc.local Compatibility.
[   29.145783] cloud-init[951]: | +o+  . S        |
[   29.253688] cloud-init[951]: | .O = .. o       |
[   29.377262] cloud-init[951]: |.@ B +  . .      |
[   29.457049] cloud-init[951]: |E.B =            |
[[0;32m  OK  [0m] Started System Logging Service.
[   29.642704] cloud-init[951]: |+*o  o           |
[   29.793109] cloud-init[951]: +----[SHA256]-----+
[[0;32m  OK  [0m] Started Login to default iSCSI targets.
[[0;32m  OK  [0m] Started Login Service.
[[0;32m  OK  [0m] Started Unattended Upgrades Shutdown.
         Starting Authenticate and Authorize Users to Run Privileged Tasks...
[[0;32m  OK  [0m] Reached target Remote File Systems (Pre).
[[0;32m  OK  [0m] Reached target Remote File Systems.
         Starting LSB: Set the CPU Frequency Scaling governor to "ondemand"...
         Starting LSB: daemon to balance interrupts for SMP systems...
         Starting Permit User Sessions...
         Starting LSB: automatic crash report generation...
[[0;32m  OK  [0m] Started Permit User Sessions.
         Starting Hold until boot process finishes up...
         Starting Terminate Plymouth Boot Screen...
[[0;32m  OK  [0m] Started LSB: Record successful boot for GRUB.
[[0;32m  OK  [0m] Started Hold until boot process finishes up.
[[0;32m  OK  [0m] Started LSB: MD monitoring daemon.
[[0;32m  OK  [0m] Started Terminate Plymouth Boot Screen.
         Starting Set console scheme...
[[0;32m  OK  [0m] Started Serial Getty on ttyS0.
[[0;32m  OK  [0m] Started Getty on tty1.
[[0;32m  OK  [0m] Reached target Login Prompts.
[[0;32m  OK  [0m] Started Set console scheme.
[[0;32m  OK  [0m] Started Authenticate and Authorize Users to Run Privileged Tasks.
[[0;32m  OK  [0m] Started Accounts Service.
[[0;32m  OK  [0m] Started LSB: Set the CPU Frequency Scaling governor to "ondemand".
[[0;32m  OK  [0m] Started LXD - container startup/shutdown.
[[0;32m  OK  [0m] Started LSB: automatic crash report generation.
[[0;32m  OK  [0m] Started LSB: daemon to balance interrupts for SMP systems.
[[0;32m  OK  [0m] Started Virtualbox guest utils.
[[0;32m  OK  [0m] Started Snappy daemon.
         Starting Wait until snapd is fully seeded...

Ubuntu 16.04.6 LTS ubuntu-xenial ttyS0

ubuntu-xenial login: [   38.585883] cloud-init[1297]: Generating locales (this might take a while)...
[   42.347807] cloud-init[1297]:   en_US.UTF-8... done
[   42.360643] cloud-init[1297]: Generation complete.
[   45.345446] cloud-init[1297]: Cloud-init v. 19.1-1-gbaa47854-0ubuntu1~16.04.1 running 'modules:config' at Thu, 22 Aug 2019 16:50:51 +0000. Up 37.93 seconds.
ci-info: no authorized ssh keys fingerprints found for user ubuntu.
<14>Aug 22 16:51:00 ec2: 
<14>Aug 22 16:51:00 ec2: #############################################################
<14>Aug 22 16:51:00 ec2: -----BEGIN SSH HOST KEY FINGERPRINTS-----
<14>Aug 22 16:51:00 ec2: 1024 SHA256:bXCq84G6KFCKJSmE/CcCY2vLxi1klTLQsWZQKyW5/Gk root@ubuntu-xenial (DSA)
<14>Aug 22 16:51:00 ec2: 256 SHA256:ulSphvJIi56ch5H3FyiFqxPEHk1a21+mKWhKi4MWnT4 root@ubuntu-xenial (ECDSA)
<14>Aug 22 16:51:00 ec2: 256 SHA256:+A3F0KjgSWxZnyixkKSfupJv2JSeXeIzNMhaZC9L7jo root@ubuntu-xenial (ED25519)
<14>Aug 22 16:51:00 ec2: 2048 SHA256:V/5RUByr2R5UQsHZmAsSorBqeTFXRfl6uSe/gRt80sM root@ubuntu-xenial (RSA)
<14>Aug 22 16:51:00 ec2: -----END SSH HOST KEY FINGERPRINTS-----
<14>Aug 22 16:51:00 ec2: #############################################################
-----BEGIN SSH HOST KEY KEYS-----
ecdsa-sha2-nistp256 AAAAE2VjZHNhLXNoYTItbmlzdHAyNTYAAAAIbmlzdHAyNTYAAABBBPhKzU/m95rIoUXpCN5WtaPVGL3htAzV3tXwwqhY0r+5P3qa/ytRN8ifbLYgraMNkj13yjYjVkfDZEnAZLxHNUM= root@ubuntu-xenial
ssh-ed25519 AAAAC3NzaC1lZDI1NTE5AAAAIDxhUbrD1i1lSlwL/ESrkTLGW/ZiYr0nvhy3FFnjuo+Z root@ubuntu-xenial
ssh-rsa AAAAB3NzaC1yc2EAAAADAQABAAABAQDD274bnmX8KejASSUt4yQ0j/dO7m1uN0n9qcF0J9hgGzPANGEgvUcapxAYEWiEec8ewEEvyJ7KFknngpgc1DhZ9cis/U5S7xonBucpyF3dzDrfOZP1v1HiIwvMU+R6gThZWmu3dm3DCO9kxnbdSSCLwulFf4Tn90MkCxS/0pHnmzTElcQhD4l4LgdyYg7k4+cWYtuqim8AXxH/L5KqD3BVP4NN8yt38qBl9nN40tUv2bvaFMhi5V+khTyRHG4lz3Gic/DQq25J4DdGtaVpijSjOwaFU+dSiXsXKbxR/Ufwti6ybqOlGPBIEUz865HMt5l6Gnur9+Io1NKprH/KQgX9 root@ubuntu-xenial
-----END SSH HOST KEY KEYS-----
[   47.572244] cloud-init[1461]: Cloud-init v. 19.1-1-gbaa47854-0ubuntu1~16.04.1 running 'modules:final' at Thu, 22 Aug 2019 16:51:00 +0000. Up 46.60 seconds.
[   47.573055] cloud-init[1461]: ci-info: no authorized ssh keys fingerprints found for user ubuntu.
[   47.574455] cloud-init[1461]: Cloud-init v. 19.1-1-gbaa47854-0ubuntu1~16.04.1 finished at Thu, 22 Aug 2019 16:51:01 +0000. Datasource DataSourceNoCloud [seed=/dev/sdb][dsmode=net].  Up 47.51 seconds
