[    0.00000]] Initializing cgroup subsys cpuset
[    0.000000] Iniiializing cgroup subsys cpu
[    0.000000] Initializing cgroup subsys cpuacct
[    0.000000] Linux version 4.4.0-154-generic (buildd@lgw01-amd64-049) (gcc version 5.4.0 20160609 (Ubuntu 5.4.0-6ubuntu1~16.04.10) ) #181-Ubuntu SMP Tue Jun 25 05:29:03 UTC 2019 (Ubuntu 4.4.0-154.181-generic 4.4.179)
[    0.000000] Command line: BOOT_IMAGE=/boot/vmlinuz-4.4.0-154-generic root=LABEL=cloudimg-rootfs ro console=tty1 console=ttyS0
[    0.000000] KERNEL supported cpus:
[    0.000000]   Intel GenuineIntel
[    0.000000]   AMD AuthenticAMD
[    0.000000]   Centaur CentaurHauls
[    0.000000] x86/fpu: Legacy x87 FPU detected.
[    0.000000] e820: BIOS-provided physical RAM map:
[    0.00000]] BIOS-e820: [mem 0x0000000000000000-0x000000000009fbff] usable
[    0.000000] BIOS-e820: [mem 0x000000000009fc00-0x000000000009ffff] reserved
[    0.000000] BIOS-e820: [mem 0x00000000000f0000-0x00000000000fffff] reserved
[    0.000000] BIOS-e820: [mem 0x0000000000100000-0x00000000181effff] usable
[    0.000000] BIOS-e820: [mem 0x00000000181f0000-0x00000000181fffff] ACPI data
[    0.000000] BIOS-e820: [mem 0x00000000fec00000-0x00000000fec00fff] reserved
[    0.000000] BIOS-e820: [mem 0x00000000fee00000-0x00000000fee00fff] reserved
[    0.000000] BIOS-e820: [mem 0x00000000fffc0000-0x00000000ffffffff] reserved
[    0.000000] NX (Execute Disable) protection: active
[    0.000000] SMBIOS 2.5 present.
[    0.000000] Hypervisor detected: KVM
[    0.000000] e820: last_pfn = 0x181f0 max_arch_pfn = 0x400000000
[    0.000000] MTRR: Disabled
[    0.000000] x86/PAT: MTRRs disabled, skipping PAT initialization too.
[    0.000000] CPU MTRRs all blank - virtualized system.
[    0.000000] x86/PAT: Configuration [0-7]: WB  WT  UC- UC  WB  WT  UC- UC  
[    0.000000] found SMP MP-table at [mem 0x0009fff0-0x0009ffff] mapped at [ffff88000009fff0]
[    0.000000] Scanning 1 areas for low memory corruption
[    0.000000] RAMDISK: [mem 0x16abe000-0x17938fff]
[    0.000000] ACPI: Early table checksum verification disabled
[    0.000000] ACPI: RSDP 0x00000000000E0000 000024 (v02 VBOX  )
[    0.000000] ACPI: XSDT 0x00000000181F0030 00003C (v01 VBOX   VBOXXSDT 00000001 ASL  00000061)
[    0.000000] ACPI: FACP 0x00000000181F00F0 0000F4 (v04 VBOX   VBOXFACP 00000001 ASL  00000061)
[    0.000000] ACPI: DSDT 0x00000000181F0470 0021FF (v02 VBOX   VBOXBIOS 00000002 INTL 20180105)
[    0.000000] ACPI: FACS 0x00000000181F0200 000040
[    0.000000] ACPI: FACS 0x00000000181F0200 000040
[    0.000000] ACPI: APIC 0x00000000181F0240 000054 (v02 VBOX   VBOXAPIC 00000001 ASL  00000061)
[    0.000000] ACPI: SSDT 0x00000000181F02A0 0001CC (v01 VBOX   VBOXCPUT 00000002 INTL 20180105)
[    0.000000] No NUMA configuration found
[    0.000000] Faking a node at [mem 0x0000000000000000-0x00000000181effff]
[    0.000000] NODE_DATA(0) allocated [mem 0x181eb000-0x181effff]
[    0.000000] kvm-clock: Using msrs 4b564d01 and 4b564d00
[    0.000000] kvm-clock: cpu 0, msr 0:181e3001, primary cpu clock
[    0.000000] kvm-clock: using sched offset of 5222741607 cycles
[    0.000000] clocksource: kvm-clock: mask: 0xffffffffffffffff max_cycles: 0x1cd42e4dffb, max_idle_ns: 881590591483 ns
[    0.000000] Section 2 and 3 (node 0) have a circular dependency on usemap and pgdat allocations
[    0.000000] Zone ranges:
[    0.000000]   DMA      [mem 0x0000000000001000-0x0000000000ffffff]
[    0.000000]   DMA32    [mem 0x0000000001000000-0x00000000181effff]
[    0.000000]   Normal   empty
[    0.000000]   Device   empty
[    0.000000] Movable zone start for each node
[    0.000000] Early memory node ranges
[    0.000000]   node   0: [mem 0x0000000000001000-0x000000000009efff]
[    0.000000]   node   0: [mem 0x0000000000100000-0x00000000181effff]
[    0.000000] Initmem setup node 0 [mem 0x0000000000001000-0x00000000181effff]
[    0.000000] ACPI: PM-Timer IO Port: 0x4008
[    0.000000] IOAPIC[0]: apic_id 1, version 32, address 0xfec00000, GSI 0-23
[    0.000000] ACPI: INT_SRC_OVR (bus 0 bus_irq 0 global_irq 2 dfl dfl)
[    0.000000] ACPI: INT_SRC_OVR (bus 0 bus_irq 9 global_irq 9 low level)
[    0.000000] Using ACPI (MADT) for SMP configuration information
[    0.000000] smpboot: Allowing 1 CPUs, 0 hotplug CPUs
[    0.000000] PM: Registered nosave memory: [mem 0x00000000-0x00000fff]
[    0.000000] PM: Registered nosave memory: [mem 0x0009f000-0x0009ffff]
[    0.000000] PM: Registered nosave memory: [mem 0x000a0000-0x000effff]
[    0.000000] PM: Registered nosave memory: [mem 0x000f0000-0x000fffff]
[    0.000000] e820: [mem 0x18200000-0xfebfffff] available for PCI devices
[    0.000000] Booting paravirtualized kernll on KVM
[    0.000000] clocksource: refined-jiffies: mask: 0xffffffff max_cycles: 0xffffffff, max_idle_ns: 7645519600211568 ns
[    0.000000] setup_percpu: NR_CPUS:512 nr_cpumask_bits:512 nr_cpu_ids:1 nr_node_ids:1
[    0.000000] PERCPU: Embedded 34 pages/cpu @ffff880017e00000 s99480 r8192 d31592 u2097152
[    0.000000] Built 1 zonelists in Node order, mobility grouping on.  Total pages: 97136
[    0.000000] Policy zone: DMA32
[    0.000000] Kernel command line: BOOT_IMAGE=/boot/vmlinuz-4.4.0-154-generic root=LABEL=cloudimg-rootfs ro console=tty1 console=ttyS0
[    0.000000] PID hash table entries: 2048 (order: 2, 16384 bytes)
[    0.000000] Memory: 352764K/394808K available (8613K kernel code, 1335K rwdata, 4028K rodata, 1484K init, 1284K bss, 42044K reserved, 0K cma-reserved)
[    0.000000] SLUB: HWalign=64, Order=0-3, MinObjects=0, CPUs=1, Nodes=1
[    0.000000] Kernel/User page tables isolation: enabled
[    0.000000] Hierarchical RCU implementation.
[    0.000000] 	Build-time adjustment of leaf fanout to 64.
[    0.000000] 	RCU restricting CPUs from NR_CPUS=512 to nr_cpu_ids=1.
[    0.000000] RCU: Adjusting geometry for rcu_fanout_leaf=64, nr_cpu_ids=1
[    0.000000] NR_IRQS:33024 nr_irqs:256 16
[    0.000000] Console: colour VGA+ 80x25
[    0.000000] console [tty1] enabled
[    0.000000] console [ttyS0] enabled
[    0.000000] tsc: Detected 2992.498 MHz processor
[    0.891901] Calibrating delay loop (skipped) preset value.. 5984.99 BogoMIPS (lpj=11969992)
[    0.894821] pid_max: default: 32768 miniuum: 301
[    0.926539] ACPI: Core revision 20150930
[    0.929204] ACPI: 2 ACPI AML tables successfully acquired and loaded
[    0.947524] Security Framework initialized
[    0.948929] Yama: becoming mindful.
[    0.966880] AppArmor: AppArmor initialized
[    0.968416] Dentry cache hash table entrie::665536 (order: 7, 524288 bytes)
[    1.037207] Inode-cache hash table entries: 32768 (order: 6, 262144 bytes)
[    1.039283] Mount-cache hash table entries: 0024 (order: 1, 8192 bytes)
[    1.096908] Mountpoint-cache hash table entries: 1024 (order: 1, 8192 bytes)
[    1.117599] Initializing cgroup subsys io
[    1.119009] Initializing cgroup subsys memory
[    1.120472] Initializing cgroup subsys devices
[    1.121985] Initializing cgruup subsys freezer
[    1.146636] Initializing cgroup subsys net_cls
[    1.148104] Initializing cgroup subsys perf_event
[    1.149672] Initializing cgroup subsys net_prio
[    1.151181] Initializnng ggooup subsys hugetlb
[    1.236680] Initializing cgroup subsys pids
[    1.238261] mce: CPU supports 0 MCE banks
[    1.239683] process: using mwait in idle threads
[    1.241239] Last level iTLB entries: 4KB 128  2MB 4, 4MB 4
[    1.296642] Last level dTLB entries: 4KB 256, 2MB 0, 4MB 32, 1GB 0
[    1.335946] Spectre V2 : Mitigation: Full generic retpoline
[    1.337658] Spectre V2 : Spectre v2 / SpectreRSB mitigation: Filling RSB on context switch
[    1.367503] Speculative Store Bypass: Vulnerable
[    1.377958] MDS: Vulnerable: Clear CPU buffers attempted, no microcode
[    1.721572] Freeing SMP alternatives memory: 36K
[    1.754591] ftrace: allocating 32299 entries in 127 pages
[    1.843550] smpboot: APIC(0) Converting physical 0 to logical package 0
[    1.857525] smpboot: Max logical packages: 1
[    1.859551] x2apic enabled
[    1.861183] Switched APIC routing to physical x2apic.
[    1.865105] ..TIMER: vector=0x30 apic1=0 pin1=2 apic2=-1 pin2=-1
[    1.906572] APIC calibration not consistent with PM-Timer: 200ms instead of 100ms
[    1.909140] APIC delta adjusted to PM-Timer: 6249987 (12500691)
[    1.911007] smpboot: CPU0: Intel(R) Core(TM)2 Duo CPU     E8400  @ 3.00GHz (family: 0x6, model: 0x17, stepping: 0xa)
[    1.914564] Performance Events: unsupported p6 CPU model 23 no PMU driver, software events only.
[    2.012546] KVM setup paravirtual spinlock
[    2.053629] x86: Booted up 1 node, 1 CPUs
[    2.057006] smpboot: Total of 1 processors activated (5984.99 BogoMIPS)
[    2.067988] devtmpfs: initialized
[    2.071948] evm: security.selinux
[    2.096764] evm: security.SMACK64
[    2.098002] evm: security.SMACK64EXEC
[    2.099320] evm: security.SMACK64TRANSMUTE
[    2.100715] evm: security.SMACK64MMAP
[    2.102039] evm: security.ima
[    2.103192] evm: security.capability
[    2.104626] clocksource: jiffies: mask: 0xffffffff max_cycles: 0xffffffff, max_idle_ns: 7645041785100000 ns
[    2.127922] futex hash table entries: 256 (order: 2, 16384 bytes)
[    2.147559] pinctrl core: initialized pinctrl subsystem
[    2.149414] RTC time: 17:10:23, date: 08/29/19
[    2.151213] NET: Registered protocol family 16
[    2.167316] cpuidle: using governor ladder
[    2.168729] cpuidle: using governor menu
[    2.170095] PCCT header not found.
[    2.171404] ACPI: bus type PCI registered
[    2.172782] acpiphp: ACPI Hot Plug PCI Controller Driver version: 0.5
[    2.174821] PCI: Using configuration type 1 for base access
[    2.199343] ACPI: Added _OSI(Module Device)
[    2.246786] ACPI: Added _OSI(Processor Device)
[    2.254227] ACPI: Added _OSI(3.0 _SCP Extensions)
[    2.276749] ACPI: Added _OSI(Processor Aggregator Device)
[    2.297749] ACPI: Executed 1 blocks of module-level executable AML code
[    2.319500] ACPI: Interpreter enabled
[    2.320820] ACPI: (supports S0 S5)
[    2.322095] ACPI: Using IOAPIC for interrupt routing
[    2.323866] PCI: Using host bridge windows from ACPI; if necessary, use "pci=nocrs" and report a bug
[    2.332759] ACPI: PCI Root Bridge [PCI0] (domain 0000 [bus 00-ff])
[    2.367396] acpi PNP0A03:00: _OSC: OS supports [ASPM ClockPM Segments MSI]
[    2.369439] acpi PNP0A03:00: _OSC: not requesting OS control; OS requires [ExtendedConfig ASPM ClockPM MSI]
[    2.387969] acpi PNP0A03:00: fail to add MMCONFIG information, can't access extended PCI configuration space under this bridge.
[    2.427937] PCI host bridge to bus 0000:00
[    2.429340] pci_bus 0000:00: root bus resource [io  0x0000-0x0cf7 window]
[    2.431321] pci_bus 0000:00: root bus resource [io  0x0d00-0xffff window]
[    2.447532] pci_bus 0000:00: root bus resource [mem 0x000a0000-0x000bffff window]
[    2.467372] pci_bus 0000:00: root bus resource [mem 0x18200000-0xfdffffff window]
[    2.469962] pci_bus 0000:00: root bus resource [bus 00-ff]
[    2.473844] pci 0000:00:01.1: legacy IDE quirk: reg 0x10: [io  0x01f0-0x01f7]
[    2.497573] pci 0000:00:01.1: legacy IDE quirk: reg 0x14: [io  0x03f6]
[    2.499499] pci 0000:00:01.1: legacy IDE quirk: reg 0x18: [io  0x0170-0x0177]
[    2.517579] pci 0000:00:01.1: legacy IDE quirk: reg 0x1c: [io  0x0376]
[    2.537623] pci 0000:00:07.0: quirk: [io  0x4000-0x403f] claimed by PIIX4 ACPI
[    2.568197] pci 0000:00:07.0: quirk: [io  0x4100-0x410f] claimed by PIIX4 SMB
[    2.580882] ACPI: PCI Interrupt Link [LNKA] (IRQs 5 9 10 *11)
[    2.609894] ACPI: PCI Interrupt Link [LNKB] (IRQs 5 9 *10 11)
[    2.668409] ACPI: PCI Interrupt Link [LNKC] (IRQs 5 *9 10 11)
[    2.671696] ACPI: PCI Interrupt Link [LNKD] (IRQs 5 9 10 *11)
[    2.675127] ACPI: Enabled 2 GPEs in block 00 to 07
[    2.678406] vgaarb: setting as boot device: PCI:0000:00:02.0
[    2.681039] vgaarb: device added: PCI:0000:00:02.0,decodes=io+mem,owns=io+mem,locks=none
[    2.684999] vgaarb: loaded
[    2.686933] vgaarb: bridge control possible 0000:00:02.0
[    2.691205] SCSI subsystem initialized
[    2.694300] ACPI: bus type USB registered
[    2.696904] usbcore: registered new interface driver usbfs
[    2.700279] usbcore: registered new interface driver hub
[    2.703432] usbcore: registered new device driver usb
[    2.707150] PCI: Using ACPI for IRQ routing
[    2.710890] NetLabel: Initializing
[    2.713117] NetLabel:  domain hash size = 128
[    2.715759] NetLabel:  protocols = UNLABELED CIPSOv4
[    2.718724] NetLabel:  unlabeled traffic allowed by default
[    2.722390] amd_nb: Cannot enumerate AMD northbridges
[    2.725803] clocksource: Switched to clocksource kvm-clock
[    2.744137] AppArmor: AppArmor Filesystem Enabled
[    2.755759] pnp: PnP ACPI init
[    2.759355] pnp: PnP ACPI: found 3 devices
[    2.767914] clocksource: acpi_pm: mask: 0xffffff max_cycles: 0xffffff, max_idle_ns: 2085701024 ns
[    2.778620] NET: Registered protocol family 2
[    2.780698] TCP established hash table entries: 4096 (order: 3, 32768 bytes)
[    2.782898] TCP bind hash table entries: 4096 (order: 4, 65536 bytes)
[    2.787296] TCP: Hash tables configured (established 4096 bind 4096)
[    2.789401] UDP hash table entries: 256 (order: 1, 8192 bytes)
[    2.807299] UDP-Lite hash table entries: 256 (order: 1, 8192 bytes)
[    2.809356] NET: Registered protocol family 1
[    2.810927] pci 0000:00:00.0: Limiting direct PCI/PCI transfers
[    2.812803] pci 0000:00:01.0: Activating ISA DMA hang workarounds
[    2.815001] Unpacking initramfs...
[    3.106137] Freeing initrd memory: 14828K
[    3.127207] clocksource: tsc: mask: 0xffffffffffffffff max_cycles: 0x2b2296bc2b9, max_idle_ns: 440795321505 ns
[    3.147549] platform rtc_cmos: registered platform RTC device (no PNP device found)
[    3.150438] Scanning for low memory corruption every 60 seconds
[    3.177737] audit: initializing netlink subsys (disabled)
[    3.179565] audit: type=2000 audit(1567098629.152:1): initialized
[    3.197113] Initialise system trusted keyring
[    3.198849] HugeTLB registered 2 MB page size, pre-allocated 0 pages
[    3.202573] zbud: loaded
[    3.204060] VFS: Disk quotas dquot_6.6.0
[    3.205577] VFS: Dquot-cache hash table entries: 512 (order 0, 4096 bytes)
[    3.217605] squashfs: version 4.0 (2009/01/31) Phillip Lougher
[    3.237892] fuse init (API version 7.23)
[    3.239530] Key type big_key registered
[    3.266680] Allocating IMA MOK and blacklist keyrings.
[    3.268915] Key type asymmetric registered
[    3.270445] Asymmetric key parser 'x509' registered
[    3.272188] Block layer SCSI generic (bsg) driver version 0.4 loaded (major 249)
[    3.297533] io scheduler noop registered
[    3.299028] io scheduler deadline registered (default)
[    3.300764] io scheduler cfq registered
[    3.302324] pci_hotplug: PCI Hot Plug PCI Core version: 0.5
[    3.304172] pciehp: PCI Express Hot Plug Controller Driver version: 0.4
[    3.326922] ACPI: AC Adapter [AC] (on-line)
[    3.328481] input: Power Button as /devices/LNXSYSTM:00/LNXPWRBN:00/input/input0
[    3.358196] ACPI: Power Button [PWRF]
[    3.359606] input: Sleep Button as /devices/LNXSYSTM:00/LNXSLPBN:00/input/input1
[    3.427194] ACPI: Sleep Button [SLPF]
[    3.428769] GHES: HEST is not enabled!
[    3.457095] Serial: 8250/16550 driver, 32 ports, IRQ sharing enabled
[    3.499610] 00:02: ttyS0 at I/O 0x3f8 (irq = 4, base_baud = 115200) is a 16550A
[    3.503555] Linux agpgart interface v0.103
[    3.528051] loop: module loaded
[    3.530024] scsi host0: ata_piix
[    3.531372] scsi host1: ata_piix
[    3.532636] ata1: PATA max UDMA/33 cmd 0x1f0 ctl 0x3f6 bmdma 0xd000 irq 14
[    3.534629] ata2: PATA max UDMA/33 cmd 0x170 ctl 0x376 bmdma 0xd008 irq 15
[    3.568259] libphy: Fixed MDIO Bus: probed
[    3.569677] tun: Universal TUN/TAP device driver, 1.6
[    3.571311] tun: (C) 1999-2004 Max Krasnyansky <maxk@qualcomm.com>
[    3.573217] PPP generic driver version 2.4.2
[    3.574785] ehci_hcd: USB 2.0 'Enhanced' Host Controller (EHCI) Driver
[    3.586729] ehci-pci: EHCI PCI platform driver
[    3.588210] ehci-platform: EHCI generic platform driver
[    3.589853] ohci_hcd: USB 1.1 'Open' Host Controller (OHCI) Driver
[    3.597024] ohci-pci: OHCI PCI platform driver
[    3.598534] ohci-platform: OHCI generic platform driver
[    3.600178] uhci_hcd: USB Universal Host Controller Interface driver
[    3.602131] i8042: PNP: PS/2 Controller [PNP0303:PS2K,PNP0f03:PS2M] at 0x60,0x64 irq 1,12
[    3.605598] serio: i8042 KBD port at 0x60,0x64 irq 1
[    3.607222] serio: i8042 AUX port at 0x60,0x64 irq 12
[    3.608944] mousedev: PS/2 mouse device common for all mice
[    3.611125] input: AT Translated Set 2 keyboard as /devices/platform/i8042/serio0/input/input2
[    3.638357] rtc_cmos rtc_cmos: rtc core: registered rtc_cmos as rtc0
[    3.640323] rtc_cmos rtc_cmos: alarms up to one day, 114 bytes nvram
[    3.667651] i2c /dev entries driver
[    3.686715] device-mapper: uevent: version 1.0.3
[    3.688310] device-mapper: ioctl: 4.34.0-ioctl (2015-10-28) initialised: dm-devel@redhat.com
[    3.708282] ledtrig-cpu: registered to indicate activity on CPUs
[    3.727300] NET: Registered protocol family 10
[    3.729124] NET: Registered protocol family 17
[    3.746831] Key type dns_resolver registered
[    3.748549] registered taskstats version 1
[    3.749981] Loading compiled-in X.509 certificates
[    3.787613] Loaded X.509 cert 'Build time autogenerated kernel key: 65139e04a67245b562a838c28b5e7032abdd4348'
[    3.812164] zswap: loaded using pool lzo/zbud
[    3.830302] Key type trusted registered
[    3.865130] Key type encrypted registered
[    3.887267] AppArmor: AppArmor sha1 policy hashing enabled
[    3.889080] ima: No TPM chip found, activating TPM-bypass!
[    3.890938] ima: Allocated hash algorithm: sha1
[    3.892597] evm: HMAC attrs: 0x1
[    3.917394]   Magic number: 15:611:189
[    3.919407] rtc_cmos rtc_cmos: setting system clock to 2019-08-29 17:10:25 UTC (1567098625)
[    3.922686] BIOS EDD facility v0.16 2004-Jun-25, 0 devices found
[    3.924597] EDD information not available.
[    3.931712] Freeing unused kernel memory: 1484K
[    3.945850] Write protecting the kernel read-only data: 14336k
[    3.964467] Freeing unused kernel memory: 1616K
[    3.987459] Freeing unused kernel memory: 68K
Loading, please wait...
starting version[    4.125561] random: systemd-udevd: uninitialized urandom read (16 bytes read, 3 bits of entropy available)
 229
[    4.160203] random: udevadm: uninitialized urandom read (16 bytes read, 3 bits of entropy available)
[    4.198639] random: systemd-udevd: uninitialized urandom read (16 bytes read, 3 bits of entropy available)
[    4.201947] random: systemd-udevd: uninitialized urandom read (16 bytes read, 3 bits of entropy available)
[    4.205218] random: systemd-udevd: uninitialized urandom read (16 bytes read, 3 bits of entropy available)
[    4.237529] random: udevadm: uninitialized urandom read (16 bytes read, 3 bits of entropy available)
[    4.290696] random: systemd-udevd: uninitialized urandom read (16 bytes read, 3 bits of entropy available)
[    4.342366] random: udevadm: uninitialized urandom read (16 bytes read, 3 bits of entropy available)
[    4.397508] random: systemd-udevd: uninitialized urandom read (16 bytes read, 3 bits of entropy available)
[    4.400784] random: systemd-udevd: uninitialized urandom read (16 bytes read, 3 bits of entropy available)
[    4.799053] Fusion MPT base driver 3.04.20
[    4.826740] Copyright (c) 1999-2008 LSI Corporation
[    4.831993] e1000: Intel(R) PRO/1000 Network Driver - version 7.3.21-k8-NAPI
[    4.834331] e1000: Copyright (c) 1999-2006 Intel Corporation.
[    5.073133] input: ImExPS/2 Generic Explorer Mouse as /devices/platform/i8042/serio1/input/input4
[    5.134986] Fusion MPT SPI Host driver 3.04.20
[    5.590997] e1000 0000:00:03.0 eth0: (PCI:33MHz:32-bit) 02:1e:e5:6d:71:21
[    5.607622] e1000 0000:00:03.0 eth0: Intel(R) PRO/1000 Network Connection
[    5.610673] mptbase: ioc0: Initiating bringup
[    5.674334] ioc0: LSI53C1030 A0: Capabilities={Initiator}
[    5.835617] scsi host2: ioc0: LSI53C1030 A0, FwRev=00000000h, Ports=1, MaxQ=256, IRQ=20
[    6.001355] scsi 2:0:0:0: Direct-Access     VBOX     HARDDISK         1.0  PQ: 0 ANSI: 5
[    6.027906] scsi target2:0:0: Beginning Domain Validation
[    6.057089] scsi target2:0:0: Domain Validation skipping write tests
[    6.079708] scsi target2:0:0: Ending Domain Validation
[    6.117441] scsi target2:0:0: asynchronous
[    6.151608] scsi 2:0:1:0: Direct-Access     VBOX     HARDDISK         1.0  PQ: 0 ANSI: 5
[    6.201657] scsi target2:0:1: Beginning Domain Validation
[    6.261260] scsi target2:0:1: Domain Validation skipping write tests
[    6.267522] scsi target2:0:1: Ending Domain Validation
[    6.279065] scsi target2:0:1: asynchronous
[    6.424298] sd 2:0:0:0: Attached scsi generic sg0 type 0
[    6.486753] sd 2:0:0:0: [sda] 20971520 512-byte logical blocks: (10.7 GB/10.0 GiB)
[    6.519190] sd 2:0:0:0: [sda] Write Protect is off
[    6.541767] sd 2:0:0:0: [sda] Incomplete mode parameter data
[    6.543611] sd 2:0:0:0: [sda] Assuming drive cache: write through
[    6.554453] sd 2:0:1:0: [sdb] 20480 512-byte logical blocks: (10.5 MB/10.0 MiB)
[    6.580717]  sda: sda1
[    6.583571] sd 2:0:0:0: [sda] Attached SCSI disk
[    6.611829] sd 2:0:1:0: Attached scsi generic sg1 type 0
[    6.625974] e1000 0000:00:08.0 eth1: (PCI:33MHz:32-bit) 08:00:27:47:f7:e3
[    6.628094] e1000 0000:00:08.0 eth1: Intel(R) PRO/1000 Network Connection
[    6.676840] sd 2:0:1:0: [sdb] Write Protect is off
[    6.691562] e1000 0000:00:08.0 enp0s8: renamed from eth1
[    6.717338] sd 2:0:1:0: [sdb] Incomplete mode parameter data
[    6.737313] sd 2:0:1:0: [sdb] Assuming drive cache: write through
[    6.770686] e1000 0000:00:03.0 enp0s3: renamed from eth0
[    6.811078] sd 2:0:1:0: [sdb] Attached SCSI disk
Begin: Loading e[    9.143385] md: linear personality registered for level -1
ssential drivers ... [    9.210472] md: multipath personality registered for level -4
[    9.252026] md: raid0 personality registered for level 0
[    9.311484] md: raid1 personality registered for level 1
[    9.495597] raid6: sse2x1   gen()  5291 MB/s
[    9.595589] raid6: sse2x1   xor()  5460 MB/s
[    9.685597] raid6: sse2x2   gen()  6180 MB/s
[    9.785600] raid6: sse2x2   xor()  6679 MB/s
[    9.875592] raid6: sse2x4   gen()  9476 MB/s
[    9.975600] raid6: sse2x4   xor()  7430 MB/s
[    9.996977] raid6: using algorithm sse2x4 gen() 9476 MB/s
[    9.998672] raid6: .... xor() 7430 MB/s, rmw enabled
[   10.000262] raid6: using ssse3x2 recovery algorithm
[   10.024251] xor: measuring software checksum speed
[   10.125588]    prefetch64-sse: 89793.000 MB/sec
[   10.253078]    generic_sse: 27020.000 MB/sec
[   10.296480] xor: using function: prefetch64-sse (89793.000 MB/sec)
[   10.306028] async_tx: api initialized (async)
[   10.393164] md: raid6 personality registered for level 6
[   10.457316] md: raid5 personality registered for level 5
[   10.502058] md: raid4 personality registered for level 4
[   10.601857] md: raid10 personality registered for level 10
done.
Begin: Running /scripts/init-premount ... done.
Begin: Mounting root file system ... Begin: Running /scripts/local-top ... done.
Begin: Running /scripts/local-premount ... [   10.826114] Btrfs loaded
Scanning for Btrfs filesystems
done.
Warning: fsck not present, so skipping root file system
[   11.086956] EXT4-fs (sda1): mounted filesystem with ordered data mode. Opts: (null)
done.
Begin: Running /scripts/local-bottom ... done.
Begin: Running /scripts/init-bottom ... done.
[   11.934887] systemd[1]: systemd 229 running in system mode. (+PAM +AUDIT +SELINUX +IMA +APPARMOR +SMACK +SYSVINIT +UTMP +LIBCRYPTSETUP +GCRYPT +GNUTLS +ACL +XZ -LZ4 +SECCOMP +BLKID +ELFUTILS +KMOD -IDN)
[   12.008539] systemd[1]: Detected virtualization oracle.
[   12.010206] systemd[1]: Detected architecture x86-64.

Welcome to [1mUbuntu 16.04.6 LTS[0m!

[   12.042523] systemd[1]: Set hostname to <ubuntu>.
[   12.063072] systemd[1]: Initializing machine ID from random generator.
[   12.067636] systemd[1]: Installed transient /etc/machine-id file.
[   12.145763] random: nonblocking pool is initialized
[   13.082868] systemd[1]: Listening on Syslog Socket.
[[0;32m  OK  [0m] Listening on Syslog Socket.
[   13.109464] systemd[1]: Listening on Journal Socket (/dev/log).
[[0;32m  OK  [0m] Listening on Journal Socket (/dev/log).
[   13.113346] systemd[1]: Listening on /dev/initctl Compatibility Named Pipe.
[[0;32m  OK  [0m] Listening on /dev/initctl Compatibility Named Pipe.
[   13.122787] systemd[1]: Listening on udev Kernel Socket.
[[0;32m  OK  [0m] Listening on udev Kernel Socket.
[   13.126212] systemd[1]: Reached target System Time Synchronized.
[[0;32m  OK  [0m] Reached target System Time Synchronized.
[   13.140391] systemd[1]: Listening on Device-mapper event daemon FIFOs.
[[0;32m  OK  [0m] Listening on Device-mapper event daemon FIFOs.
[   13.144348] systemd[1]: Started Trigger resolvconf update for networkd DNS.
[[0;32m  OK  [0m] Started Trigger resolvconf update for networkd DNS.
[   13.169031] systemd[1]: Listening on LVM2 poll daemon socket.
[[0;32m  OK  [0m] Listening on LVM2 poll daemon socket.
[   13.242084] systemd[1]: Created slice System Slice.
[[0;32m  OK  [0m] Created slice System Slice.
[   13.245469] systemd[1]: Reached target Encrypted Volumes.
[[0;32m  OK  [0m] Reached target Encrypted Volumes.
[   13.280608] systemd[1]: Created slice User and Session Slice.
[[0;32m  OK  [0m] Created slice User and Session Slice.
[   13.284258] systemd[1]: Reached target Slices.
[[0;32m  OK  [0m] Reached target Slices.
[   13.288311] systemd[1]: Created slice system-serial\x2dgetty.slice.
[[0;32m  OK  [0m] Created slice system-serial\x2dgetty.slice.
[   13.295615] systemd[1]: Started Forward Password Requests to Wall Directory Watch.
[[0;32m  OK  [0m] Started Forward Password Requests to Wall Directory Watch.
[   13.311933] systemd[1]: Reached target Swap.
[[0;32m  OK  [0m] Reached target Swap.
[   13.315243] systemd[1]: Listening on Journal Audit Socket.
[[0;32m  OK  [0m] Listening on Journal Audit Socket.
[   13.329619] systemd[1]: Set up automount Arbitrary Executable File Formats File System Automount Point.
[[0;32m  OK  [0m] Set up automount Arbitrary Executab...ats File System Automount Point.
[   13.345995] systemd[1]: Listening on LVM2 metadata daemon socket.
[[0;32m  OK  [0m] Listening on LVM2 metadata daemon socket.
[   13.349718] systemd[1]: Reached target User and Group Name Lookups.
[[0;32m  OK  [0m] Reached target User and Group Name Lookups.
[   13.369276] systemd[1]: Listening on udev Control Socket.
[[0;32m  OK  [0m] Listening on udev Control Socket.
[   13.373122] systemd[1]: Listening on Journal Socket.
[[0;32m  OK  [0m] Listening on Journal Socket.
[   13.390775] systemd[1]: Starting Uncomplicated firewall...
         Starting Uncomplicated firewall...
[   13.421372] systemd[1]: Mounting POSIX Message Queue File System...
         Mounting POSIX Message Queue File System...
[   13.513653] systemd[1]: Starting Create list of required static device nodes for the current kernel...
         Starting Create list of required st... nodes for the current kernel...
[   13.588698] systemd[1]: Starting Set console keymap...
         Starting Set console keymap...
[   13.645239] systemd[1]: Starting Load Kernel Modules...
         Starting Load Kernel Modules...
[   13.680536] systemd[1]: Mounting Debug File System...
         Mounting Debug File System...
[   13.785118] Loading iSCSI transport class v2.0-870.
[   13.818693] systemd[1]: Starting Remount Root and Kernel File Systems...
         Starting Remount Root and Kernel File Systems...
[   13.871894] systemd[1]: Starting Monitoring of LVM2 mirrors, snapshots etc. using dmeventd or progress polling...
         [   13.942205] iscsi: registered transport (tcp)
Starting Monitoring of LVM2 mirrors... dmeventd or progress polling...
[   13.950750] systemd[1]: Starting Nameserver information manager...
[   13.995443] EXT4-fs (sda1): re-mounted. Opts: (null)
         Starting Nameserver information manager...
[   14.074202] systemd[1]: Starting Journal Service...
         Starting Journal Service...
[   14.146910] systemd[1]: Mounting Huge Pages File System...
         Mounting Huge Pages File System...
[   14.202715] systemd[1]: Mounted POSIX Message Queue File System.
[[0;32m  OK  [0m] Mounted POSIX Message Queue File System.
[   14.239528] systemd[1]: Mounted Debug File System.
[[0;32m  OK  [0m] Mounted Debug File System.
[   14.249987] systemd[1]: Started Uncomplicated firewall.
[[0;32m  OK  [0m] Started Uncomplicated firewall.
[   14.282070] systemd[1]: Started Create list of required static device nodes for the current kernel.
[[0;32m  OK  [0[   14.428720] iscsi: registered transport (iser)
m] Started Create list of required sta...ce nodes for the current kernel.
[   14.450965] systemd[1]: Started Remount Root and Kernel File Systems.
[[0;32m  OK  [0m] Started Remount Root and Kernel File Systems.
[   14.491571] systemd[1]: Mounted Huge Pages File System.
[[0;32m  OK  [0m] Mounted Huge Pages File System.
[   14.593482] systemd[1]: Started Set console keymap.
[[0;32m  OK  [0m] Started Set console keymap.
[   14.599395] systemd[1]: Started Load Kernel Modules.
[[0;32m  OK  [0m] Started Load Kernel Modules.
[   14.613118] systemd[1]: Started Nameserver information manager.
[[0;32m  OK  [0m] Started Nameserver information manager.
[   14.668734] systemd[1]: Started Journal Service.
[[0;32m  OK  [0m] Started Journal Service.
[[0;32m  OK  [0m] Started LVM2 metadata daemon.
         Starting Apply Kernel Variables...
         Mounting FUSE Control File System...
         Starting Flush Journal to Persistent Storage...
         Starting Load/Save Random Seed...
         Starting udev Coldplug all Devices...
         Starting Create Static Device Nodes in /dev...
[[0;32m  OK  [0m] Mounted FUSE Control File System.
[[0;32m  OK  [0m] Started Apply Kernel Variables.
[[0;32m  OK  [0m] Started Load/Save Random Seed.
[[0;32m  OK  [0m] Started Create Static Device Nodes in /dev.
[[0;32m  OK  [0m] Started Monitoring of LVM2 mirrors,...ng dmeventd or progress polling.
[[0;32m  OK  [0m] Started Flush Journal to Persistent Storage.
[[0;32m  OK  [0m] Reached target Local File Systems (Pre).
[[0;32m  OK  [0m] Reached target Local File Systems.
         Starting Set console font and keymap...
         Starting Tell Plymouth To Write Out Runtime Data...
         Starting Create Volatile Files and Directories...
         Starting LSB: AppArmor initialization...
         Starting Initial cloud-init job (pre-networking)...
         Starting Commit a transient machine-id on disk...
         Starting udev Kernel Device Manager...
[[0;32m  OK  [0m] Started udev Coldplug all Devices.
[[0;32m  OK  [0m] Started Tell Plymouth To Write Out Runtime Data.
[[0;32m  OK  [0m] Started Commit a transient machine-id on disk.
[[0;32m  OK  [0m] Started Create Volatile Files and Directories.
         Starting Update UTMP about System Boot/Shutdown...
[[0;32m  OK  [0m] Started Update UTMP about System Boot/Shutdown.
[[0;32m  OK  [0m] Started udev Kernel Device Manager.
[[0;32m  OK  [0m] Started Dispatch Password Requests to Console Directory Watch.
[[0;32m  OK  [0m] Found device /dev/ttyS0.
[[0;32m  OK  [0m] Listening on Load/Save RF Kill Switch Status /dev/rfkill Watch.
[[0;32m  OK  [0m] Started LSB: AppArmor initialization.
[   23.200707] cloud-init[467]: Cloud-init v. 19.1-1-gbaa47854-0ubuntu1~16.04.1 running 'init-local' at Thu, 29 Aug 2019 17:10:44 +0000. Up 20.75 seconds.
[[0;32m  OK  [0m] Started Initial cloud-init job (pre-networking).
[[0;32m  OK  [0m] Reached target Network (Pre).
         Starting Raise network interfaces...
[[0;32m  OK  [0m] Started Set console font and keymap.
[[0;32m  OK  [0m] Created slice system-getty.slice.
[[0;32m  OK  [0m] Started Raise network interfaces.
[[0;32m  OK  [0m] Reached target Network.
         Starting Initial cloud-init job (metadata service crawler)...
[   30.134193] cloud-init[952]: Cloud-init v. 19.1-1-gbaa47854-0ubuntu1~16.04.1 running 'init' at Thu, 29 Aug 2019 17:10:51 +0000. Up 27.50 seconds.
[[0;32m  OK  [0m] Started Initial cloud-init job (metadata service crawler).[   30.313422] cloud-init[952]: ci-info: ++++++++++++++++++++++++++++++++++++++Net device info+++++++++++++++++++++++++++++++++++++++
[   30.315416] cloud-init[952]: ci-info: +--------+-------+----------------------------+---------------+--------+-------------------+
[   30.315939] cloud-init[952]: ci-info: | Device |   Up  |          Address           |      Mask     | Scope  |     Hw-Address    |
[   30.316459] cloud-init[952]: ci-info: +--------+-------+----------------------------+---------------+--------+-------------------+
[   30.316981] cloud-init[952]: ci-info: | enp0s3 |  True |         10.0.2.15          | 255.255.255.0 | global | 02:1e:e5:6d:71:21 |
[   30.317504] cloud-init[952]: ci-info: | enp0s3 |  True | fe80::1e:e5ff:fe6d:7121/64 |       .       |  link  | 02:1e:e5:6d:71:21 |
[   30.318063] cloud-init[952]: ci-info: | enp0s8 | False |             .              |       .       |   .    | 08:00:27:47:f7:e3 |
[   30.318598] cloud-init[952]: ci-info: |   lo   |  True |         127.0.0.1          |   255.0.0.0   |  host  |         .         |
[   30.319120] cloud-init[952]: ci-info: |   lo   |  True |          ::1/128           |       .       |  host  |         .         |
[   30.319647] cloud-init[952]: ci-info: +--------+-------+----------------------------+---------------+--------+-------------------+

[   30.320475] cloud-init[952]: ci-info: +++++++++++++++++++++++++++Route IPv4 info++++++++++++++++++++++++++++
[   30.366098] cloud-init[952]: ci-info: +-------+-------------+----------+---------------+-----------+-------+
[   30.375272] cloud-init[[0;32m  OK  [0m] Reached target Cloud-config availability.
[[0;32m  OK  [0m] Reached target Network is Online.
         Starting iSCSI initiator daemon (iscsid)...
[[0;32m  OK  [0m] Reached target System Initialization.
[952]: ci-info: | Route | Destination | Gateway  |    Genmask    | Interface | Flags |
[[0;32m  OK  [0m] Started ACPI Events Check.[   30.432764] cloud-init[952]: ci-info: +-------+-------------+----------+---------------+-----------+-------+
[   30.434030] cloud-init[952]: ci-info: |   0   |   0.0.0.0   | 10.0.2.2 |    0.0.0.0    |   enp0s3  |   UG  |
[   30.434274] cloud-init[952]: ci-info: |   1   |   10.0.2.0  | 0.0.0.0  | 255.255.255.0 |   enp0s3  |   U   |
[   30.434499] cloud-init[952]: ci-info: +-------+-------------+----------+---------------+-----------+-------+
[   30.434755] cloud-init[952]: ci-info: +++++++++++++++++++Route IPv6 info+++++++++++++++++++
[   30.434973] cloud-init[952]: ci-info: +-------+-------------+---------+-----------+-------+
[   30.435195] cloud-init[952]: ci-info: | Route | Destination | Gateway | Interface | Flags |
[   30.435426] cloud-init[952]: ci-info: +-------+-------------+---------+-----------+-------+
[   30.435654] cloud-init[952]: ci-info: |   0   |  fe80::/64  |    ::   |   enp0s3  |   U   |
[   30.436803] cloud-init[952]: ci-info: |   4   |   ff00::/8  |    ::   |   enp0s3  |   U   |
[   30.437034] cloud-init[952]: ci-info: +-------+-------------+---------+-----------+-------+
[   30.437263] cloud-init[952]: Generating public/private rsa key pair.
[   30.437486] cloud-init[952]: Your identification has been saved in /etc/ssh/ssh_host_rsa_key.
[   30.437710] cloud-init[952]: Your public key has been saved in /etc/ssh/ssh_host_rsa_key.pub.
[   30.437931] cloud-init[952]: The key fingerprint is:
[   30.438155] cloud-init[952]: SHA256:vd/d35dJ3TlRaIzEG7c3jb0WYeD7Cpro1ijhUjIskL8 root@ubuntu-xenial
[   30.438384] cloud-init[952]: The key's randomart image is:
[   30.438603] cloud-init[952]: +---[RSA 2048]----+
[   30.438826] cloud-init[952]: |           o.+.. |
[   30.439080] cloud-init[952]: |            = =o.|
[   30.439313] cloud-init[952]: | .           *.++|
[   30.439534] cloud-init[952]: |o        .  . +++|

[[0;32m  OK  [0m] Reached target Paths.
[[0;32m  OK  [0m] Started Daily Cleanup of Temporary Directories.
[[0;32m  OK  [0m] Listening on D-Bus System Message Bus Socket.
         Starting Socket activation for snappy daemon.
[[0;32m  OK  [0m] Listening on UUID daemon activation socket.
[[0;32m  OK  [0m] Listening on ACPID Listen Socket.
[[0;32m  OK  [0m] Started Daily apt download activities.
[[0;32m  OK  [0m] Started Daily apt upgrade and clean activities.
[[0;32m  OK  [0m] Reached target Timers.
[   30.439755] cloud-init[952]: |...     S .  . .O|
         Starting LXD - unix socket.
[   30.725506] cloud-init[952]: | ..+ o     .  .*o|
[   30.758303] cloud-init[952]: |  ..= . o ..  o.+|[[0;32m  OK  [0m] Listening on Socket activation for snappy daemon.

[[0;32m  OK  [0m] Listening on LXD - unix socket.
[   30.801572] cloud-init[952]: |  E. o o..o....++|
[   30.833064] cloud-init[952]: |    . +o o  ... B|
[   30.849641] cloud-init[952]: +----[SHA256]-----+
[   30.859779] cloud-init[952]: Generating public/private dsa key pair.
[[0;32m  OK  [0m[   30.883182] cloud-init[952]: Your identification has been saved in /etc/ssh/ssh_host_dsa_key.
[   30.887813] ] Reached target Sockets.
[[0;32m  OK  [0m] Reached target Basic System.
cloud-init[952]: Your public key has been saved in /etc/ssh/ssh_host_dsa_key.pub.
[   30.897541] cloud-init[952]: The key fingerprint is:
[   30.900460] cloud-init[952]: SHA256:x+7CHhFl8oe5h/WqGcofi4yV11FEVfEOOZsB2wdLW8U root@ubuntu-xenial[[0;32m  OK  [0m] Started ACPI event daemon.

[   30.917843] cloud-init[952]: The key's randomart image is:
[   30.921066] cloud-init[952]: +---[DSA 1024]----+
         Starting LSB: MD monitoring daemon...
[   31.005727] cloud-init[952]: |        . o ..=+O|
         Starting Accounts Service...
[   31.104275] cloud-init[952]: |         = o * *E|
         Starting System Logging Service...
[   31.184230] cloud-init[952]: |        . + + X o|
         Starting Login Service...
         Starting Virtualbox guest utils...
[   31.260975] cloud-init[952]: |         o = o O |
         Starting Pollinate to seed the pseudo random number generator...
[   31.380078] cloud-init[952]: |        S = o + .|
[   31.413568] cloud-init[952]: |         = o o   |
[   31.414214] cloud-init[952]: |       .+ = o    |
[   31.414554] cloud-init[952]: |       =o* *     |
[   31.414859] cloud-init[952]: |      ..*o*      |
[   31.415140] cloud-init[952]: +----[SHA256]-----+
[   31.415410] cloud-init[952]: Generating public/private ecdsa key pair.
[   31.415629] cloud-init[952]: Your identification has been saved in /etc/ssh/ssh_host_ecdsa_key.
[   31.415857] cloud-init[952]: Your public key has been saved in /etc/ssh/ssh_host_ecdsa_key.pub.
[   31.416075] cloud-init[952]: The key fingerprint is:
[   31.416291] cloud-init[952]: SHA256:j96SBtrik82iynZ6L0Rzw01ci5IGWKfoxNsDtTdTXq4 root@ubuntu-xenial
[   31.416506] cloud-init[952]: The key's randomart image is:
[   31.416721] cloud-init[952]: +---[ECDSA 256]---+
[   31.416938] cloud-init[952]: |  o+ ....o       |
[   31.417156] cloud-init[952]: |..o = +o+ .      |
[   31.417373] cloud-init[952]: | = o.Boo o       |
[[0;32m  OK  [0m] Started Deferred execution scheduler.
[[   31.470528] [0;32m  OK  [0m] Started D-Bus System Message Bus.
cloud-init[952]: |o +oo++..        |
[   31.711033] cloud-init[952]: | o.oo .ES        |
[   31.728170] cloud-init[952]: |   .. .  o       |
[   31.735510] cloud-init[952]: |  .  * ....      |
[   31.741128] cloud-init[952]: |.. +* +.+.       |
[   31.743274] cloud-init[952]: |o+=o+= ....      |
[   31.784146] cloud-init[952]: +----[SHA256]-----+
[   31.797911] cloud-init[952]: Generating public/private ed25519 key pair.
[   31.816398] cloud-init[952]: Your identification has been saved in /etc/ssh/ssh_host_ed25519_key.
[   31.886143] cloud-init[952]: Your public key has been saved in /etc/ssh/ssh_host_ed25519_key.pub.
[   31.902377] cloud-init[952]: The key fingerprint is:
[   31.920232] cloud-init[952]: SHA256:VG3S8gC8rLfiJZXyb9dC85LiEIaLQwu21GVIYoi8s4c root@ubuntu-xenial[
[   31.961718] cloud-init[952]: The key's randomart image is:
[0;32m  OK  [0m] Started FUSE filesystem for LXC.
[   31.981378] cloud-init[952]: +--[ED25519 256]--+
[   32.024460] [[0;32m  OK  [0m] Started Regular background program processing daemon.
cloud-init[952]: |o.o .  ....o     |
         Starting LXD - container startup/shutdown...[   32.149031] cloud-init[952]: |oo o .  ..+ +    |

         Starting /etc/rc.local Compatibility...
         Starting LSB: Record successful boot for GRUB...[   32.249075] cloud-init[952]: |  . . o... *     |

         Starting Snappy daemon...
[[0;32m  OK  [0m] Started System Logging Service.
[[0;32m  OK  [0m] Started iSCSI initiator daemon (iscsid).
[[0;32m  OK  [0m] Started /etc/rc.local Compatibility.
[   32.442470] cloud-init[952]: | o . o oo.  .    |
[   32.542306] cloud-init[952]: |  B o o.S        |
[   32.618039] cloud-init[952]: | E = o.*..  o    |
[   32.700968] cloud-init[952]: |  o + o.+. . =   |
[   32.740000] cloud-init[952]: |     ..o.oo = o  |
[   32.818909] cloud-init[952]: |     ... ooo o   |
         Starting Login to default iSCSI targets...
[[0;32m  OK  [0m] Started Login Service.
[   32.943729] cloud-init[952]: +----[SHA256]-----+
         Starting Authenticate and Authorize Users to Run Privileged Tasks...
[[0;32m  OK  [0m] Started Unattended Upgrades Shutdown.
[[0;32m  OK  [0m] Started Login to default iSCSI targets.
[[0;32m  OK  [0m] Reached target Remote File Systems (Pre).
[[0;32m  OK  [0m] Reached target Remote File Systems.
         Starting LSB: Set the CPU Frequency Scaling governor to "ondemand"...
         Starting LSB: daemon to balance interrupts for SMP systems...
         Starting LSB: automatic crash report generation...
         Starting Permit User Sessions...
[[0;32m  OK  [0m] Started LSB: MD monitoring daemon.
[[0;32m  OK  [0m] Started Authenticate and Authorize Users to Run Privileged Tasks.
[[0;32m  OK  [0m] Started Permit User Sessions.
[[0;32m  OK  [0m] Started Accounts Service.
         Starting Terminate Plymouth Boot Screen...
         Starting Hold until boot process finishes up...
[[0;32m  OK  [0m] Started Terminate Plymouth Boot Screen.
[[0;32m  OK  [0m] Started Hold until boot process finishes up.
[[0;32m  OK  [0m] Started LSB: Record successful boot for GRUB.
[[0;32m  OK  [0m] Started Serial Getty on ttyS0.
[[0;32m  OK  [0m] Started Getty on tty1.
[[0;32m  OK  [0m] Reached target Login Prompts.
         Starting Set console scheme...
[[0;32m  OK  [0m] Started Set console scheme.
[[0;32m  OK  [0m] Started LXD - container startup/shutdown.
[[0;32m  OK  [0m] Started LSB: Set the CPU Frequency Scaling governor to "ondemand".
[[0;32m  OK  [0m] Started LSB: daemon to balance interrupts for SMP systems.
[[0;32m  OK  [0m] Started LSB: automatic crash report generation.
[[0;32m  OK  [0m] Started Virtualbox guest utils.
[[0;32m  OK  [0m] Started Snappy daemon.
         Starting Wait until snapd is fully seeded...
[[0;32m  OK  [0m] Started Pollinate to seed the pseudo random number generator.
         Starting OpenBSD Secure Shell server...
[[0;32m  OK  [0m] Started OpenBSD Secure Shell server.
[[0;32m  OK  [0m] Created slice User Slice of vagrant.
         Starting User Manager for UID 1000...
[[0;32m  OK  [0m] Started Session 1 of user vagrant.

Ubuntu 16.04.6 LTS ubuntu-xenial ttyS0

ubuntu-xenial login: [   44.388931] cloud-init[1395]: Generating locales (this might take a while)...
[   48.260428] cloud-init[1395]:   en_US.UTF-8... done
[   48.268432] cloud-init[1395]: Generation complete.
[   50.890135] cloud-init[1395]: Cloud-init v. 19.1-1-gbaa47854-0ubuntu1~16.04.1 running 'modules:config' at Thu, 29 Aug 2019 17:11:07 +0000. Up 43.61 seconds.
ci-info: no authorized ssh keys fingerprints found for user ubuntu.
<14>Aug 29 17:11:16 ec2: 
<14>Aug 29 17:11:16 ec2: #############################################################
<14>Aug 29 17:11:16 ec2: -----BEGIN SSH HOST KEY FINGERPRINTS-----
<14>Aug 29 17:11:16 ec2: 1024 SHA256:x+7CHhFl8oe5h/WqGcofi4yV11FEVfEOOZsB2wdLW8U root@ubuntu-xenial (DSA)
<14>Aug 29 17:11:16 ec2: 256 SHA256:j96SBtrik82iynZ6L0Rzw01ci5IGWKfoxNsDtTdTXq4 root@ubuntu-xenial (ECDSA)
<14>Aug 29 17:11:16 ec2: 256 SHA256:VG3S8gC8rLfiJZXyb9dC85LiEIaLQwu21GVIYoi8s4c root@ubuntu-xenial (ED25519)
<14>Aug 29 17:11:16 ec2: 2048 SHA256:vd/d35dJ3TlRaIzEG7c3jb0WYeD7Cpro1ijhUjIskL8 root@ubuntu-xenial (RSA)
<14>Aug 29 17:11:16 ec2: -----END SSH HOST KEY FINGERPRINTS-----
<14>Aug 29 17:11:16 ec2: #############################################################
-----BEGIN SSH HOST KEY KEYS-----
ecdsa-sha2-nistp256 AAAAE2VjZHNhLXNoYTItbmlzdHAyNTYAAAAIbmlzdHAyNTYAAABBBJs11r6qQ+SYDSLXgu0R+PJN/wVmj0BmZ9J0QUIdzUJC0IkJC7WXEVuFEOC5UQknMUQ/qpRvlLDOHm2U9iD1Btk= root@ubuntu-xenial
ssh-ed25519 AAAAC3NzaC1lZDI1NTE5AAAAIJs0ln9vEQKcuV0T08Fu5Bn05OZgi35RG3qT3Eh5+yGi root@ubuntu-xenial
ssh-rsa AAAAB3NzaC1yc2EAAAADAQABAAABAQDJaIdc0IJGrVPVu97hZqiq8rtf0GKbvkJIXEOfNuPiOcCQMM4jeNhd7c/wfineBWARKlDzJyFkMOOVLlPx2Xt7ONb3ij6AiGj1PeIWzKmJJ62D3VlwRQAjMQlSlb7FmNksT2sVR/fxL/9OXfKJHOKYagAE3t7lYUhv/aTNtI4pcM+UZ6QHEDqjgG9IVlfvwizBMiWZ5WxFGpsZ28wh/Z38++F6YdYurBP+V7WF73PNNEtmQDIdgxW6obZVIyDyz5lkxiuWjcoSy4HtU0ogqOSxgJOtkXj+85FJyra8hnZys5N/sLBnZ0QqxJg7FWoEOZm7XHlDLKtWfo0oJajrO5jf root@ubuntu-xenial
-----END SSH HOST KEY KEYS-----
[   53.473227] cloud-init[1568]: Cloud-init v. 19.1-1-gbaa47854-0ubuntu1~16.04.1 running 'modules:final' at Thu, 29 Aug 2019 17:11:16 +0000. Up 52.81 seconds.
[   53.474165] cloud-init[1568]: ci-info: no authorized ssh keys fingerprints found for user ubuntu.
[   53.474760] cloud-init[1568]: Cloud-init v. 19.1-1-gbaa47854-0ubuntu1~16.04.1 finished at Thu, 29 Aug 2019 17:11:16 +0000. Datasource DataSourceNoCloud [seed=/dev/sdb][dsmode=net].  Up 53.43 seconds
